<?xml version="1.0" encoding="UTF-8"?>
<coverage generated="1627512184258" clover="3.2.0">
  <project timestamp="1627512184258" name="All files">
    <metrics statements="472" coveredstatements="330" conditionals="316" coveredconditionals="190" methods="61" coveredmethods="41" elements="849" coveredelements="561" complexity="0" loc="472" ncloc="472" packages="4" files="11" classes="11"/>
    <package name="react-dj-table">
      <metrics statements="41" coveredstatements="39" conditionals="44" coveredconditionals="36" methods="4" coveredmethods="4"/>
      <file name="index.js" path="C:\Users\Me\source\React-Dynamic-Json-Table\src\components\react-dj-table\index.js">
        <metrics statements="41" coveredstatements="39" conditionals="44" coveredconditionals="36" methods="4" coveredmethods="4"/>
        <line num="13" count="7" type="stmt"/>
        <line num="15" count="37" type="cond" truecount="1" falsecount="1"/>
        <line num="16" count="37" type="cond" truecount="1" falsecount="1"/>
        <line num="17" count="37" type="stmt"/>
        <line num="18" count="37" type="cond" truecount="2" falsecount="0"/>
        <line num="19" count="37" type="stmt"/>
        <line num="20" count="37" type="cond" truecount="2" falsecount="0"/>
        <line num="21" count="37" type="stmt"/>
        <line num="22" count="37" type="stmt"/>
        <line num="23" count="37" type="cond" truecount="2" falsecount="0"/>
        <line num="24" count="37" type="cond" truecount="2" falsecount="0"/>
        <line num="25" count="37" type="stmt"/>
        <line num="26" count="37" type="cond" truecount="2" falsecount="0"/>
        <line num="27" count="37" type="cond" truecount="2" falsecount="0"/>
        <line num="28" count="37" type="cond" truecount="2" falsecount="0"/>
        <line num="29" count="37" type="stmt"/>
        <line num="30" count="37" type="cond" truecount="1" falsecount="1"/>
        <line num="31" count="0" type="stmt"/>
        <line num="33" count="37" type="cond" truecount="2" falsecount="0"/>
        <line num="34" count="37" type="cond" truecount="2" falsecount="0"/>
        <line num="35" count="37" type="stmt"/>
        <line num="37" count="37" type="stmt"/>
        <line num="38" count="35" type="stmt"/>
        <line num="41" count="37" type="cond" truecount="2" falsecount="0"/>
        <line num="42" count="35" type="cond" truecount="1" falsecount="1"/>
        <line num="44" count="37" type="stmt"/>
        <line num="46" count="37" type="stmt"/>
        <line num="51" count="37" type="stmt"/>
        <line num="53" count="37" type="stmt"/>
        <line num="54" count="11" type="stmt"/>
        <line num="55" count="11" type="stmt"/>
        <line num="59" count="37" type="cond" truecount="2" falsecount="0"/>
        <line num="60" count="37" type="stmt"/>
        <line num="61" count="37" type="cond" truecount="2" falsecount="0"/>
        <line num="62" count="37" type="stmt"/>
        <line num="64" count="8" type="cond" truecount="1" falsecount="1"/>
        <line num="65" count="8" type="cond" truecount="1" falsecount="1"/>
        <line num="66" count="0" type="stmt"/>
        <line num="71" count="37" type="stmt"/>
        <line num="111" count="7" type="stmt"/>
        <line num="122" count="7" type="stmt"/>
      </file>
    </package>
    <package name="react-dj-table.children">
      <metrics statements="195" coveredstatements="163" conditionals="148" coveredconditionals="111" methods="40" coveredmethods="26"/>
      <file name="cells.js" path="C:\Users\Me\source\React-Dynamic-Json-Table\src\components\react-dj-table\children\cells.js">
        <metrics statements="52" coveredstatements="44" conditionals="46" coveredconditionals="37" methods="8" coveredmethods="5"/>
        <line num="19" count="9" type="stmt"/>
        <line num="20" count="289" type="stmt"/>
        <line num="21" count="289" type="cond" truecount="2" falsecount="0"/>
        <line num="22" count="289" type="stmt"/>
        <line num="23" count="289" type="cond" truecount="2" falsecount="0"/>
        <line num="24" count="289" type="cond" truecount="2" falsecount="0"/>
        <line num="25" count="289" type="cond" truecount="2" falsecount="0"/>
        <line num="26" count="289" type="cond" truecount="2" falsecount="0"/>
        <line num="27" count="289" type="cond" truecount="2" falsecount="0"/>
        <line num="28" count="289" type="stmt"/>
        <line num="29" count="289" type="stmt"/>
        <line num="31" count="1" type="stmt"/>
        <line num="32" count="1" type="cond" truecount="1" falsecount="1"/>
        <line num="33" count="0" type="stmt"/>
        <line num="34" count="0" type="stmt"/>
        <line num="37" count="1" type="stmt"/>
        <line num="38" count="1" type="stmt"/>
        <line num="42" count="289" type="stmt"/>
        <line num="43" count="289" type="stmt"/>
        <line num="45" count="2308" type="cond" truecount="1" falsecount="1"/>
        <line num="47" count="2308" type="stmt"/>
        <line num="49" count="2308" type="stmt"/>
        <line num="51" count="2308" type="stmt"/>
        <line num="53" count="2308" type="cond" truecount="2" falsecount="0"/>
        <line num="56" count="2308" type="cond" truecount="2" falsecount="0"/>
        <line num="57" count="56" type="stmt"/>
        <line num="58" count="56" type="cond" truecount="1" falsecount="1"/>
        <line num="60" count="56" type="cond" truecount="1" falsecount="1"/>
        <line num="61" count="0" type="stmt"/>
        <line num="64" count="56" type="cond" truecount="1" falsecount="1"/>
        <line num="65" count="0" type="stmt"/>
        <line num="68" count="56" type="cond" truecount="4" falsecount="0"/>
        <line num="69" count="7" type="stmt"/>
        <line num="72" count="49" type="cond" truecount="1" falsecount="1"/>
        <line num="73" count="0" type="stmt"/>
        <line num="76" count="49" type="cond" truecount="2" falsecount="0"/>
        <line num="77" count="7" type="stmt"/>
        <line num="80" count="42" type="stmt"/>
        <line num="85" count="2252" type="cond" truecount="1" falsecount="1"/>
        <line num="86" count="0" type="stmt"/>
        <line num="92" count="2252" type="cond" truecount="1" falsecount="1"/>
        <line num="93" count="0" type="stmt"/>
        <line num="97" count="2252" type="cond" truecount="4" falsecount="0"/>
        <line num="98" count="283" type="stmt"/>
        <line num="105" count="1969" type="cond" truecount="1" falsecount="1"/>
        <line num="106" count="0" type="stmt"/>
        <line num="113" count="1969" type="cond" truecount="2" falsecount="0"/>
        <line num="114" count="248" type="stmt"/>
        <line num="119" count="1721" type="stmt"/>
        <line num="123" count="289" type="stmt"/>
        <line num="125" count="9" type="stmt"/>
        <line num="135" count="9" type="stmt"/>
      </file>
      <file name="crud.js" path="C:\Users\Me\source\React-Dynamic-Json-Table\src\components\react-dj-table\children\crud.js">
        <metrics statements="22" coveredstatements="18" conditionals="10" coveredconditionals="8" methods="3" coveredmethods="3"/>
        <line num="6" count="35" type="stmt"/>
        <line num="7" count="5" type="stmt"/>
        <line num="8" count="5" type="cond" truecount="4" falsecount="2"/>
        <line num="10" count="1" type="stmt"/>
        <line num="11" count="1" type="stmt"/>
        <line num="12" count="1" type="stmt"/>
        <line num="14" count="1" type="stmt"/>
        <line num="15" count="1" type="stmt"/>
        <line num="16" count="1" type="stmt"/>
        <line num="18" count="2" type="stmt"/>
        <line num="19" count="2" type="stmt"/>
        <line num="20" count="2" type="stmt"/>
        <line num="22" count="1" type="stmt"/>
        <line num="23" count="1" type="stmt"/>
        <line num="24" count="1" type="stmt"/>
        <line num="26" count="0" type="stmt"/>
        <line num="27" count="0" type="stmt"/>
        <line num="28" count="0" type="stmt"/>
        <line num="30" count="0" type="stmt"/>
        <line num="33" count="35" type="stmt"/>
        <line num="34" count="35" type="stmt"/>
        <line num="47" count="35" type="stmt"/>
      </file>
      <file name="filterCols.js" path="C:\Users\Me\source\React-Dynamic-Json-Table\src\components\react-dj-table\children\filterCols.js">
        <metrics statements="13" coveredstatements="11" conditionals="6" coveredconditionals="4" methods="5" coveredmethods="3"/>
        <line num="4" count="1" type="stmt"/>
        <line num="5" count="1" type="stmt"/>
        <line num="6" count="1" type="cond" truecount="2" falsecount="0"/>
        <line num="7" count="1" type="stmt"/>
        <line num="9" count="1" type="stmt"/>
        <line num="10" count="0" type="stmt"/>
        <line num="14" count="1" type="stmt"/>
        <line num="16" count="1" type="stmt"/>
        <line num="17" count="8" type="cond" truecount="1" falsecount="1"/>
        <line num="19" count="8" type="cond" truecount="1" falsecount="1"/>
        <line num="20" count="0" type="stmt"/>
        <line num="25" count="8" type="stmt"/>
        <line num="29" count="1" type="stmt"/>
      </file>
      <file name="globalsearch.js" path="C:\Users\Me\source\React-Dynamic-Json-Table\src\components\react-dj-table\children\globalsearch.js">
        <metrics statements="5" coveredstatements="3" conditionals="0" coveredconditionals="0" methods="2" coveredmethods="1"/>
        <line num="6" count="1" type="stmt"/>
        <line num="8" count="1" type="stmt"/>
        <line num="9" count="0" type="stmt"/>
        <line num="10" count="0" type="stmt"/>
        <line num="12" count="1" type="stmt"/>
      </file>
      <file name="pager.js" path="C:\Users\Me\source\React-Dynamic-Json-Table\src\components\react-dj-table\children\pager.js">
        <metrics statements="51" coveredstatements="42" conditionals="40" coveredconditionals="28" methods="8" coveredmethods="6"/>
        <line num="6" count="36" type="stmt"/>
        <line num="9" count="6" type="stmt"/>
        <line num="10" count="6" type="stmt"/>
        <line num="12" count="36" type="stmt"/>
        <line num="13" count="1" type="stmt"/>
        <line num="14" count="1" type="stmt"/>
        <line num="15" count="1" type="stmt"/>
        <line num="16" count="1" type="cond" truecount="3" falsecount="1"/>
        <line num="17" count="1" type="stmt"/>
        <line num="20" count="1" type="stmt"/>
        <line num="22" count="36" type="stmt"/>
        <line num="23" count="0" type="stmt"/>
        <line num="24" count="0" type="stmt"/>
        <line num="25" count="0" type="cond" truecount="0" falsecount="4"/>
        <line num="26" count="0" type="stmt"/>
        <line num="30" count="36" type="stmt"/>
        <line num="31" count="36" type="stmt"/>
        <line num="32" count="36" type="cond" truecount="4" falsecount="0"/>
        <line num="34" count="17" type="stmt"/>
        <line num="35" count="17" type="cond" truecount="1" falsecount="1"/>
        <line num="36" count="17" type="stmt"/>
        <line num="39" count="36" type="cond" truecount="1" falsecount="1"/>
        <line num="40" count="36" type="stmt"/>
        <line num="43" count="36" type="cond" truecount="1" falsecount="1"/>
        <line num="44" count="0" type="stmt"/>
        <line num="47" count="36" type="cond" truecount="1" falsecount="1"/>
        <line num="48" count="0" type="stmt"/>
        <line num="51" count="36" type="cond" truecount="1" falsecount="1"/>
        <line num="52" count="0" type="stmt"/>
        <line num="55" count="36" type="cond" truecount="1" falsecount="1"/>
        <line num="56" count="0" type="stmt"/>
        <line num="58" count="36" type="stmt"/>
        <line num="61" count="36" type="stmt"/>
        <line num="62" count="36" type="stmt"/>
        <line num="66" count="36" type="stmt"/>
        <line num="67" count="144" type="stmt"/>
        <line num="68" count="144" type="stmt"/>
        <line num="70" count="144" type="cond" truecount="2" falsecount="0"/>
        <line num="71" count="36" type="cond" truecount="2" falsecount="0"/>
        <line num="72" count="36" type="stmt"/>
        <line num="78" count="108" type="cond" truecount="2" falsecount="0"/>
        <line num="79" count="36" type="cond" truecount="2" falsecount="0"/>
        <line num="80" count="36" type="stmt"/>
        <line num="84" count="72" type="cond" truecount="2" falsecount="0"/>
        <line num="85" count="36" type="cond" truecount="2" falsecount="0"/>
        <line num="86" count="36" type="stmt"/>
        <line num="91" count="36" type="cond" truecount="1" falsecount="1"/>
        <line num="92" count="36" type="cond" truecount="2" falsecount="0"/>
        <line num="93" count="36" type="stmt"/>
        <line num="108" count="0" type="stmt"/>
        <line num="112" count="36" type="stmt"/>
      </file>
      <file name="rows.js" path="C:\Users\Me\source\React-Dynamic-Json-Table\src\components\react-dj-table\children\rows.js">
        <metrics statements="31" coveredstatements="27" conditionals="28" coveredconditionals="21" methods="5" coveredmethods="5"/>
        <line num="5" count="8" type="stmt"/>
        <line num="6" count="38" type="cond" truecount="1" falsecount="1"/>
        <line num="7" count="38" type="cond" truecount="2" falsecount="0"/>
        <line num="8" count="38" type="cond" truecount="2" falsecount="0"/>
        <line num="9" count="38" type="stmt"/>
        <line num="10" count="38" type="cond" truecount="1" falsecount="1"/>
        <line num="11" count="38" type="cond" truecount="2" falsecount="0"/>
        <line num="14" count="3" type="stmt"/>
        <line num="15" count="3" type="stmt"/>
        <line num="16" count="31" type="stmt"/>
        <line num="17" count="31" type="cond" truecount="2" falsecount="0"/>
        <line num="18" count="3" type="stmt"/>
        <line num="22" count="3" type="stmt"/>
        <line num="24" count="3" type="cond" truecount="1" falsecount="1"/>
        <line num="31" count="3" type="cond" truecount="1" falsecount="1"/>
        <line num="32" count="0" type="stmt"/>
        <line num="33" count="0" type="stmt"/>
        <line num="34" count="0" type="stmt"/>
        <line num="35" count="0" type="stmt"/>
        <line num="37" count="3" type="cond" truecount="3" falsecount="1"/>
        <line num="40" count="1" type="stmt"/>
        <line num="43" count="2" type="stmt"/>
        <line num="44" count="2" type="stmt"/>
        <line num="45" count="2" type="stmt"/>
        <line num="54" count="38" type="stmt"/>
        <line num="55" count="38" type="stmt"/>
        <line num="56" count="288" type="stmt"/>
        <line num="57" count="288" type="cond" truecount="4" falsecount="0"/>
        <line num="58" count="7" type="cond" truecount="1" falsecount="1"/>
        <line num="62" count="281" type="cond" truecount="1" falsecount="1"/>
        <line num="70" count="38" type="stmt"/>
      </file>
      <file name="thead.js" path="C:\Users\Me\source\React-Dynamic-Json-Table\src\components\react-dj-table\children\thead.js">
        <metrics statements="21" coveredstatements="18" conditionals="18" coveredconditionals="13" methods="9" coveredmethods="3"/>
        <line num="6" count="8" type="stmt"/>
        <line num="7" count="38" type="stmt"/>
        <line num="8" count="38" type="cond" truecount="2" falsecount="0"/>
        <line num="9" count="38" type="cond" truecount="1" falsecount="1"/>
        <line num="10" count="38" type="cond" truecount="2" falsecount="0"/>
        <line num="11" count="38" type="cond" truecount="2" falsecount="0"/>
        <line num="12" count="38" type="cond" truecount="2" falsecount="0"/>
        <line num="13" count="38" type="stmt"/>
        <line num="14" count="38" type="stmt"/>
        <line num="15" count="38" type="stmt"/>
        <line num="19" count="304" type="cond" truecount="1" falsecount="1"/>
        <line num="20" count="304" type="stmt"/>
        <line num="21" count="304" type="stmt"/>
        <line num="25" count="304" type="cond" truecount="1" falsecount="1"/>
        <line num="26" count="0" type="stmt"/>
        <line num="28" count="304" type="cond" truecount="1" falsecount="1"/>
        <line num="29" count="0" type="stmt"/>
        <line num="31" count="304" type="cond" truecount="1" falsecount="1"/>
        <line num="32" count="0" type="stmt"/>
        <line num="35" count="304" type="stmt"/>
        <line num="39" count="38" type="stmt"/>
      </file>
    </package>
    <package name="react-dj-table.reducers">
      <metrics statements="191" coveredstatements="100" conditionals="81" coveredconditionals="28" methods="3" coveredmethods="3"/>
      <file name="actions.js" path="C:\Users\Me\source\React-Dynamic-Json-Table\src\components\react-dj-table\reducers\actions.js">
        <metrics statements="1" coveredstatements="1" conditionals="0" coveredconditionals="0" methods="0" coveredmethods="0"/>
        <line num="1" count="13" type="stmt"/>
      </file>
      <file name="tableReducer.js" path="C:\Users\Me\source\React-Dynamic-Json-Table\src\components\react-dj-table\reducers\tableReducer.js">
        <metrics statements="190" coveredstatements="99" conditionals="81" coveredconditionals="28" methods="3" coveredmethods="3"/>
        <line num="5" count="7" type="stmt"/>
        <line num="8" count="28" type="stmt"/>
        <line num="9" count="17" type="stmt"/>
        <line num="12" count="28" type="stmt"/>
        <line num="13" count="18" type="cond" truecount="1" falsecount="1"/>
        <line num="14" count="0" type="stmt"/>
        <line num="15" count="0" type="stmt"/>
        <line num="17" count="18" type="stmt"/>
        <line num="18" count="18" type="stmt"/>
        <line num="19" count="18" type="stmt"/>
        <line num="20" count="18" type="stmt"/>
        <line num="21" count="18" type="stmt"/>
        <line num="22" count="18" type="stmt"/>
        <line num="23" count="18" type="stmt"/>
        <line num="24" count="18" type="stmt"/>
        <line num="25" count="18" type="stmt"/>
        <line num="26" count="18" type="stmt"/>
        <line num="29" count="28" type="cond" truecount="13" falsecount="12"/>
        <line num="32" count="11" type="stmt"/>
        <line num="33" count="11" type="stmt"/>
        <line num="34" count="11" type="stmt"/>
        <line num="35" count="11" type="cond" truecount="1" falsecount="1"/>
        <line num="36" count="11" type="cond" truecount="2" falsecount="0"/>
        <line num="37" count="11" type="cond" truecount="2" falsecount="0"/>
        <line num="38" count="10" type="cond" truecount="3" falsecount="1"/>
        <line num="40" count="11" type="stmt"/>
        <line num="42" count="0" type="stmt"/>
        <line num="43" count="0" type="stmt"/>
        <line num="44" count="0" type="stmt"/>
        <line num="45" count="0" type="stmt"/>
        <line num="46" count="0" type="cond" truecount="0" falsecount="2"/>
        <line num="47" count="0" type="cond" truecount="0" falsecount="2"/>
        <line num="49" count="0" type="stmt"/>
        <line num="51" count="0" type="stmt"/>
        <line num="53" count="0" type="stmt"/>
        <line num="54" count="0" type="stmt"/>
        <line num="55" count="0" type="cond" truecount="0" falsecount="2"/>
        <line num="56" count="0" type="stmt"/>
        <line num="59" count="0" type="stmt"/>
        <line num="61" count="0" type="stmt"/>
        <line num="63" count="0" type="cond" truecount="0" falsecount="2"/>
        <line num="64" count="0" type="stmt"/>
        <line num="65" count="0" type="stmt"/>
        <line num="66" count="0" type="stmt"/>
        <line num="69" count="0" type="stmt"/>
        <line num="70" count="0" type="stmt"/>
        <line num="72" count="0" type="stmt"/>
        <line num="74" count="1" type="stmt"/>
        <line num="75" count="1" type="stmt"/>
        <line num="76" count="1" type="stmt"/>
        <line num="77" count="1" type="stmt"/>
        <line num="78" count="1" type="stmt"/>
        <line num="81" count="1" type="stmt"/>
        <line num="82" count="1" type="stmt"/>
        <line num="83" count="1" type="stmt"/>
        <line num="84" count="1" type="stmt"/>
        <line num="87" count="3" type="stmt"/>
        <line num="88" count="3" type="stmt"/>
        <line num="89" count="3" type="stmt"/>
        <line num="90" count="3" type="stmt"/>
        <line num="93" count="1" type="stmt"/>
        <line num="94" count="1" type="cond" truecount="1" falsecount="1"/>
        <line num="95" count="1" type="stmt"/>
        <line num="96" count="1" type="stmt"/>
        <line num="99" count="1" type="stmt"/>
        <line num="100" count="1" type="cond" truecount="1" falsecount="1"/>
        <line num="101" count="1" type="stmt"/>
        <line num="102" count="1" type="stmt"/>
        <line num="105" count="2" type="stmt"/>
        <line num="106" count="2" type="stmt"/>
        <line num="109" count="2" type="stmt"/>
        <line num="110" count="2" type="stmt"/>
        <line num="111" count="2" type="stmt"/>
        <line num="112" count="2" type="stmt"/>
        <line num="113" count="2" type="stmt"/>
        <line num="116" count="1" type="stmt"/>
        <line num="117" count="1" type="stmt"/>
        <line num="118" count="1" type="stmt"/>
        <line num="119" count="1" type="stmt"/>
        <line num="120" count="1" type="cond" truecount="1" falsecount="1"/>
        <line num="121" count="1" type="stmt"/>
        <line num="123" count="1" type="cond" truecount="1" falsecount="1"/>
        <line num="124" count="0" type="stmt"/>
        <line num="126" count="1" type="stmt"/>
        <line num="127" count="1" type="stmt"/>
        <line num="130" count="0" type="stmt"/>
        <line num="131" count="0" type="stmt"/>
        <line num="132" count="0" type="stmt"/>
        <line num="133" count="0" type="stmt"/>
        <line num="134" count="0" type="stmt"/>
        <line num="135" count="0" type="stmt"/>
        <line num="136" count="0" type="stmt"/>
        <line num="137" count="0" type="stmt"/>
        <line num="139" count="0" type="stmt"/>
        <line num="140" count="0" type="stmt"/>
        <line num="142" count="0" type="stmt"/>
        <line num="143" count="0" type="stmt"/>
        <line num="144" count="0" type="stmt"/>
        <line num="145" count="0" type="stmt"/>
        <line num="146" count="0" type="cond" truecount="0" falsecount="2"/>
        <line num="147" count="0" type="stmt"/>
        <line num="149" count="0" type="cond" truecount="0" falsecount="2"/>
        <line num="150" count="0" type="stmt"/>
        <line num="152" count="0" type="stmt"/>
        <line num="153" count="0" type="stmt"/>
        <line num="155" count="0" type="stmt"/>
        <line num="156" count="0" type="cond" truecount="0" falsecount="2"/>
        <line num="158" count="0" type="cond" truecount="0" falsecount="2"/>
        <line num="159" count="0" type="stmt"/>
        <line num="161" count="0" type="stmt"/>
        <line num="162" count="0" type="stmt"/>
        <line num="163" count="0" type="cond" truecount="0" falsecount="2"/>
        <line num="164" count="0" type="stmt"/>
        <line num="165" count="0" type="cond" truecount="0" falsecount="2"/>
        <line num="167" count="0" type="stmt"/>
        <line num="169" count="0" type="cond" truecount="0" falsecount="2"/>
        <line num="170" count="0" type="stmt"/>
        <line num="174" count="1" type="stmt"/>
        <line num="175" count="1" type="stmt"/>
        <line num="176" count="1" type="stmt"/>
        <line num="177" count="1" type="stmt"/>
        <line num="178" count="1" type="cond" truecount="1" falsecount="1"/>
        <line num="180" count="1" type="stmt"/>
        <line num="181" count="1" type="stmt"/>
        <line num="183" count="1" type="stmt"/>
        <line num="184" count="1" type="stmt"/>
        <line num="185" count="1" type="stmt"/>
        <line num="186" count="1" type="stmt"/>
        <line num="187" count="1" type="stmt"/>
        <line num="188" count="1" type="stmt"/>
        <line num="189" count="1" type="stmt"/>
        <line num="190" count="1" type="stmt"/>
        <line num="191" count="1" type="stmt"/>
        <line num="192" count="1" type="stmt"/>
        <line num="194" count="1" type="stmt"/>
        <line num="195" count="1" type="stmt"/>
        <line num="197" count="2" type="stmt"/>
        <line num="198" count="2" type="stmt"/>
        <line num="199" count="2" type="stmt"/>
        <line num="200" count="2" type="stmt"/>
        <line num="201" count="2" type="stmt"/>
        <line num="202" count="2" type="cond" truecount="1" falsecount="1"/>
        <line num="203" count="2" type="stmt"/>
        <line num="204" count="2" type="stmt"/>
        <line num="205" count="2" type="stmt"/>
        <line num="206" count="2" type="stmt"/>
        <line num="207" count="2" type="stmt"/>
        <line num="209" count="2" type="stmt"/>
        <line num="211" count="1" type="stmt"/>
        <line num="212" count="1" type="stmt"/>
        <line num="213" count="1" type="stmt"/>
        <line num="215" count="0" type="stmt"/>
        <line num="216" count="0" type="stmt"/>
        <line num="217" count="0" type="stmt"/>
        <line num="218" count="0" type="stmt"/>
        <line num="220" count="1" type="stmt"/>
        <line num="221" count="1" type="stmt"/>
        <line num="222" count="1" type="stmt"/>
        <line num="223" count="1" type="stmt"/>
        <line num="225" count="0" type="stmt"/>
        <line num="226" count="0" type="stmt"/>
        <line num="227" count="0" type="stmt"/>
        <line num="228" count="0" type="stmt"/>
        <line num="229" count="0" type="stmt"/>
        <line num="230" count="0" type="stmt"/>
        <line num="231" count="0" type="stmt"/>
        <line num="232" count="0" type="stmt"/>
        <line num="233" count="0" type="stmt"/>
        <line num="235" count="0" type="cond" truecount="0" falsecount="2"/>
        <line num="236" count="0" type="stmt"/>
        <line num="237" count="0" type="stmt"/>
        <line num="238" count="0" type="stmt"/>
        <line num="239" count="0" type="stmt"/>
        <line num="240" count="0" type="stmt"/>
        <line num="241" count="0" type="stmt"/>
        <line num="242" count="0" type="stmt"/>
        <line num="243" count="0" type="stmt"/>
        <line num="245" count="0" type="cond" truecount="0" falsecount="2"/>
        <line num="246" count="0" type="stmt"/>
        <line num="247" count="0" type="cond" truecount="0" falsecount="4"/>
        <line num="248" count="0" type="cond" truecount="0" falsecount="2"/>
        <line num="249" count="0" type="stmt"/>
        <line num="252" count="0" type="stmt"/>
        <line num="253" count="0" type="stmt"/>
        <line num="254" count="0" type="stmt"/>
        <line num="255" count="0" type="stmt"/>
        <line num="256" count="0" type="stmt"/>
        <line num="257" count="0" type="stmt"/>
        <line num="259" count="0" type="stmt"/>
        <line num="261" count="0" type="stmt"/>
      </file>
    </package>
    <package name="react-dj-table.utils">
      <metrics statements="45" coveredstatements="28" conditionals="43" coveredconditionals="15" methods="14" coveredmethods="8"/>
      <file name="utils.js" path="C:\Users\Me\source\React-Dynamic-Json-Table\src\components\react-dj-table\utils\utils.js">
        <metrics statements="45" coveredstatements="28" conditionals="43" coveredconditionals="15" methods="14" coveredmethods="8"/>
        <line num="3" count="12" type="cond" truecount="0" falsecount="1"/>
        <line num="4" count="0" type="stmt"/>
        <line num="5" count="0" type="stmt"/>
        <line num="8" count="0" type="cond" truecount="0" falsecount="4"/>
        <line num="9" count="0" type="cond" truecount="0" falsecount="2"/>
        <line num="10" count="0" type="cond" truecount="0" falsecount="4"/>
        <line num="15" count="1" type="stmt"/>
        <line num="16" count="0" type="stmt"/>
        <line num="17" count="0" type="cond" truecount="0" falsecount="2"/>
        <line num="22" count="2" type="stmt"/>
        <line num="23" count="2" type="stmt"/>
        <line num="24" count="16" type="stmt"/>
        <line num="25" count="16" type="cond" truecount="2" falsecount="0"/>
        <line num="26" count="2" type="stmt"/>
        <line num="29" count="16" type="cond" truecount="2" falsecount="0"/>
        <line num="31" count="2" type="stmt"/>
        <line num="32" count="2" type="stmt"/>
        <line num="35" count="16" type="cond" truecount="2" falsecount="0"/>
        <line num="36" count="4" type="stmt"/>
        <line num="37" count="4" type="stmt"/>
        <line num="40" count="16" type="cond" truecount="2" falsecount="0"/>
        <line num="41" count="8" type="stmt"/>
        <line num="43" count="16" type="stmt"/>
        <line num="45" count="2" type="stmt"/>
        <line num="48" count="1" type="stmt"/>
        <line num="51" count="1" type="stmt"/>
        <line num="56" count="145" type="stmt"/>
        <line num="60" count="1" type="stmt"/>
        <line num="61" count="1" type="cond" truecount="3" falsecount="1"/>
        <line num="62" count="0" type="stmt"/>
        <line num="65" count="1" type="cond" truecount="1" falsecount="1"/>
        <line num="66" count="1" type="cond" truecount="1" falsecount="1"/>
        <line num="68" count="1" type="stmt"/>
        <line num="69" count="1" type="cond" truecount="1" falsecount="1"/>
        <line num="70" count="1" type="stmt"/>
        <line num="71" count="0" type="cond" truecount="0" falsecount="2"/>
        <line num="72" count="0" type="stmt"/>
        <line num="74" count="1" type="cond" truecount="1" falsecount="1"/>
        <line num="83" count="0" type="cond" truecount="0" falsecount="4"/>
        <line num="84" count="0" type="stmt"/>
        <line num="87" count="0" type="stmt"/>
        <line num="88" count="0" type="cond" truecount="0" falsecount="2"/>
        <line num="89" count="0" type="stmt"/>
        <line num="93" count="0" type="stmt"/>
        <line num="94" count="0" type="stmt"/>
      </file>
    </package>
  </project>
</coverage>
