{"C:\\Users\\Me\\source\\React-Dynamic-Json-Table\\src\\components\\react-dj-table\\index.js": {"path":"C:\\Users\\Me\\source\\React-Dynamic-Json-Table\\src\\components\\react-dj-table\\index.js","statementMap":{"0":{"start":{"line":13,"column":14},"end":{"line":110,"column":1}},"1":{"start":{"line":15,"column":20},"end":{"line":15,"column":39}},"2":{"start":{"line":16,"column":15},"end":{"line":16,"column":31}},"3":{"start":{"line":17,"column":20},"end":{"line":17,"column":47}},"4":{"start":{"line":18,"column":27},"end":{"line":18,"column":55}},"5":{"start":{"line":19,"column":26},"end":{"line":19,"column":31}},"6":{"start":{"line":20,"column":27},"end":{"line":20,"column":55}},"7":{"start":{"line":21,"column":23},"end":{"line":21,"column":24}},"8":{"start":{"line":22,"column":19},"end":{"line":22,"column":20}},"9":{"start":{"line":23,"column":23},"end":{"line":23,"column":121}},"10":{"start":{"line":24,"column":21},"end":{"line":24,"column":43}},"11":{"start":{"line":25,"column":24},"end":{"line":25,"column":57}},"12":{"start":{"line":26,"column":21},"end":{"line":26,"column":46}},"13":{"start":{"line":27,"column":23},"end":{"line":27,"column":50}},"14":{"start":{"line":28,"column":21},"end":{"line":28,"column":46}},"15":{"start":{"line":29,"column":17},"end":{"line":29,"column":22}},"16":{"start":{"line":30,"column":4},"end":{"line":32,"column":5}},"17":{"start":{"line":31,"column":8},"end":{"line":31,"column":21}},"18":{"start":{"line":33,"column":23},"end":{"line":33,"column":43}},"19":{"start":{"line":34,"column":23},"end":{"line":34,"column":47}},"20":{"start":{"line":35,"column":28},"end":{"line":35,"column":45}},"21":{"start":{"line":37,"column":21},"end":{"line":39,"column":5}},"22":{"start":{"line":38,"column":8},"end":{"line":38,"column":85}},"23":{"start":{"line":41,"column":4},"end":{"line":43,"column":5}},"24":{"start":{"line":42,"column":8},"end":{"line":42,"column":48}},"25":{"start":{"line":44,"column":20},"end":{"line":44,"column":102}},"26":{"start":{"line":46,"column":25},"end":{"line":50,"column":5}},"27":{"start":{"line":51,"column":30},"end":{"line":51,"column":68}},"28":{"start":{"line":53,"column":4},"end":{"line":56,"column":14}},"29":{"start":{"line":54,"column":8},"end":{"line":54,"column":36}},"30":{"start":{"line":55,"column":8},"end":{"line":55,"column":79}},"31":{"start":{"line":59,"column":19},"end":{"line":59,"column":41}},"32":{"start":{"line":60,"column":23},"end":{"line":60,"column":35}},"33":{"start":{"line":61,"column":21},"end":{"line":61,"column":43}},"34":{"start":{"line":62,"column":21},"end":{"line":69,"column":5}},"35":{"start":{"line":64,"column":4},"end":{"line":68,"column":7}},"36":{"start":{"line":65,"column":8},"end":{"line":67,"column":9}},"37":{"start":{"line":66,"column":12},"end":{"line":66,"column":62}},"38":{"start":{"line":71,"column":4},"end":{"line":109,"column":5}},"39":{"start":{"line":111,"column":0},"end":{"line":120,"column":1}},"40":{"start":{"line":122,"column":0},"end":{"line":131,"column":1}}},"fnMap":{"0":{"name":"(anonymous_0)","decl":{"start":{"line":13,"column":14},"end":{"line":13,"column":15}},"loc":{"start":{"line":13,"column":25},"end":{"line":110,"column":1}},"line":13},"1":{"name":"(anonymous_1)","decl":{"start":{"line":37,"column":21},"end":{"line":37,"column":22}},"loc":{"start":{"line":37,"column":57},"end":{"line":39,"column":5}},"line":37},"2":{"name":"(anonymous_2)","decl":{"start":{"line":53,"column":20},"end":{"line":53,"column":21}},"loc":{"start":{"line":53,"column":26},"end":{"line":56,"column":5}},"line":53},"3":{"name":"(anonymous_3)","decl":{"start":{"line":62,"column":21},"end":{"line":62,"column":22}},"loc":{"start":{"line":62,"column":51},"end":{"line":69,"column":5}},"line":62}},"branchMap":{"0":{"loc":{"start":{"line":15,"column":20},"end":{"line":15,"column":39}},"type":"binary-expr","locations":[{"start":{"line":15,"column":20},"end":{"line":15,"column":33}},{"start":{"line":15,"column":37},"end":{"line":15,"column":39}}],"line":15},"1":{"loc":{"start":{"line":16,"column":15},"end":{"line":16,"column":31}},"type":"binary-expr","locations":[{"start":{"line":16,"column":15},"end":{"line":16,"column":25}},{"start":{"line":16,"column":29},"end":{"line":16,"column":31}}],"line":16},"2":{"loc":{"start":{"line":18,"column":27},"end":{"line":18,"column":55}},"type":"binary-expr","locations":[{"start":{"line":18,"column":27},"end":{"line":18,"column":49}},{"start":{"line":18,"column":53},"end":{"line":18,"column":55}}],"line":18},"3":{"loc":{"start":{"line":20,"column":27},"end":{"line":20,"column":55}},"type":"binary-expr","locations":[{"start":{"line":20,"column":27},"end":{"line":20,"column":49}},{"start":{"line":20,"column":53},"end":{"line":20,"column":55}}],"line":20},"4":{"loc":{"start":{"line":23,"column":23},"end":{"line":23,"column":121}},"type":"binary-expr","locations":[{"start":{"line":23,"column":23},"end":{"line":23,"column":41}},{"start":{"line":23,"column":45},"end":{"line":23,"column":121}}],"line":23},"5":{"loc":{"start":{"line":24,"column":21},"end":{"line":24,"column":43}},"type":"binary-expr","locations":[{"start":{"line":24,"column":21},"end":{"line":24,"column":37}},{"start":{"line":24,"column":41},"end":{"line":24,"column":43}}],"line":24},"6":{"loc":{"start":{"line":26,"column":21},"end":{"line":26,"column":46}},"type":"binary-expr","locations":[{"start":{"line":26,"column":21},"end":{"line":26,"column":37}},{"start":{"line":26,"column":41},"end":{"line":26,"column":46}}],"line":26},"7":{"loc":{"start":{"line":27,"column":23},"end":{"line":27,"column":50}},"type":"binary-expr","locations":[{"start":{"line":27,"column":23},"end":{"line":27,"column":41}},{"start":{"line":27,"column":45},"end":{"line":27,"column":50}}],"line":27},"8":{"loc":{"start":{"line":28,"column":21},"end":{"line":28,"column":46}},"type":"binary-expr","locations":[{"start":{"line":28,"column":21},"end":{"line":28,"column":37}},{"start":{"line":28,"column":41},"end":{"line":28,"column":46}}],"line":28},"9":{"loc":{"start":{"line":30,"column":4},"end":{"line":32,"column":5}},"type":"if","locations":[{"start":{"line":30,"column":4},"end":{"line":32,"column":5}},{"start":{"line":30,"column":4},"end":{"line":32,"column":5}}],"line":30},"10":{"loc":{"start":{"line":33,"column":23},"end":{"line":33,"column":43}},"type":"binary-expr","locations":[{"start":{"line":33,"column":23},"end":{"line":33,"column":37}},{"start":{"line":33,"column":41},"end":{"line":33,"column":43}}],"line":33},"11":{"loc":{"start":{"line":34,"column":23},"end":{"line":34,"column":47}},"type":"binary-expr","locations":[{"start":{"line":34,"column":23},"end":{"line":34,"column":41}},{"start":{"line":34,"column":45},"end":{"line":34,"column":47}}],"line":34},"12":{"loc":{"start":{"line":41,"column":4},"end":{"line":43,"column":5}},"type":"if","locations":[{"start":{"line":41,"column":4},"end":{"line":43,"column":5}},{"start":{"line":41,"column":4},"end":{"line":43,"column":5}}],"line":41},"13":{"loc":{"start":{"line":42,"column":24},"end":{"line":42,"column":34}},"type":"binary-expr","locations":[{"start":{"line":42,"column":24},"end":{"line":42,"column":28}},{"start":{"line":42,"column":32},"end":{"line":42,"column":34}}],"line":42},"14":{"loc":{"start":{"line":59,"column":19},"end":{"line":59,"column":41}},"type":"binary-expr","locations":[{"start":{"line":59,"column":19},"end":{"line":59,"column":35}},{"start":{"line":59,"column":39},"end":{"line":59,"column":41}}],"line":59},"15":{"loc":{"start":{"line":61,"column":21},"end":{"line":61,"column":43}},"type":"binary-expr","locations":[{"start":{"line":61,"column":21},"end":{"line":61,"column":37}},{"start":{"line":61,"column":41},"end":{"line":61,"column":43}}],"line":61},"16":{"loc":{"start":{"line":64,"column":4},"end":{"line":68,"column":7}},"type":"if","locations":[{"start":{"line":64,"column":4},"end":{"line":68,"column":7}},{"start":{"line":64,"column":4},"end":{"line":68,"column":7}}],"line":64},"17":{"loc":{"start":{"line":65,"column":8},"end":{"line":67,"column":9}},"type":"if","locations":[{"start":{"line":65,"column":8},"end":{"line":67,"column":9}},{"start":{"line":65,"column":8},"end":{"line":67,"column":9}}],"line":65},"18":{"loc":{"start":{"line":76,"column":24},"end":{"line":81,"column":29}},"type":"binary-expr","locations":[{"start":{"line":76,"column":24},"end":{"line":76,"column":34}},{"start":{"line":77,"column":24},"end":{"line":81,"column":29}}],"line":76},"19":{"loc":{"start":{"line":89,"column":17},"end":{"line":95,"column":28}},"type":"binary-expr","locations":[{"start":{"line":89,"column":17},"end":{"line":89,"column":23}},{"start":{"line":90,"column":20},"end":{"line":95,"column":28}}],"line":89},"20":{"loc":{"start":{"line":98,"column":16},"end":{"line":103,"column":22}},"type":"binary-expr","locations":[{"start":{"line":98,"column":16},"end":{"line":98,"column":24}},{"start":{"line":99,"column":16},"end":{"line":103,"column":22}}],"line":98},"21":{"loc":{"start":{"line":105,"column":16},"end":{"line":106,"column":78}},"type":"binary-expr","locations":[{"start":{"line":105,"column":16},"end":{"line":105,"column":24}},{"start":{"line":106,"column":16},"end":{"line":106,"column":78}}],"line":105}},"s":{"0":7,"1":37,"2":37,"3":37,"4":37,"5":37,"6":37,"7":37,"8":37,"9":37,"10":37,"11":37,"12":37,"13":37,"14":37,"15":37,"16":37,"17":0,"18":37,"19":37,"20":37,"21":37,"22":35,"23":37,"24":35,"25":37,"26":37,"27":37,"28":37,"29":11,"30":11,"31":37,"32":37,"33":37,"34":37,"35":8,"36":8,"37":0,"38":37,"39":7,"40":7},"f":{"0":37,"1":35,"2":11,"3":8},"b":{"0":[37,0],"1":[37,0],"2":[37,37],"3":[37,37],"4":[37,37],"5":[37,20],"6":[37,2],"7":[37,37],"8":[37,2],"9":[0,37],"10":[37,37],"11":[37,37],"12":[35,2],"13":[35,0],"14":[37,37],"15":[37,37],"16":[8,0],"17":[0,8],"18":[37,0],"19":[37,0],"20":[37,35],"21":[37,35]},"_coverageSchema":"1a1c01bbd47fc00a2c39e90264f33305004495a9","hash":"cd4abb0549d19c3e7c5012836586e6111f8aa044"}
,"C:\\Users\\Me\\source\\React-Dynamic-Json-Table\\src\\components\\react-dj-table\\children\\cells.js": {"path":"C:\\Users\\Me\\source\\React-Dynamic-Json-Table\\src\\components\\react-dj-table\\children\\cells.js","statementMap":{"0":{"start":{"line":19,"column":14},"end":{"line":124,"column":1}},"1":{"start":{"line":20,"column":20},"end":{"line":20,"column":33}},"2":{"start":{"line":21,"column":19},"end":{"line":21,"column":40}},"3":{"start":{"line":22,"column":23},"end":{"line":22,"column":35}},"4":{"start":{"line":23,"column":25},"end":{"line":23,"column":49}},"5":{"start":{"line":24,"column":25},"end":{"line":24,"column":49}},"6":{"start":{"line":25,"column":23},"end":{"line":25,"column":45}},"7":{"start":{"line":26,"column":24},"end":{"line":26,"column":49}},"8":{"start":{"line":27,"column":21},"end":{"line":27,"column":43}},"9":{"start":{"line":28,"column":20},"end":{"line":28,"column":36}},"10":{"start":{"line":29,"column":21},"end":{"line":40,"column":5}},"11":{"start":{"line":31,"column":19},"end":{"line":31,"column":50}},"12":{"start":{"line":32,"column":8},"end":{"line":39,"column":9}},"13":{"start":{"line":33,"column":32},"end":{"line":33,"column":40}},"14":{"start":{"line":34,"column":12},"end":{"line":34,"column":97}},"15":{"start":{"line":37,"column":24},"end":{"line":37,"column":45}},"16":{"start":{"line":38,"column":12},"end":{"line":38,"column":88}},"17":{"start":{"line":42,"column":24},"end":{"line":122,"column":5}},"18":{"start":{"line":43,"column":8},"end":{"line":121,"column":10}},"19":{"start":{"line":45,"column":29},"end":{"line":45,"column":77}},"20":{"start":{"line":45,"column":52},"end":{"line":45,"column":61}},"21":{"start":{"line":47,"column":31},"end":{"line":47,"column":60}},"22":{"start":{"line":49,"column":29},"end":{"line":49,"column":76}},"23":{"start":{"line":49,"column":54},"end":{"line":49,"column":75}},"24":{"start":{"line":51,"column":27},"end":{"line":51,"column":72}},"25":{"start":{"line":51,"column":50},"end":{"line":51,"column":71}},"26":{"start":{"line":53,"column":27},"end":{"line":53,"column":56}},"27":{"start":{"line":56,"column":12},"end":{"line":81,"column":13}},"28":{"start":{"line":57,"column":39},"end":{"line":57,"column":64}},"29":{"start":{"line":58,"column":35},"end":{"line":58,"column":79}},"30":{"start":{"line":58,"column":54},"end":{"line":58,"column":63}},"31":{"start":{"line":60,"column":16},"end":{"line":62,"column":17}},"32":{"start":{"line":61,"column":20},"end":{"line":61,"column":31}},"33":{"start":{"line":64,"column":16},"end":{"line":66,"column":17}},"34":{"start":{"line":65,"column":20},"end":{"line":65,"column":159}},"35":{"start":{"line":68,"column":16},"end":{"line":70,"column":17}},"36":{"start":{"line":69,"column":20},"end":{"line":69,"column":167}},"37":{"start":{"line":72,"column":16},"end":{"line":74,"column":17}},"38":{"start":{"line":73,"column":20},"end":{"line":73,"column":161}},"39":{"start":{"line":76,"column":16},"end":{"line":78,"column":17}},"40":{"start":{"line":77,"column":20},"end":{"line":77,"column":161}},"41":{"start":{"line":80,"column":16},"end":{"line":80,"column":157}},"42":{"start":{"line":85,"column":12},"end":{"line":87,"column":13}},"43":{"start":{"line":86,"column":16},"end":{"line":86,"column":27}},"44":{"start":{"line":92,"column":12},"end":{"line":94,"column":13}},"45":{"start":{"line":93,"column":16},"end":{"line":93,"column":27}},"46":{"start":{"line":97,"column":12},"end":{"line":99,"column":13}},"47":{"start":{"line":98,"column":16},"end":{"line":98,"column":125}},"48":{"start":{"line":105,"column":12},"end":{"line":107,"column":13}},"49":{"start":{"line":106,"column":16},"end":{"line":106,"column":141}},"50":{"start":{"line":113,"column":12},"end":{"line":115,"column":13}},"51":{"start":{"line":114,"column":16},"end":{"line":114,"column":125}},"52":{"start":{"line":119,"column":12},"end":{"line":119,"column":82}},"53":{"start":{"line":123,"column":4},"end":{"line":123,"column":29}},"54":{"start":{"line":125,"column":0},"end":{"line":133,"column":1}},"55":{"start":{"line":135,"column":0},"end":{"line":140,"column":1}}},"fnMap":{"0":{"name":"(anonymous_0)","decl":{"start":{"line":19,"column":14},"end":{"line":19,"column":15}},"loc":{"start":{"line":19,"column":54},"end":{"line":124,"column":1}},"line":19},"1":{"name":"(anonymous_1)","decl":{"start":{"line":29,"column":21},"end":{"line":29,"column":22}},"loc":{"start":{"line":29,"column":28},"end":{"line":40,"column":5}},"line":29},"2":{"name":"(anonymous_2)","decl":{"start":{"line":42,"column":24},"end":{"line":42,"column":25}},"loc":{"start":{"line":42,"column":33},"end":{"line":122,"column":5}},"line":42},"3":{"name":"(anonymous_3)","decl":{"start":{"line":43,"column":27},"end":{"line":43,"column":28}},"loc":{"start":{"line":43,"column":36},"end":{"line":121,"column":9}},"line":43},"4":{"name":"(anonymous_4)","decl":{"start":{"line":45,"column":47},"end":{"line":45,"column":48}},"loc":{"start":{"line":45,"column":52},"end":{"line":45,"column":61}},"line":45},"5":{"name":"(anonymous_5)","decl":{"start":{"line":49,"column":47},"end":{"line":49,"column":48}},"loc":{"start":{"line":49,"column":54},"end":{"line":49,"column":75}},"line":49},"6":{"name":"(anonymous_6)","decl":{"start":{"line":51,"column":43},"end":{"line":51,"column":44}},"loc":{"start":{"line":51,"column":50},"end":{"line":51,"column":71}},"line":51},"7":{"name":"(anonymous_7)","decl":{"start":{"line":58,"column":49},"end":{"line":58,"column":50}},"loc":{"start":{"line":58,"column":54},"end":{"line":58,"column":63}},"line":58}},"branchMap":{"0":{"loc":{"start":{"line":21,"column":19},"end":{"line":21,"column":40}},"type":"binary-expr","locations":[{"start":{"line":21,"column":19},"end":{"line":21,"column":34}},{"start":{"line":21,"column":38},"end":{"line":21,"column":40}}],"line":21},"1":{"loc":{"start":{"line":23,"column":25},"end":{"line":23,"column":49}},"type":"binary-expr","locations":[{"start":{"line":23,"column":25},"end":{"line":23,"column":43}},{"start":{"line":23,"column":47},"end":{"line":23,"column":49}}],"line":23},"2":{"loc":{"start":{"line":24,"column":25},"end":{"line":24,"column":49}},"type":"binary-expr","locations":[{"start":{"line":24,"column":25},"end":{"line":24,"column":43}},{"start":{"line":24,"column":47},"end":{"line":24,"column":49}}],"line":24},"3":{"loc":{"start":{"line":25,"column":23},"end":{"line":25,"column":45}},"type":"binary-expr","locations":[{"start":{"line":25,"column":23},"end":{"line":25,"column":39}},{"start":{"line":25,"column":43},"end":{"line":25,"column":45}}],"line":25},"4":{"loc":{"start":{"line":26,"column":24},"end":{"line":26,"column":49}},"type":"binary-expr","locations":[{"start":{"line":26,"column":24},"end":{"line":26,"column":43}},{"start":{"line":26,"column":47},"end":{"line":26,"column":49}}],"line":26},"5":{"loc":{"start":{"line":27,"column":21},"end":{"line":27,"column":43}},"type":"binary-expr","locations":[{"start":{"line":27,"column":21},"end":{"line":27,"column":37}},{"start":{"line":27,"column":41},"end":{"line":27,"column":43}}],"line":27},"6":{"loc":{"start":{"line":32,"column":8},"end":{"line":39,"column":9}},"type":"if","locations":[{"start":{"line":32,"column":8},"end":{"line":39,"column":9}},{"start":{"line":32,"column":8},"end":{"line":39,"column":9}}],"line":32},"7":{"loc":{"start":{"line":45,"column":29},"end":{"line":45,"column":77}},"type":"cond-expr","locations":[{"start":{"line":45,"column":65},"end":{"line":45,"column":69}},{"start":{"line":45,"column":72},"end":{"line":45,"column":77}}],"line":45},"8":{"loc":{"start":{"line":53,"column":27},"end":{"line":53,"column":56}},"type":"cond-expr","locations":[{"start":{"line":53,"column":36},"end":{"line":53,"column":51}},{"start":{"line":53,"column":54},"end":{"line":53,"column":56}}],"line":53},"9":{"loc":{"start":{"line":56,"column":12},"end":{"line":81,"column":13}},"type":"if","locations":[{"start":{"line":56,"column":12},"end":{"line":81,"column":13}},{"start":{"line":56,"column":12},"end":{"line":81,"column":13}}],"line":56},"10":{"loc":{"start":{"line":58,"column":35},"end":{"line":58,"column":79}},"type":"cond-expr","locations":[{"start":{"line":58,"column":67},"end":{"line":58,"column":71}},{"start":{"line":58,"column":74},"end":{"line":58,"column":79}}],"line":58},"11":{"loc":{"start":{"line":60,"column":16},"end":{"line":62,"column":17}},"type":"if","locations":[{"start":{"line":60,"column":16},"end":{"line":62,"column":17}},{"start":{"line":60,"column":16},"end":{"line":62,"column":17}}],"line":60},"12":{"loc":{"start":{"line":64,"column":16},"end":{"line":66,"column":17}},"type":"if","locations":[{"start":{"line":64,"column":16},"end":{"line":66,"column":17}},{"start":{"line":64,"column":16},"end":{"line":66,"column":17}}],"line":64},"13":{"loc":{"start":{"line":68,"column":16},"end":{"line":70,"column":17}},"type":"if","locations":[{"start":{"line":68,"column":16},"end":{"line":70,"column":17}},{"start":{"line":68,"column":16},"end":{"line":70,"column":17}}],"line":68},"14":{"loc":{"start":{"line":68,"column":20},"end":{"line":68,"column":60}},"type":"binary-expr","locations":[{"start":{"line":68,"column":20},"end":{"line":68,"column":30}},{"start":{"line":68,"column":34},"end":{"line":68,"column":60}}],"line":68},"15":{"loc":{"start":{"line":72,"column":16},"end":{"line":74,"column":17}},"type":"if","locations":[{"start":{"line":72,"column":16},"end":{"line":74,"column":17}},{"start":{"line":72,"column":16},"end":{"line":74,"column":17}}],"line":72},"16":{"loc":{"start":{"line":76,"column":16},"end":{"line":78,"column":17}},"type":"if","locations":[{"start":{"line":76,"column":16},"end":{"line":78,"column":17}},{"start":{"line":76,"column":16},"end":{"line":78,"column":17}}],"line":76},"17":{"loc":{"start":{"line":85,"column":12},"end":{"line":87,"column":13}},"type":"if","locations":[{"start":{"line":85,"column":12},"end":{"line":87,"column":13}},{"start":{"line":85,"column":12},"end":{"line":87,"column":13}}],"line":85},"18":{"loc":{"start":{"line":92,"column":12},"end":{"line":94,"column":13}},"type":"if","locations":[{"start":{"line":92,"column":12},"end":{"line":94,"column":13}},{"start":{"line":92,"column":12},"end":{"line":94,"column":13}}],"line":92},"19":{"loc":{"start":{"line":97,"column":12},"end":{"line":99,"column":13}},"type":"if","locations":[{"start":{"line":97,"column":12},"end":{"line":99,"column":13}},{"start":{"line":97,"column":12},"end":{"line":99,"column":13}}],"line":97},"20":{"loc":{"start":{"line":97,"column":16},"end":{"line":97,"column":56}},"type":"binary-expr","locations":[{"start":{"line":97,"column":16},"end":{"line":97,"column":26}},{"start":{"line":97,"column":30},"end":{"line":97,"column":56}}],"line":97},"21":{"loc":{"start":{"line":105,"column":12},"end":{"line":107,"column":13}},"type":"if","locations":[{"start":{"line":105,"column":12},"end":{"line":107,"column":13}},{"start":{"line":105,"column":12},"end":{"line":107,"column":13}}],"line":105},"22":{"loc":{"start":{"line":113,"column":12},"end":{"line":115,"column":13}},"type":"if","locations":[{"start":{"line":113,"column":12},"end":{"line":115,"column":13}},{"start":{"line":113,"column":12},"end":{"line":115,"column":13}}],"line":113}},"s":{"0":9,"1":289,"2":289,"3":289,"4":289,"5":289,"6":289,"7":289,"8":289,"9":289,"10":289,"11":1,"12":1,"13":0,"14":0,"15":1,"16":1,"17":289,"18":289,"19":2308,"20":0,"21":2308,"22":2308,"23":0,"24":2308,"25":2040,"26":2308,"27":2308,"28":56,"29":56,"30":0,"31":56,"32":0,"33":56,"34":0,"35":56,"36":7,"37":49,"38":0,"39":49,"40":7,"41":42,"42":2252,"43":0,"44":2252,"45":0,"46":2252,"47":283,"48":1969,"49":0,"50":1969,"51":248,"52":1721,"53":289,"54":9,"55":9},"f":{"0":289,"1":1,"2":289,"3":2308,"4":0,"5":0,"6":2040,"7":0},"b":{"0":[289,289],"1":[289,289],"2":[289,289],"3":[289,34],"4":[289,289],"5":[289,289],"6":[0,1],"7":[0,2308],"8":[255,2053],"9":[56,2252],"10":[0,56],"11":[0,56],"12":[0,56],"13":[7,49],"14":[56,7],"15":[0,49],"16":[7,42],"17":[0,2252],"18":[0,2252],"19":[283,1969],"20":[2252,283],"21":[0,1969],"22":[248,1721]},"_coverageSchema":"1a1c01bbd47fc00a2c39e90264f33305004495a9","hash":"87db56ccba80da636150fd4253aec02092e3ffc3"}
,"C:\\Users\\Me\\source\\React-Dynamic-Json-Table\\src\\components\\react-dj-table\\children\\crud.js": {"path":"C:\\Users\\Me\\source\\React-Dynamic-Json-Table\\src\\components\\react-dj-table\\children\\crud.js","statementMap":{"0":{"start":{"line":6,"column":29},"end":{"line":32,"column":5}},"1":{"start":{"line":7,"column":31},"end":{"line":7,"column":76}},"2":{"start":{"line":8,"column":12},"end":{"line":31,"column":11}},"3":{"start":{"line":10,"column":14},"end":{"line":10,"column":48}},"4":{"start":{"line":11,"column":14},"end":{"line":11,"column":85}},"5":{"start":{"line":12,"column":14},"end":{"line":12,"column":20}},"6":{"start":{"line":14,"column":14},"end":{"line":14,"column":48}},"7":{"start":{"line":15,"column":14},"end":{"line":15,"column":85}},"8":{"start":{"line":16,"column":14},"end":{"line":16,"column":20}},"9":{"start":{"line":18,"column":14},"end":{"line":18,"column":48}},"10":{"start":{"line":19,"column":14},"end":{"line":19,"column":85}},"11":{"start":{"line":20,"column":14},"end":{"line":20,"column":20}},"12":{"start":{"line":22,"column":14},"end":{"line":22,"column":47}},"13":{"start":{"line":23,"column":14},"end":{"line":23,"column":85}},"14":{"start":{"line":24,"column":13},"end":{"line":24,"column":19}},"15":{"start":{"line":26,"column":16},"end":{"line":26,"column":49}},"16":{"start":{"line":27,"column":16},"end":{"line":27,"column":70}},"17":{"start":{"line":28,"column":13},"end":{"line":28,"column":19}},"18":{"start":{"line":30,"column":13},"end":{"line":30,"column":19}},"19":{"start":{"line":33,"column":23},"end":{"line":45,"column":5}},"20":{"start":{"line":34,"column":8},"end":{"line":44,"column":19}},"21":{"start":{"line":47,"column":4},"end":{"line":49,"column":5}}},"fnMap":{"0":{"name":"Crud","decl":{"start":{"line":4,"column":9},"end":{"line":4,"column":13}},"loc":{"start":{"line":4,"column":44},"end":{"line":51,"column":1}},"line":4},"1":{"name":"(anonymous_1)","decl":{"start":{"line":6,"column":29},"end":{"line":6,"column":30}},"loc":{"start":{"line":6,"column":33},"end":{"line":32,"column":5}},"line":6},"2":{"name":"(anonymous_2)","decl":{"start":{"line":33,"column":23},"end":{"line":33,"column":24}},"loc":{"start":{"line":33,"column":29},"end":{"line":45,"column":5}},"line":33}},"branchMap":{"0":{"loc":{"start":{"line":8,"column":12},"end":{"line":31,"column":11}},"type":"switch","locations":[{"start":{"line":9,"column":14},"end":{"line":12,"column":20}},{"start":{"line":13,"column":14},"end":{"line":16,"column":20}},{"start":{"line":17,"column":14},"end":{"line":20,"column":20}},{"start":{"line":21,"column":14},"end":{"line":24,"column":19}},{"start":{"line":25,"column":13},"end":{"line":28,"column":19}},{"start":{"line":29,"column":14},"end":{"line":30,"column":19}}],"line":8},"1":{"loc":{"start":{"line":37,"column":17},"end":{"line":38,"column":125}},"type":"binary-expr","locations":[{"start":{"line":37,"column":17},"end":{"line":37,"column":30}},{"start":{"line":38,"column":20},"end":{"line":38,"column":125}}],"line":37},"2":{"loc":{"start":{"line":40,"column":17},"end":{"line":41,"column":123}},"type":"binary-expr","locations":[{"start":{"line":40,"column":17},"end":{"line":40,"column":32}},{"start":{"line":41,"column":20},"end":{"line":41,"column":123}}],"line":40}},"s":{"0":35,"1":5,"2":5,"3":1,"4":1,"5":1,"6":1,"7":1,"8":1,"9":2,"10":2,"11":2,"12":1,"13":1,"14":1,"15":0,"16":0,"17":0,"18":0,"19":35,"20":35,"21":35},"f":{"0":35,"1":5,"2":35},"b":{"0":[1,1,2,1,0,0],"1":[35,33],"2":[35,2]},"_coverageSchema":"1a1c01bbd47fc00a2c39e90264f33305004495a9","hash":"f34f1cebea691376d22e1457a284a66250987a0b"}
,"C:\\Users\\Me\\source\\React-Dynamic-Json-Table\\src\\components\\react-dj-table\\children\\filterCols.js": {"path":"C:\\Users\\Me\\source\\React-Dynamic-Json-Table\\src\\components\\react-dj-table\\children\\filterCols.js","statementMap":{"0":{"start":{"line":4,"column":18},"end":{"line":32,"column":1}},"1":{"start":{"line":5,"column":20},"end":{"line":5,"column":33}},"2":{"start":{"line":6,"column":31},"end":{"line":6,"column":55}},"3":{"start":{"line":7,"column":20},"end":{"line":7,"column":50}},"4":{"start":{"line":9,"column":27},"end":{"line":11,"column":5}},"5":{"start":{"line":10,"column":12},"end":{"line":10,"column":136}},"6":{"start":{"line":14,"column":26},"end":{"line":27,"column":5}},"7":{"start":{"line":16,"column":8},"end":{"line":26,"column":10}},"8":{"start":{"line":17,"column":32},"end":{"line":17,"column":85}},"9":{"start":{"line":17,"column":61},"end":{"line":17,"column":70}},"10":{"start":{"line":19,"column":12},"end":{"line":23,"column":10}},"11":{"start":{"line":20,"column":13},"end":{"line":22,"column":25}},"12":{"start":{"line":25,"column":9},"end":{"line":25,"column":35}},"13":{"start":{"line":29,"column":4},"end":{"line":31,"column":5}}},"fnMap":{"0":{"name":"(anonymous_0)","decl":{"start":{"line":4,"column":18},"end":{"line":4,"column":19}},"loc":{"start":{"line":4,"column":43},"end":{"line":32,"column":1}},"line":4},"1":{"name":"(anonymous_1)","decl":{"start":{"line":9,"column":27},"end":{"line":9,"column":28}},"loc":{"start":{"line":9,"column":34},"end":{"line":11,"column":5}},"line":9},"2":{"name":"(anonymous_2)","decl":{"start":{"line":14,"column":26},"end":{"line":14,"column":27}},"loc":{"start":{"line":14,"column":32},"end":{"line":27,"column":5}},"line":14},"3":{"name":"(anonymous_3)","decl":{"start":{"line":16,"column":27},"end":{"line":16,"column":28}},"loc":{"start":{"line":16,"column":36},"end":{"line":26,"column":9}},"line":16},"4":{"name":"(anonymous_4)","decl":{"start":{"line":17,"column":56},"end":{"line":17,"column":57}},"loc":{"start":{"line":17,"column":61},"end":{"line":17,"column":70}},"line":17}},"branchMap":{"0":{"loc":{"start":{"line":6,"column":31},"end":{"line":6,"column":55}},"type":"binary-expr","locations":[{"start":{"line":6,"column":31},"end":{"line":6,"column":49}},{"start":{"line":6,"column":53},"end":{"line":6,"column":55}}],"line":6},"1":{"loc":{"start":{"line":17,"column":32},"end":{"line":17,"column":85}},"type":"cond-expr","locations":[{"start":{"line":17,"column":74},"end":{"line":17,"column":78}},{"start":{"line":17,"column":80},"end":{"line":17,"column":85}}],"line":17},"2":{"loc":{"start":{"line":19,"column":12},"end":{"line":23,"column":10}},"type":"if","locations":[{"start":{"line":19,"column":12},"end":{"line":23,"column":10}},{"start":{"line":19,"column":12},"end":{"line":23,"column":10}}],"line":19}},"s":{"0":1,"1":1,"2":1,"3":1,"4":1,"5":0,"6":1,"7":1,"8":8,"9":0,"10":8,"11":0,"12":8,"13":1},"f":{"0":1,"1":0,"2":1,"3":8,"4":0},"b":{"0":[1,1],"1":[0,8],"2":[0,8]},"_coverageSchema":"1a1c01bbd47fc00a2c39e90264f33305004495a9","hash":"616fd701bc866ca6c7d1e83dc5f558abfd700b70"}
,"C:\\Users\\Me\\source\\React-Dynamic-Json-Table\\src\\components\\react-dj-table\\children\\globalsearch.js": {"path":"C:\\Users\\Me\\source\\React-Dynamic-Json-Table\\src\\components\\react-dj-table\\children\\globalsearch.js","statementMap":{"0":{"start":{"line":6,"column":24},"end":{"line":6,"column":66}},"1":{"start":{"line":8,"column":31},"end":{"line":11,"column":5}},"2":{"start":{"line":9,"column":24},"end":{"line":9,"column":54}},"3":{"start":{"line":10,"column":8},"end":{"line":10,"column":122}},"4":{"start":{"line":12,"column":4},"end":{"line":16,"column":5}}},"fnMap":{"0":{"name":"GlobalSearch","decl":{"start":{"line":4,"column":9},"end":{"line":4,"column":21}},"loc":{"start":{"line":4,"column":43},"end":{"line":19,"column":1}},"line":4},"1":{"name":"(anonymous_1)","decl":{"start":{"line":8,"column":31},"end":{"line":8,"column":32}},"loc":{"start":{"line":8,"column":38},"end":{"line":11,"column":5}},"line":8}},"branchMap":{},"s":{"0":1,"1":1,"2":0,"3":0,"4":1},"f":{"0":1,"1":0},"b":{},"_coverageSchema":"1a1c01bbd47fc00a2c39e90264f33305004495a9","hash":"8ae40cac4e11ada8923504cb23a9779d8d284030"}
,"C:\\Users\\Me\\source\\React-Dynamic-Json-Table\\src\\components\\react-dj-table\\children\\pager.js": {"path":"C:\\Users\\Me\\source\\React-Dynamic-Json-Table\\src\\components\\react-dj-table\\children\\pager.js","statementMap":{"0":{"start":{"line":6,"column":24},"end":{"line":6,"column":48}},"1":{"start":{"line":6,"column":31},"end":{"line":6,"column":48}},"2":{"start":{"line":9,"column":27},"end":{"line":9,"column":70}},"3":{"start":{"line":10,"column":8},"end":{"line":10,"column":47}},"4":{"start":{"line":12,"column":30},"end":{"line":21,"column":5}},"5":{"start":{"line":13,"column":8},"end":{"line":13,"column":26}},"6":{"start":{"line":14,"column":19},"end":{"line":14,"column":34}},"7":{"start":{"line":15,"column":32},"end":{"line":15,"column":50}},"8":{"start":{"line":16,"column":8},"end":{"line":18,"column":9}},"9":{"start":{"line":17,"column":12},"end":{"line":17,"column":88}},"10":{"start":{"line":20,"column":8},"end":{"line":20,"column":26}},"11":{"start":{"line":22,"column":36},"end":{"line":28,"column":5}},"12":{"start":{"line":23,"column":19},"end":{"line":23,"column":34}},"13":{"start":{"line":24,"column":29},"end":{"line":24,"column":47}},"14":{"start":{"line":25,"column":8},"end":{"line":27,"column":9}},"15":{"start":{"line":26,"column":12},"end":{"line":26,"column":93}},"16":{"start":{"line":30,"column":28},"end":{"line":59,"column":5}},"17":{"start":{"line":31,"column":28},"end":{"line":31,"column":30}},"18":{"start":{"line":32,"column":8},"end":{"line":37,"column":9}},"19":{"start":{"line":34,"column":21},"end":{"line":34,"column":25}},"20":{"start":{"line":35,"column":12},"end":{"line":35,"column":106}},"21":{"start":{"line":36,"column":12},"end":{"line":36,"column":79}},"22":{"start":{"line":39,"column":8},"end":{"line":41,"column":9}},"23":{"start":{"line":40,"column":12},"end":{"line":40,"column":76}},"24":{"start":{"line":43,"column":8},"end":{"line":45,"column":9}},"25":{"start":{"line":44,"column":12},"end":{"line":44,"column":76}},"26":{"start":{"line":47,"column":8},"end":{"line":49,"column":9}},"27":{"start":{"line":48,"column":12},"end":{"line":48,"column":76}},"28":{"start":{"line":51,"column":8},"end":{"line":53,"column":9}},"29":{"start":{"line":52,"column":12},"end":{"line":52,"column":76}},"30":{"start":{"line":55,"column":8},"end":{"line":57,"column":9}},"31":{"start":{"line":56,"column":12},"end":{"line":56,"column":78}},"32":{"start":{"line":58,"column":8},"end":{"line":58,"column":26}},"33":{"start":{"line":61,"column":24},"end":{"line":110,"column":5}},"34":{"start":{"line":62,"column":20},"end":{"line":62,"column":49}},"35":{"start":{"line":66,"column":8},"end":{"line":109,"column":10}},"36":{"start":{"line":67,"column":25},"end":{"line":67,"column":46}},"37":{"start":{"line":68,"column":27},"end":{"line":68,"column":32}},"38":{"start":{"line":70,"column":12},"end":{"line":76,"column":13}},"39":{"start":{"line":71,"column":16},"end":{"line":71,"column":58}},"40":{"start":{"line":72,"column":16},"end":{"line":75,"column":33}},"41":{"start":{"line":78,"column":12},"end":{"line":82,"column":13}},"42":{"start":{"line":79,"column":16},"end":{"line":79,"column":58}},"43":{"start":{"line":80,"column":16},"end":{"line":80,"column":174}},"44":{"start":{"line":84,"column":12},"end":{"line":89,"column":13}},"45":{"start":{"line":85,"column":16},"end":{"line":85,"column":75}},"46":{"start":{"line":86,"column":16},"end":{"line":88,"column":33}},"47":{"start":{"line":91,"column":12},"end":{"line":106,"column":13}},"48":{"start":{"line":92,"column":16},"end":{"line":92,"column":75}},"49":{"start":{"line":93,"column":16},"end":{"line":105,"column":33}},"50":{"start":{"line":108,"column":12},"end":{"line":108,"column":130}},"51":{"start":{"line":112,"column":4},"end":{"line":114,"column":5}}},"fnMap":{"0":{"name":"Pager","decl":{"start":{"line":5,"column":9},"end":{"line":5,"column":14}},"loc":{"start":{"line":5,"column":36},"end":{"line":116,"column":1}},"line":5},"1":{"name":"(anonymous_1)","decl":{"start":{"line":6,"column":24},"end":{"line":6,"column":25}},"loc":{"start":{"line":6,"column":31},"end":{"line":6,"column":48}},"line":6},"2":{"name":"handlePagingClick","decl":{"start":{"line":8,"column":13},"end":{"line":8,"column":30}},"loc":{"start":{"line":8,"column":34},"end":{"line":11,"column":5}},"line":8},"3":{"name":"(anonymous_3)","decl":{"start":{"line":12,"column":30},"end":{"line":12,"column":31}},"loc":{"start":{"line":12,"column":37},"end":{"line":21,"column":5}},"line":12},"4":{"name":"(anonymous_4)","decl":{"start":{"line":22,"column":36},"end":{"line":22,"column":37}},"loc":{"start":{"line":22,"column":43},"end":{"line":28,"column":5}},"line":22},"5":{"name":"(anonymous_5)","decl":{"start":{"line":30,"column":28},"end":{"line":30,"column":29}},"loc":{"start":{"line":30,"column":32},"end":{"line":59,"column":5}},"line":30},"6":{"name":"(anonymous_6)","decl":{"start":{"line":61,"column":24},"end":{"line":61,"column":25}},"loc":{"start":{"line":61,"column":30},"end":{"line":110,"column":5}},"line":61},"7":{"name":"(anonymous_7)","decl":{"start":{"line":66,"column":23},"end":{"line":66,"column":24}},"loc":{"start":{"line":66,"column":39},"end":{"line":109,"column":9}},"line":66}},"branchMap":{"0":{"loc":{"start":{"line":16,"column":8},"end":{"line":18,"column":9}},"type":"if","locations":[{"start":{"line":16,"column":8},"end":{"line":18,"column":9}},{"start":{"line":16,"column":8},"end":{"line":18,"column":9}}],"line":16},"1":{"loc":{"start":{"line":16,"column":12},"end":{"line":16,"column":77}},"type":"binary-expr","locations":[{"start":{"line":16,"column":13},"end":{"line":16,"column":51}},{"start":{"line":16,"column":57},"end":{"line":16,"column":76}}],"line":16},"2":{"loc":{"start":{"line":25,"column":8},"end":{"line":27,"column":9}},"type":"if","locations":[{"start":{"line":25,"column":8},"end":{"line":27,"column":9}},{"start":{"line":25,"column":8},"end":{"line":27,"column":9}}],"line":25},"3":{"loc":{"start":{"line":25,"column":12},"end":{"line":25,"column":76}},"type":"binary-expr","locations":[{"start":{"line":25,"column":13},"end":{"line":25,"column":29}},{"start":{"line":25,"column":35},"end":{"line":25,"column":75}}],"line":25},"4":{"loc":{"start":{"line":32,"column":8},"end":{"line":37,"column":9}},"type":"if","locations":[{"start":{"line":32,"column":8},"end":{"line":37,"column":9}},{"start":{"line":32,"column":8},"end":{"line":37,"column":9}}],"line":32},"5":{"loc":{"start":{"line":32,"column":11},"end":{"line":32,"column":63}},"type":"binary-expr","locations":[{"start":{"line":32,"column":11},"end":{"line":32,"column":33}},{"start":{"line":32,"column":37},"end":{"line":32,"column":63}}],"line":32},"6":{"loc":{"start":{"line":35,"column":19},"end":{"line":35,"column":106}},"type":"cond-expr","locations":[{"start":{"line":35,"column":64},"end":{"line":35,"column":82}},{"start":{"line":35,"column":85},"end":{"line":35,"column":106}}],"line":35},"7":{"loc":{"start":{"line":39,"column":8},"end":{"line":41,"column":9}},"type":"if","locations":[{"start":{"line":39,"column":8},"end":{"line":41,"column":9}},{"start":{"line":39,"column":8},"end":{"line":41,"column":9}}],"line":39},"8":{"loc":{"start":{"line":43,"column":8},"end":{"line":45,"column":9}},"type":"if","locations":[{"start":{"line":43,"column":8},"end":{"line":45,"column":9}},{"start":{"line":43,"column":8},"end":{"line":45,"column":9}}],"line":43},"9":{"loc":{"start":{"line":47,"column":8},"end":{"line":49,"column":9}},"type":"if","locations":[{"start":{"line":47,"column":8},"end":{"line":49,"column":9}},{"start":{"line":47,"column":8},"end":{"line":49,"column":9}}],"line":47},"10":{"loc":{"start":{"line":51,"column":8},"end":{"line":53,"column":9}},"type":"if","locations":[{"start":{"line":51,"column":8},"end":{"line":53,"column":9}},{"start":{"line":51,"column":8},"end":{"line":53,"column":9}}],"line":51},"11":{"loc":{"start":{"line":55,"column":8},"end":{"line":57,"column":9}},"type":"if","locations":[{"start":{"line":55,"column":8},"end":{"line":57,"column":9}},{"start":{"line":55,"column":8},"end":{"line":57,"column":9}}],"line":55},"12":{"loc":{"start":{"line":70,"column":12},"end":{"line":76,"column":13}},"type":"if","locations":[{"start":{"line":70,"column":12},"end":{"line":76,"column":13}},{"start":{"line":70,"column":12},"end":{"line":76,"column":13}}],"line":70},"13":{"loc":{"start":{"line":71,"column":27},"end":{"line":71,"column":58}},"type":"cond-expr","locations":[{"start":{"line":71,"column":46},"end":{"line":71,"column":50}},{"start":{"line":71,"column":53},"end":{"line":71,"column":58}}],"line":71},"14":{"loc":{"start":{"line":78,"column":12},"end":{"line":82,"column":13}},"type":"if","locations":[{"start":{"line":78,"column":12},"end":{"line":82,"column":13}},{"start":{"line":78,"column":12},"end":{"line":82,"column":13}}],"line":78},"15":{"loc":{"start":{"line":79,"column":27},"end":{"line":79,"column":58}},"type":"cond-expr","locations":[{"start":{"line":79,"column":46},"end":{"line":79,"column":50}},{"start":{"line":79,"column":53},"end":{"line":79,"column":58}}],"line":79},"16":{"loc":{"start":{"line":84,"column":12},"end":{"line":89,"column":13}},"type":"if","locations":[{"start":{"line":84,"column":12},"end":{"line":89,"column":13}},{"start":{"line":84,"column":12},"end":{"line":89,"column":13}}],"line":84},"17":{"loc":{"start":{"line":85,"column":27},"end":{"line":85,"column":75}},"type":"cond-expr","locations":[{"start":{"line":85,"column":63},"end":{"line":85,"column":67}},{"start":{"line":85,"column":70},"end":{"line":85,"column":75}}],"line":85},"18":{"loc":{"start":{"line":91,"column":12},"end":{"line":106,"column":13}},"type":"if","locations":[{"start":{"line":91,"column":12},"end":{"line":106,"column":13}},{"start":{"line":91,"column":12},"end":{"line":106,"column":13}}],"line":91},"19":{"loc":{"start":{"line":92,"column":27},"end":{"line":92,"column":75}},"type":"cond-expr","locations":[{"start":{"line":92,"column":63},"end":{"line":92,"column":67}},{"start":{"line":92,"column":70},"end":{"line":92,"column":75}}],"line":92}},"s":{"0":36,"1":0,"2":6,"3":6,"4":36,"5":1,"6":1,"7":1,"8":1,"9":1,"10":1,"11":36,"12":0,"13":0,"14":0,"15":0,"16":36,"17":36,"18":36,"19":17,"20":17,"21":17,"22":36,"23":36,"24":36,"25":0,"26":36,"27":0,"28":36,"29":0,"30":36,"31":0,"32":36,"33":36,"34":36,"35":36,"36":144,"37":144,"38":144,"39":36,"40":36,"41":108,"42":36,"43":36,"44":72,"45":36,"46":36,"47":36,"48":36,"49":36,"50":0,"51":36},"f":{"0":36,"1":0,"2":6,"3":1,"4":0,"5":36,"6":36,"7":144},"b":{"0":[1,0],"1":[1,1],"2":[0,0],"3":[0,0],"4":[17,19],"5":[36,19],"6":[17,0],"7":[36,0],"8":[0,36],"9":[0,36],"10":[0,36],"11":[0,36],"12":[36,108],"13":[29,7],"14":[36,72],"15":[29,7],"16":[36,36],"17":[4,32],"18":[36,0],"19":[4,32]},"_coverageSchema":"1a1c01bbd47fc00a2c39e90264f33305004495a9","hash":"e28cd075e7951e9f75771df1283514ea5584956a"}
,"C:\\Users\\Me\\source\\React-Dynamic-Json-Table\\src\\components\\react-dj-table\\children\\rows.js": {"path":"C:\\Users\\Me\\source\\React-Dynamic-Json-Table\\src\\components\\react-dj-table\\children\\rows.js","statementMap":{"0":{"start":{"line":5,"column":13},"end":{"line":71,"column":1}},"1":{"start":{"line":6,"column":20},"end":{"line":6,"column":39}},"2":{"start":{"line":7,"column":19},"end":{"line":7,"column":39}},"3":{"start":{"line":8,"column":27},"end":{"line":8,"column":55}},"4":{"start":{"line":9,"column":23},"end":{"line":9,"column":61}},"5":{"start":{"line":10,"column":21},"end":{"line":10,"column":90}},"6":{"start":{"line":11,"column":23},"end":{"line":11,"column":48}},"7":{"start":{"line":14,"column":26},"end":{"line":14,"column":28}},"8":{"start":{"line":15,"column":8},"end":{"line":20,"column":11}},"9":{"start":{"line":16,"column":26},"end":{"line":16,"column":57}},"10":{"start":{"line":17,"column":12},"end":{"line":19,"column":13}},"11":{"start":{"line":18,"column":16},"end":{"line":18,"column":33}},"12":{"start":{"line":22,"column":30},"end":{"line":22,"column":76}},"13":{"start":{"line":24,"column":8},"end":{"line":49,"column":9}},"14":{"start":{"line":31,"column":12},"end":{"line":48,"column":13}},"15":{"start":{"line":32,"column":16},"end":{"line":32,"column":86}},"16":{"start":{"line":33,"column":16},"end":{"line":33,"column":53}},"17":{"start":{"line":34,"column":16},"end":{"line":34,"column":96}},"18":{"start":{"line":35,"column":16},"end":{"line":35,"column":22}},"19":{"start":{"line":37,"column":16},"end":{"line":47,"column":17}},"20":{"start":{"line":40,"column":20},"end":{"line":40,"column":76}},"21":{"start":{"line":43,"column":24},"end":{"line":43,"column":94}},"22":{"start":{"line":44,"column":24},"end":{"line":44,"column":61}},"23":{"start":{"line":45,"column":24},"end":{"line":45,"column":104}},"24":{"start":{"line":54,"column":23},"end":{"line":68,"column":5}},"25":{"start":{"line":55,"column":8},"end":{"line":67,"column":10}},"26":{"start":{"line":56,"column":26},"end":{"line":56,"column":57}},"27":{"start":{"line":57,"column":12},"end":{"line":65,"column":13}},"28":{"start":{"line":58,"column":16},"end":{"line":60,"column":21}},"29":{"start":{"line":62,"column":16},"end":{"line":64,"column":21}},"30":{"start":{"line":70,"column":4},"end":{"line":70,"column":25}}},"fnMap":{"0":{"name":"(anonymous_0)","decl":{"start":{"line":5,"column":13},"end":{"line":5,"column":14}},"loc":{"start":{"line":5,"column":48},"end":{"line":71,"column":1}},"line":5},"1":{"name":"handleRowClick","decl":{"start":{"line":13,"column":13},"end":{"line":13,"column":27}},"loc":{"start":{"line":13,"column":31},"end":{"line":51,"column":5}},"line":13},"2":{"name":"(anonymous_2)","decl":{"start":{"line":15,"column":27},"end":{"line":15,"column":28}},"loc":{"start":{"line":15,"column":34},"end":{"line":20,"column":9}},"line":15},"3":{"name":"(anonymous_3)","decl":{"start":{"line":54,"column":23},"end":{"line":54,"column":24}},"loc":{"start":{"line":54,"column":32},"end":{"line":68,"column":5}},"line":54},"4":{"name":"(anonymous_4)","decl":{"start":{"line":55,"column":30},"end":{"line":55,"column":31}},"loc":{"start":{"line":55,"column":46},"end":{"line":67,"column":9}},"line":55}},"branchMap":{"0":{"loc":{"start":{"line":6,"column":20},"end":{"line":6,"column":39}},"type":"binary-expr","locations":[{"start":{"line":6,"column":20},"end":{"line":6,"column":33}},{"start":{"line":6,"column":37},"end":{"line":6,"column":39}}],"line":6},"1":{"loc":{"start":{"line":7,"column":19},"end":{"line":7,"column":39}},"type":"binary-expr","locations":[{"start":{"line":7,"column":19},"end":{"line":7,"column":33}},{"start":{"line":7,"column":37},"end":{"line":7,"column":39}}],"line":7},"2":{"loc":{"start":{"line":8,"column":27},"end":{"line":8,"column":55}},"type":"binary-expr","locations":[{"start":{"line":8,"column":27},"end":{"line":8,"column":49}},{"start":{"line":8,"column":53},"end":{"line":8,"column":55}}],"line":8},"3":{"loc":{"start":{"line":10,"column":21},"end":{"line":10,"column":90}},"type":"cond-expr","locations":[{"start":{"line":10,"column":37},"end":{"line":10,"column":86}},{"start":{"line":10,"column":89},"end":{"line":10,"column":90}}],"line":10},"4":{"loc":{"start":{"line":11,"column":23},"end":{"line":11,"column":48}},"type":"binary-expr","locations":[{"start":{"line":11,"column":23},"end":{"line":11,"column":39}},{"start":{"line":11,"column":43},"end":{"line":11,"column":48}}],"line":11},"5":{"loc":{"start":{"line":17,"column":12},"end":{"line":19,"column":13}},"type":"if","locations":[{"start":{"line":17,"column":12},"end":{"line":19,"column":13}},{"start":{"line":17,"column":12},"end":{"line":19,"column":13}}],"line":17},"6":{"loc":{"start":{"line":24,"column":8},"end":{"line":49,"column":9}},"type":"if","locations":[{"start":{"line":24,"column":8},"end":{"line":49,"column":9}},{"start":{"line":24,"column":8},"end":{"line":49,"column":9}}],"line":24},"7":{"loc":{"start":{"line":31,"column":12},"end":{"line":48,"column":13}},"type":"if","locations":[{"start":{"line":31,"column":12},"end":{"line":48,"column":13}},{"start":{"line":31,"column":12},"end":{"line":48,"column":13}}],"line":31},"8":{"loc":{"start":{"line":37,"column":16},"end":{"line":47,"column":17}},"type":"if","locations":[{"start":{"line":37,"column":16},"end":{"line":47,"column":17}},{"start":{"line":37,"column":16},"end":{"line":47,"column":17}}],"line":37},"9":{"loc":{"start":{"line":37,"column":59},"end":{"line":37,"column":128}},"type":"binary-expr","locations":[{"start":{"line":37,"column":59},"end":{"line":37,"column":96}},{"start":{"line":37,"column":100},"end":{"line":37,"column":128}}],"line":37},"10":{"loc":{"start":{"line":57,"column":12},"end":{"line":65,"column":13}},"type":"if","locations":[{"start":{"line":57,"column":12},"end":{"line":65,"column":13}},{"start":{"line":57,"column":12},"end":{"line":65,"column":13}}],"line":57},"11":{"loc":{"start":{"line":57,"column":16},"end":{"line":57,"column":64}},"type":"binary-expr","locations":[{"start":{"line":57,"column":16},"end":{"line":57,"column":41}},{"start":{"line":57,"column":45},"end":{"line":57,"column":64}}],"line":57},"12":{"loc":{"start":{"line":58,"column":51},"end":{"line":58,"column":99}},"type":"cond-expr","locations":[{"start":{"line":58,"column":79},"end":{"line":58,"column":94}},{"start":{"line":58,"column":97},"end":{"line":58,"column":99}}],"line":58},"13":{"loc":{"start":{"line":62,"column":52},"end":{"line":62,"column":100}},"type":"cond-expr","locations":[{"start":{"line":62,"column":80},"end":{"line":62,"column":95}},{"start":{"line":62,"column":98},"end":{"line":62,"column":100}}],"line":62}},"s":{"0":8,"1":38,"2":38,"3":38,"4":38,"5":38,"6":38,"7":3,"8":3,"9":31,"10":31,"11":3,"12":3,"13":3,"14":3,"15":0,"16":0,"17":0,"18":0,"19":3,"20":1,"21":2,"22":2,"23":2,"24":38,"25":38,"26":288,"27":288,"28":7,"29":281,"30":38},"f":{"0":38,"1":3,"2":31,"3":38,"4":288},"b":{"0":[38,0],"1":[38,38],"2":[38,38],"3":[0,38],"4":[38,3],"5":[3,28],"6":[3,0],"7":[0,3],"8":[1,2],"9":[3,0],"10":[7,281],"11":[288,7],"12":[7,0],"13":[0,281]},"_coverageSchema":"1a1c01bbd47fc00a2c39e90264f33305004495a9","hash":"7bd58382a4b94eb854a255b8e1bc851dde1746a2"}
,"C:\\Users\\Me\\source\\React-Dynamic-Json-Table\\src\\components\\react-dj-table\\children\\thead.js": {"path":"C:\\Users\\Me\\source\\React-Dynamic-Json-Table\\src\\components\\react-dj-table\\children\\thead.js","statementMap":{"0":{"start":{"line":6,"column":14},"end":{"line":43,"column":1}},"1":{"start":{"line":7,"column":20},"end":{"line":7,"column":33}},"2":{"start":{"line":8,"column":25},"end":{"line":8,"column":49}},"3":{"start":{"line":9,"column":20},"end":{"line":9,"column":56}},"4":{"start":{"line":10,"column":25},"end":{"line":10,"column":48}},"5":{"start":{"line":11,"column":24},"end":{"line":11,"column":46}},"6":{"start":{"line":12,"column":19},"end":{"line":12,"column":41}},"7":{"start":{"line":13,"column":23},"end":{"line":13,"column":35}},"8":{"start":{"line":14,"column":25},"end":{"line":37,"column":5}},"9":{"start":{"line":15,"column":8},"end":{"line":36,"column":10}},"10":{"start":{"line":19,"column":29},"end":{"line":19,"column":76}},"11":{"start":{"line":19,"column":52},"end":{"line":19,"column":61}},"12":{"start":{"line":20,"column":28},"end":{"line":20,"column":77}},"13":{"start":{"line":20,"column":54},"end":{"line":20,"column":75}},"14":{"start":{"line":21,"column":27},"end":{"line":21,"column":75}},"15":{"start":{"line":21,"column":52},"end":{"line":21,"column":73}},"16":{"start":{"line":25,"column":12},"end":{"line":27,"column":13}},"17":{"start":{"line":26,"column":16},"end":{"line":26,"column":27}},"18":{"start":{"line":28,"column":12},"end":{"line":30,"column":13}},"19":{"start":{"line":29,"column":16},"end":{"line":29,"column":214}},"20":{"start":{"line":29,"column":85},"end":{"line":29,"column":154}},"21":{"start":{"line":31,"column":12},"end":{"line":33,"column":13}},"22":{"start":{"line":32,"column":16},"end":{"line":32,"column":231}},"23":{"start":{"line":32,"column":85},"end":{"line":32,"column":154}},"24":{"start":{"line":35,"column":12},"end":{"line":35,"column":163}},"25":{"start":{"line":35,"column":81},"end":{"line":35,"column":150}},"26":{"start":{"line":39,"column":4},"end":{"line":41,"column":5}}},"fnMap":{"0":{"name":"(anonymous_0)","decl":{"start":{"line":6,"column":14},"end":{"line":6,"column":15}},"loc":{"start":{"line":6,"column":39},"end":{"line":43,"column":1}},"line":6},"1":{"name":"(anonymous_1)","decl":{"start":{"line":14,"column":25},"end":{"line":14,"column":26}},"loc":{"start":{"line":14,"column":31},"end":{"line":37,"column":5}},"line":14},"2":{"name":"(anonymous_2)","decl":{"start":{"line":15,"column":27},"end":{"line":15,"column":28}},"loc":{"start":{"line":15,"column":36},"end":{"line":36,"column":9}},"line":15},"3":{"name":"(anonymous_3)","decl":{"start":{"line":19,"column":47},"end":{"line":19,"column":48}},"loc":{"start":{"line":19,"column":52},"end":{"line":19,"column":61}},"line":19},"4":{"name":"(anonymous_4)","decl":{"start":{"line":20,"column":47},"end":{"line":20,"column":48}},"loc":{"start":{"line":20,"column":54},"end":{"line":20,"column":75}},"line":20},"5":{"name":"(anonymous_5)","decl":{"start":{"line":21,"column":45},"end":{"line":21,"column":46}},"loc":{"start":{"line":21,"column":52},"end":{"line":21,"column":73}},"line":21},"6":{"name":"(anonymous_6)","decl":{"start":{"line":29,"column":78},"end":{"line":29,"column":79}},"loc":{"start":{"line":29,"column":85},"end":{"line":29,"column":154}},"line":29},"7":{"name":"(anonymous_7)","decl":{"start":{"line":32,"column":78},"end":{"line":32,"column":79}},"loc":{"start":{"line":32,"column":85},"end":{"line":32,"column":154}},"line":32},"8":{"name":"(anonymous_8)","decl":{"start":{"line":35,"column":74},"end":{"line":35,"column":75}},"loc":{"start":{"line":35,"column":81},"end":{"line":35,"column":150}},"line":35}},"branchMap":{"0":{"loc":{"start":{"line":8,"column":25},"end":{"line":8,"column":49}},"type":"binary-expr","locations":[{"start":{"line":8,"column":25},"end":{"line":8,"column":43}},{"start":{"line":8,"column":47},"end":{"line":8,"column":49}}],"line":8},"1":{"loc":{"start":{"line":9,"column":20},"end":{"line":9,"column":56}},"type":"binary-expr","locations":[{"start":{"line":9,"column":20},"end":{"line":9,"column":50}},{"start":{"line":9,"column":54},"end":{"line":9,"column":56}}],"line":9},"2":{"loc":{"start":{"line":10,"column":25},"end":{"line":10,"column":48}},"type":"binary-expr","locations":[{"start":{"line":10,"column":25},"end":{"line":10,"column":42}},{"start":{"line":10,"column":46},"end":{"line":10,"column":48}}],"line":10},"3":{"loc":{"start":{"line":11,"column":24},"end":{"line":11,"column":46}},"type":"binary-expr","locations":[{"start":{"line":11,"column":24},"end":{"line":11,"column":40}},{"start":{"line":11,"column":44},"end":{"line":11,"column":46}}],"line":11},"4":{"loc":{"start":{"line":12,"column":19},"end":{"line":12,"column":41}},"type":"binary-expr","locations":[{"start":{"line":12,"column":19},"end":{"line":12,"column":35}},{"start":{"line":12,"column":39},"end":{"line":12,"column":41}}],"line":12},"5":{"loc":{"start":{"line":19,"column":29},"end":{"line":19,"column":76}},"type":"cond-expr","locations":[{"start":{"line":19,"column":65},"end":{"line":19,"column":69}},{"start":{"line":19,"column":71},"end":{"line":19,"column":76}}],"line":19},"6":{"loc":{"start":{"line":25,"column":12},"end":{"line":27,"column":13}},"type":"if","locations":[{"start":{"line":25,"column":12},"end":{"line":27,"column":13}},{"start":{"line":25,"column":12},"end":{"line":27,"column":13}}],"line":25},"7":{"loc":{"start":{"line":28,"column":12},"end":{"line":30,"column":13}},"type":"if","locations":[{"start":{"line":28,"column":12},"end":{"line":30,"column":13}},{"start":{"line":28,"column":12},"end":{"line":30,"column":13}}],"line":28},"8":{"loc":{"start":{"line":31,"column":12},"end":{"line":33,"column":13}},"type":"if","locations":[{"start":{"line":31,"column":12},"end":{"line":33,"column":13}},{"start":{"line":31,"column":12},"end":{"line":33,"column":13}}],"line":31}},"s":{"0":8,"1":38,"2":38,"3":38,"4":38,"5":38,"6":38,"7":38,"8":38,"9":38,"10":304,"11":0,"12":304,"13":0,"14":304,"15":0,"16":304,"17":0,"18":304,"19":0,"20":0,"21":304,"22":0,"23":0,"24":304,"25":0,"26":38},"f":{"0":38,"1":38,"2":304,"3":0,"4":0,"5":0,"6":0,"7":0,"8":0},"b":{"0":[38,38],"1":[38,0],"2":[38,38],"3":[38,38],"4":[38,38],"5":[0,304],"6":[0,304],"7":[0,304],"8":[0,304]},"_coverageSchema":"1a1c01bbd47fc00a2c39e90264f33305004495a9","hash":"f7ce39281bcca3f0095b1ad6cf7e1b21164c05c3"}
,"C:\\Users\\Me\\source\\React-Dynamic-Json-Table\\src\\components\\react-dj-table\\reducers\\actions.js": {"path":"C:\\Users\\Me\\source\\React-Dynamic-Json-Table\\src\\components\\react-dj-table\\reducers\\actions.js","statementMap":{"0":{"start":{"line":1,"column":21},"end":{"line":30,"column":1}}},"fnMap":{},"branchMap":{},"s":{"0":13},"f":{},"b":{},"_coverageSchema":"1a1c01bbd47fc00a2c39e90264f33305004495a9","hash":"fa8fcde45e40dc50522a93e2d7430a23bdc07775"}
,"C:\\Users\\Me\\source\\React-Dynamic-Json-Table\\src\\components\\react-dj-table\\reducers\\tableReducer.js": {"path":"C:\\Users\\Me\\source\\React-Dynamic-Json-Table\\src\\components\\react-dj-table\\reducers\\tableReducer.js","statementMap":{"0":{"start":{"line":5,"column":28},"end":{"line":264,"column":1}},"1":{"start":{"line":8,"column":21},"end":{"line":10,"column":5}},"2":{"start":{"line":9,"column":8},"end":{"line":9,"column":79}},"3":{"start":{"line":12,"column":22},"end":{"line":27,"column":5}},"4":{"start":{"line":13,"column":8},"end":{"line":16,"column":9}},"5":{"start":{"line":14,"column":12},"end":{"line":14,"column":48}},"6":{"start":{"line":15,"column":12},"end":{"line":15,"column":52}},"7":{"start":{"line":17,"column":16},"end":{"line":17,"column":58}},"8":{"start":{"line":18,"column":8},"end":{"line":18,"column":47}},"9":{"start":{"line":19,"column":8},"end":{"line":19,"column":30}},"10":{"start":{"line":20,"column":8},"end":{"line":20,"column":34}},"11":{"start":{"line":21,"column":8},"end":{"line":21,"column":30}},"12":{"start":{"line":22,"column":8},"end":{"line":22,"column":28}},"13":{"start":{"line":23,"column":8},"end":{"line":23,"column":31}},"14":{"start":{"line":24,"column":8},"end":{"line":24,"column":39}},"15":{"start":{"line":25,"column":8},"end":{"line":25,"column":39}},"16":{"start":{"line":26,"column":8},"end":{"line":26,"column":40}},"17":{"start":{"line":29,"column":4},"end":{"line":263,"column":5}},"18":{"start":{"line":32,"column":12},"end":{"line":32,"column":23}},"19":{"start":{"line":33,"column":12},"end":{"line":33,"column":57}},"20":{"start":{"line":34,"column":12},"end":{"line":34,"column":61}},"21":{"start":{"line":35,"column":12},"end":{"line":35,"column":69}},"22":{"start":{"line":36,"column":12},"end":{"line":36,"column":92}},"23":{"start":{"line":37,"column":12},"end":{"line":39,"column":13}},"24":{"start":{"line":38,"column":16},"end":{"line":38,"column":88}},"25":{"start":{"line":40,"column":12},"end":{"line":40,"column":31}},"26":{"start":{"line":42,"column":12},"end":{"line":42,"column":23}},"27":{"start":{"line":43,"column":12},"end":{"line":43,"column":56}},"28":{"start":{"line":44,"column":12},"end":{"line":44,"column":80}},"29":{"start":{"line":45,"column":12},"end":{"line":45,"column":28}},"30":{"start":{"line":46,"column":12},"end":{"line":50,"column":13}},"31":{"start":{"line":47,"column":16},"end":{"line":47,"column":78}},"32":{"start":{"line":49,"column":16},"end":{"line":49,"column":82}},"33":{"start":{"line":51,"column":12},"end":{"line":51,"column":31}},"34":{"start":{"line":53,"column":12},"end":{"line":53,"column":23}},"35":{"start":{"line":54,"column":25},"end":{"line":54,"column":29}},"36":{"start":{"line":55,"column":12},"end":{"line":60,"column":13}},"37":{"start":{"line":56,"column":16},"end":{"line":56,"column":131}},"38":{"start":{"line":59,"column":16},"end":{"line":59,"column":39}},"39":{"start":{"line":61,"column":12},"end":{"line":61,"column":67}},"40":{"start":{"line":63,"column":12},"end":{"line":71,"column":13}},"41":{"start":{"line":64,"column":16},"end":{"line":64,"column":32}},"42":{"start":{"line":65,"column":16},"end":{"line":65,"column":66}},"43":{"start":{"line":66,"column":16},"end":{"line":66,"column":76}},"44":{"start":{"line":69,"column":16},"end":{"line":69,"column":35}},"45":{"start":{"line":70,"column":16},"end":{"line":70,"column":36}},"46":{"start":{"line":72,"column":12},"end":{"line":72,"column":31}},"47":{"start":{"line":74,"column":12},"end":{"line":74,"column":23}},"48":{"start":{"line":75,"column":12},"end":{"line":75,"column":50}},"49":{"start":{"line":76,"column":12},"end":{"line":76,"column":54}},"50":{"start":{"line":77,"column":12},"end":{"line":77,"column":96}},"51":{"start":{"line":78,"column":12},"end":{"line":78,"column":31}},"52":{"start":{"line":81,"column":12},"end":{"line":81,"column":23}},"53":{"start":{"line":82,"column":12},"end":{"line":82,"column":28}},"54":{"start":{"line":83,"column":12},"end":{"line":83,"column":70}},"55":{"start":{"line":84,"column":12},"end":{"line":84,"column":31}},"56":{"start":{"line":87,"column":12},"end":{"line":87,"column":23}},"57":{"start":{"line":88,"column":12},"end":{"line":88,"column":89}},"58":{"start":{"line":89,"column":12},"end":{"line":89,"column":43}},"59":{"start":{"line":90,"column":12},"end":{"line":90,"column":31}},"60":{"start":{"line":93,"column":12},"end":{"line":93,"column":23}},"61":{"start":{"line":94,"column":12},"end":{"line":94,"column":93}},"62":{"start":{"line":95,"column":12},"end":{"line":95,"column":85}},"63":{"start":{"line":96,"column":12},"end":{"line":96,"column":31}},"64":{"start":{"line":99,"column":12},"end":{"line":99,"column":23}},"65":{"start":{"line":100,"column":12},"end":{"line":100,"column":77}},"66":{"start":{"line":101,"column":12},"end":{"line":101,"column":85}},"67":{"start":{"line":102,"column":12},"end":{"line":102,"column":31}},"68":{"start":{"line":105,"column":12},"end":{"line":105,"column":81}},"69":{"start":{"line":106,"column":12},"end":{"line":106,"column":31}},"70":{"start":{"line":109,"column":12},"end":{"line":109,"column":50}},"71":{"start":{"line":110,"column":12},"end":{"line":110,"column":44}},"72":{"start":{"line":111,"column":12},"end":{"line":111,"column":43}},"73":{"start":{"line":112,"column":12},"end":{"line":112,"column":44}},"74":{"start":{"line":113,"column":12},"end":{"line":113,"column":31}},"75":{"start":{"line":116,"column":23},"end":{"line":116,"column":42}},"76":{"start":{"line":117,"column":24},"end":{"line":117,"column":44}},"77":{"start":{"line":118,"column":12},"end":{"line":118,"column":36}},"78":{"start":{"line":119,"column":12},"end":{"line":119,"column":43}},"79":{"start":{"line":120,"column":12},"end":{"line":122,"column":13}},"80":{"start":{"line":121,"column":16},"end":{"line":121,"column":48}},"81":{"start":{"line":123,"column":12},"end":{"line":125,"column":13}},"82":{"start":{"line":124,"column":16},"end":{"line":124,"column":48}},"83":{"start":{"line":126,"column":12},"end":{"line":126,"column":43}},"84":{"start":{"line":127,"column":12},"end":{"line":127,"column":31}},"85":{"start":{"line":130,"column":12},"end":{"line":130,"column":37}},"86":{"start":{"line":131,"column":12},"end":{"line":131,"column":23}},"87":{"start":{"line":132,"column":12},"end":{"line":132,"column":44}},"88":{"start":{"line":133,"column":12},"end":{"line":133,"column":43}},"89":{"start":{"line":134,"column":12},"end":{"line":134,"column":43}},"90":{"start":{"line":135,"column":12},"end":{"line":135,"column":43}},"91":{"start":{"line":136,"column":12},"end":{"line":136,"column":39}},"92":{"start":{"line":137,"column":12},"end":{"line":137,"column":31}},"93":{"start":{"line":139,"column":12},"end":{"line":139,"column":53}},"94":{"start":{"line":140,"column":12},"end":{"line":140,"column":31}},"95":{"start":{"line":142,"column":27},"end":{"line":142,"column":46}},"96":{"start":{"line":143,"column":26},"end":{"line":143,"column":48}},"97":{"start":{"line":144,"column":12},"end":{"line":144,"column":36}},"98":{"start":{"line":145,"column":12},"end":{"line":145,"column":49}},"99":{"start":{"line":146,"column":12},"end":{"line":148,"column":13}},"100":{"start":{"line":147,"column":16},"end":{"line":147,"column":48}},"101":{"start":{"line":149,"column":12},"end":{"line":151,"column":13}},"102":{"start":{"line":150,"column":16},"end":{"line":150,"column":48}},"103":{"start":{"line":152,"column":12},"end":{"line":152,"column":43}},"104":{"start":{"line":153,"column":12},"end":{"line":153,"column":31}},"105":{"start":{"line":155,"column":12},"end":{"line":155,"column":23}},"106":{"start":{"line":156,"column":29},"end":{"line":156,"column":60}},"107":{"start":{"line":158,"column":12},"end":{"line":172,"column":13}},"108":{"start":{"line":159,"column":16},"end":{"line":159,"column":35}},"109":{"start":{"line":161,"column":32},"end":{"line":161,"column":49}},"110":{"start":{"line":162,"column":38},"end":{"line":162,"column":57}},"111":{"start":{"line":163,"column":16},"end":{"line":168,"column":17}},"112":{"start":{"line":164,"column":20},"end":{"line":164,"column":79}},"113":{"start":{"line":165,"column":20},"end":{"line":165,"column":97}},"114":{"start":{"line":167,"column":20},"end":{"line":167,"column":75}},"115":{"start":{"line":169,"column":16},"end":{"line":169,"column":84}},"116":{"start":{"line":170,"column":16},"end":{"line":170,"column":35}},"117":{"start":{"line":174,"column":12},"end":{"line":174,"column":37}},"118":{"start":{"line":175,"column":20},"end":{"line":175,"column":62}},"119":{"start":{"line":176,"column":12},"end":{"line":176,"column":51}},"120":{"start":{"line":177,"column":12},"end":{"line":177,"column":32}},"121":{"start":{"line":178,"column":12},"end":{"line":182,"column":13}},"122":{"start":{"line":180,"column":16},"end":{"line":180,"column":53}},"123":{"start":{"line":181,"column":16},"end":{"line":181,"column":57}},"124":{"start":{"line":183,"column":12},"end":{"line":183,"column":35}},"125":{"start":{"line":184,"column":12},"end":{"line":184,"column":32}},"126":{"start":{"line":185,"column":12},"end":{"line":185,"column":34}},"127":{"start":{"line":186,"column":12},"end":{"line":186,"column":38}},"128":{"start":{"line":187,"column":12},"end":{"line":187,"column":37}},"129":{"start":{"line":188,"column":12},"end":{"line":188,"column":43}},"130":{"start":{"line":189,"column":12},"end":{"line":189,"column":43}},"131":{"start":{"line":190,"column":12},"end":{"line":190,"column":43}},"132":{"start":{"line":191,"column":12},"end":{"line":191,"column":44}},"133":{"start":{"line":192,"column":12},"end":{"line":192,"column":43}},"134":{"start":{"line":194,"column":12},"end":{"line":194,"column":39}},"135":{"start":{"line":195,"column":12},"end":{"line":195,"column":31}},"136":{"start":{"line":197,"column":12},"end":{"line":197,"column":34}},"137":{"start":{"line":198,"column":12},"end":{"line":198,"column":33}},"138":{"start":{"line":199,"column":12},"end":{"line":199,"column":44}},"139":{"start":{"line":200,"column":12},"end":{"line":200,"column":39}},"140":{"start":{"line":201,"column":26},"end":{"line":201,"column":67}},"141":{"start":{"line":202,"column":31},"end":{"line":202,"column":59}},"142":{"start":{"line":203,"column":27},"end":{"line":203,"column":61}},"143":{"start":{"line":204,"column":12},"end":{"line":204,"column":57}},"144":{"start":{"line":205,"column":12},"end":{"line":205,"column":61}},"145":{"start":{"line":206,"column":12},"end":{"line":206,"column":38}},"146":{"start":{"line":207,"column":12},"end":{"line":207,"column":38}},"147":{"start":{"line":209,"column":12},"end":{"line":209,"column":31}},"148":{"start":{"line":211,"column":12},"end":{"line":211,"column":32}},"149":{"start":{"line":212,"column":12},"end":{"line":212,"column":39}},"150":{"start":{"line":213,"column":12},"end":{"line":213,"column":31}},"151":{"start":{"line":215,"column":12},"end":{"line":215,"column":32}},"152":{"start":{"line":216,"column":12},"end":{"line":216,"column":35}},"153":{"start":{"line":217,"column":12},"end":{"line":217,"column":39}},"154":{"start":{"line":218,"column":12},"end":{"line":218,"column":31}},"155":{"start":{"line":220,"column":12},"end":{"line":220,"column":34}},"156":{"start":{"line":221,"column":12},"end":{"line":221,"column":39}},"157":{"start":{"line":222,"column":12},"end":{"line":222,"column":32}},"158":{"start":{"line":223,"column":12},"end":{"line":223,"column":31}},"159":{"start":{"line":225,"column":12},"end":{"line":225,"column":43}},"160":{"start":{"line":226,"column":12},"end":{"line":226,"column":43}},"161":{"start":{"line":227,"column":12},"end":{"line":227,"column":44}},"162":{"start":{"line":228,"column":12},"end":{"line":228,"column":34}},"163":{"start":{"line":229,"column":12},"end":{"line":229,"column":40}},"164":{"start":{"line":230,"column":12},"end":{"line":230,"column":34}},"165":{"start":{"line":231,"column":12},"end":{"line":231,"column":32}},"166":{"start":{"line":232,"column":12},"end":{"line":232,"column":46}},"167":{"start":{"line":233,"column":12},"end":{"line":233,"column":31}},"168":{"start":{"line":235,"column":12},"end":{"line":235,"column":125}},"169":{"start":{"line":236,"column":12},"end":{"line":236,"column":34}},"170":{"start":{"line":237,"column":12},"end":{"line":237,"column":38}},"171":{"start":{"line":238,"column":12},"end":{"line":238,"column":43}},"172":{"start":{"line":239,"column":12},"end":{"line":239,"column":43}},"173":{"start":{"line":240,"column":12},"end":{"line":240,"column":44}},"174":{"start":{"line":241,"column":12},"end":{"line":241,"column":39}},"175":{"start":{"line":242,"column":12},"end":{"line":242,"column":85}},"176":{"start":{"line":243,"column":12},"end":{"line":243,"column":31}},"177":{"start":{"line":245,"column":29},"end":{"line":245,"column":110}},"178":{"start":{"line":246,"column":30},"end":{"line":246,"column":68}},"179":{"start":{"line":247,"column":12},"end":{"line":251,"column":13}},"180":{"start":{"line":248,"column":16},"end":{"line":250,"column":17}},"181":{"start":{"line":249,"column":20},"end":{"line":249,"column":68}},"182":{"start":{"line":252,"column":12},"end":{"line":252,"column":38}},"183":{"start":{"line":253,"column":12},"end":{"line":253,"column":43}},"184":{"start":{"line":254,"column":12},"end":{"line":254,"column":43}},"185":{"start":{"line":255,"column":12},"end":{"line":255,"column":34}},"186":{"start":{"line":256,"column":12},"end":{"line":256,"column":46}},"187":{"start":{"line":257,"column":12},"end":{"line":257,"column":31}},"188":{"start":{"line":259,"column":12},"end":{"line":259,"column":24}},"189":{"start":{"line":261,"column":12},"end":{"line":261,"column":24}}},"fnMap":{"0":{"name":"(anonymous_0)","decl":{"start":{"line":5,"column":28},"end":{"line":5,"column":29}},"loc":{"start":{"line":5,"column":47},"end":{"line":264,"column":1}},"line":5},"1":{"name":"(anonymous_1)","decl":{"start":{"line":8,"column":21},"end":{"line":8,"column":22}},"loc":{"start":{"line":8,"column":54},"end":{"line":10,"column":5}},"line":8},"2":{"name":"(anonymous_2)","decl":{"start":{"line":12,"column":22},"end":{"line":12,"column":23}},"loc":{"start":{"line":12,"column":28},"end":{"line":27,"column":5}},"line":12}},"branchMap":{"0":{"loc":{"start":{"line":13,"column":8},"end":{"line":16,"column":9}},"type":"if","locations":[{"start":{"line":13,"column":8},"end":{"line":16,"column":9}},{"start":{"line":13,"column":8},"end":{"line":16,"column":9}}],"line":13},"1":{"loc":{"start":{"line":29,"column":4},"end":{"line":263,"column":5}},"type":"switch","locations":[{"start":{"line":31,"column":8},"end":{"line":40,"column":31}},{"start":{"line":41,"column":8},"end":{"line":51,"column":31}},{"start":{"line":52,"column":8},"end":{"line":72,"column":31}},{"start":{"line":73,"column":8},"end":{"line":78,"column":31}},{"start":{"line":80,"column":8},"end":{"line":84,"column":31}},{"start":{"line":86,"column":8},"end":{"line":90,"column":31}},{"start":{"line":92,"column":8},"end":{"line":96,"column":31}},{"start":{"line":98,"column":8},"end":{"line":102,"column":31}},{"start":{"line":104,"column":8},"end":{"line":106,"column":31}},{"start":{"line":108,"column":8},"end":{"line":113,"column":31}},{"start":{"line":115,"column":8},"end":{"line":127,"column":31}},{"start":{"line":129,"column":8},"end":{"line":137,"column":31}},{"start":{"line":138,"column":8},"end":{"line":140,"column":31}},{"start":{"line":141,"column":8},"end":{"line":153,"column":31}},{"start":{"line":154,"column":8},"end":{"line":172,"column":13}},{"start":{"line":173,"column":8},"end":{"line":195,"column":31}},{"start":{"line":196,"column":8},"end":{"line":209,"column":31}},{"start":{"line":210,"column":8},"end":{"line":213,"column":31}},{"start":{"line":214,"column":8},"end":{"line":218,"column":31}},{"start":{"line":219,"column":8},"end":{"line":223,"column":31}},{"start":{"line":224,"column":8},"end":{"line":233,"column":31}},{"start":{"line":234,"column":8},"end":{"line":243,"column":31}},{"start":{"line":244,"column":8},"end":{"line":257,"column":31}},{"start":{"line":258,"column":8},"end":{"line":259,"column":24}},{"start":{"line":260,"column":8},"end":{"line":261,"column":24}}],"line":29},"2":{"loc":{"start":{"line":35,"column":28},"end":{"line":35,"column":69}},"type":"binary-expr","locations":[{"start":{"line":35,"column":28},"end":{"line":35,"column":63}},{"start":{"line":35,"column":67},"end":{"line":35,"column":69}}],"line":35},"3":{"loc":{"start":{"line":36,"column":42},"end":{"line":36,"column":90}},"type":"binary-expr","locations":[{"start":{"line":36,"column":42},"end":{"line":36,"column":84}},{"start":{"line":36,"column":88},"end":{"line":36,"column":90}}],"line":36},"4":{"loc":{"start":{"line":37,"column":12},"end":{"line":39,"column":13}},"type":"if","locations":[{"start":{"line":37,"column":12},"end":{"line":39,"column":13}},{"start":{"line":37,"column":12},"end":{"line":39,"column":13}}],"line":37},"5":{"loc":{"start":{"line":38,"column":38},"end":{"line":38,"column":54}},"type":"binary-expr","locations":[{"start":{"line":38,"column":38},"end":{"line":38,"column":48}},{"start":{"line":38,"column":52},"end":{"line":38,"column":54}}],"line":38},"6":{"loc":{"start":{"line":38,"column":56},"end":{"line":38,"column":84}},"type":"binary-expr","locations":[{"start":{"line":38,"column":56},"end":{"line":38,"column":78}},{"start":{"line":38,"column":82},"end":{"line":38,"column":84}}],"line":38},"7":{"loc":{"start":{"line":46,"column":12},"end":{"line":50,"column":13}},"type":"if","locations":[{"start":{"line":46,"column":12},"end":{"line":50,"column":13}},{"start":{"line":46,"column":12},"end":{"line":50,"column":13}}],"line":46},"8":{"loc":{"start":{"line":47,"column":38},"end":{"line":47,"column":58}},"type":"binary-expr","locations":[{"start":{"line":47,"column":38},"end":{"line":47,"column":52}},{"start":{"line":47,"column":56},"end":{"line":47,"column":58}}],"line":47},"9":{"loc":{"start":{"line":55,"column":12},"end":{"line":60,"column":13}},"type":"if","locations":[{"start":{"line":55,"column":12},"end":{"line":60,"column":13}},{"start":{"line":55,"column":12},"end":{"line":60,"column":13}}],"line":55},"10":{"loc":{"start":{"line":63,"column":12},"end":{"line":71,"column":13}},"type":"if","locations":[{"start":{"line":63,"column":12},"end":{"line":71,"column":13}},{"start":{"line":63,"column":12},"end":{"line":71,"column":13}}],"line":63},"11":{"loc":{"start":{"line":94,"column":27},"end":{"line":94,"column":93}},"type":"cond-expr","locations":[{"start":{"line":94,"column":62},"end":{"line":94,"column":74}},{"start":{"line":94,"column":77},"end":{"line":94,"column":93}}],"line":94},"12":{"loc":{"start":{"line":100,"column":27},"end":{"line":100,"column":77}},"type":"cond-expr","locations":[{"start":{"line":100,"column":46},"end":{"line":100,"column":58}},{"start":{"line":100,"column":61},"end":{"line":100,"column":77}}],"line":100},"13":{"loc":{"start":{"line":120,"column":12},"end":{"line":122,"column":13}},"type":"if","locations":[{"start":{"line":120,"column":12},"end":{"line":122,"column":13}},{"start":{"line":120,"column":12},"end":{"line":122,"column":13}}],"line":120},"14":{"loc":{"start":{"line":123,"column":12},"end":{"line":125,"column":13}},"type":"if","locations":[{"start":{"line":123,"column":12},"end":{"line":125,"column":13}},{"start":{"line":123,"column":12},"end":{"line":125,"column":13}}],"line":123},"15":{"loc":{"start":{"line":146,"column":12},"end":{"line":148,"column":13}},"type":"if","locations":[{"start":{"line":146,"column":12},"end":{"line":148,"column":13}},{"start":{"line":146,"column":12},"end":{"line":148,"column":13}}],"line":146},"16":{"loc":{"start":{"line":149,"column":12},"end":{"line":151,"column":13}},"type":"if","locations":[{"start":{"line":149,"column":12},"end":{"line":151,"column":13}},{"start":{"line":149,"column":12},"end":{"line":151,"column":13}}],"line":149},"17":{"loc":{"start":{"line":156,"column":29},"end":{"line":156,"column":60}},"type":"binary-expr","locations":[{"start":{"line":156,"column":29},"end":{"line":156,"column":51}},{"start":{"line":156,"column":55},"end":{"line":156,"column":60}}],"line":156},"18":{"loc":{"start":{"line":158,"column":12},"end":{"line":172,"column":13}},"type":"if","locations":[{"start":{"line":158,"column":12},"end":{"line":172,"column":13}},{"start":{"line":158,"column":12},"end":{"line":172,"column":13}}],"line":158},"19":{"loc":{"start":{"line":163,"column":16},"end":{"line":168,"column":17}},"type":"if","locations":[{"start":{"line":163,"column":16},"end":{"line":168,"column":17}},{"start":{"line":163,"column":16},"end":{"line":168,"column":17}}],"line":163},"20":{"loc":{"start":{"line":165,"column":42},"end":{"line":165,"column":62}},"type":"binary-expr","locations":[{"start":{"line":165,"column":42},"end":{"line":165,"column":56}},{"start":{"line":165,"column":60},"end":{"line":165,"column":62}}],"line":165},"21":{"loc":{"start":{"line":169,"column":38},"end":{"line":169,"column":84}},"type":"cond-expr","locations":[{"start":{"line":169,"column":70},"end":{"line":169,"column":76}},{"start":{"line":169,"column":79},"end":{"line":169,"column":84}}],"line":169},"22":{"loc":{"start":{"line":178,"column":12},"end":{"line":182,"column":13}},"type":"if","locations":[{"start":{"line":178,"column":12},"end":{"line":182,"column":13}},{"start":{"line":178,"column":12},"end":{"line":182,"column":13}}],"line":178},"23":{"loc":{"start":{"line":202,"column":31},"end":{"line":202,"column":59}},"type":"binary-expr","locations":[{"start":{"line":202,"column":31},"end":{"line":202,"column":53}},{"start":{"line":202,"column":57},"end":{"line":202,"column":59}}],"line":202},"24":{"loc":{"start":{"line":235,"column":12},"end":{"line":235,"column":125}},"type":"binary-expr","locations":[{"start":{"line":235,"column":12},"end":{"line":235,"column":54}},{"start":{"line":235,"column":58},"end":{"line":235,"column":125}}],"line":235},"25":{"loc":{"start":{"line":245,"column":29},"end":{"line":245,"column":110}},"type":"cond-expr","locations":[{"start":{"line":245,"column":51},"end":{"line":245,"column":106}},{"start":{"line":245,"column":109},"end":{"line":245,"column":110}}],"line":245},"26":{"loc":{"start":{"line":247,"column":12},"end":{"line":251,"column":13}},"type":"if","locations":[{"start":{"line":247,"column":12},"end":{"line":251,"column":13}},{"start":{"line":247,"column":12},"end":{"line":251,"column":13}}],"line":247},"27":{"loc":{"start":{"line":247,"column":16},"end":{"line":247,"column":68}},"type":"binary-expr","locations":[{"start":{"line":247,"column":16},"end":{"line":247,"column":36}},{"start":{"line":247,"column":40},"end":{"line":247,"column":68}}],"line":247},"28":{"loc":{"start":{"line":248,"column":16},"end":{"line":250,"column":17}},"type":"if","locations":[{"start":{"line":248,"column":16},"end":{"line":250,"column":17}},{"start":{"line":248,"column":16},"end":{"line":250,"column":17}}],"line":248}},"s":{"0":7,"1":28,"2":17,"3":28,"4":18,"5":0,"6":0,"7":18,"8":18,"9":18,"10":18,"11":18,"12":18,"13":18,"14":18,"15":18,"16":18,"17":28,"18":11,"19":11,"20":11,"21":11,"22":11,"23":11,"24":10,"25":11,"26":0,"27":0,"28":0,"29":0,"30":0,"31":0,"32":0,"33":0,"34":0,"35":0,"36":0,"37":0,"38":0,"39":0,"40":0,"41":0,"42":0,"43":0,"44":0,"45":0,"46":0,"47":1,"48":1,"49":1,"50":1,"51":1,"52":1,"53":1,"54":1,"55":1,"56":3,"57":3,"58":3,"59":3,"60":1,"61":1,"62":1,"63":1,"64":1,"65":1,"66":1,"67":1,"68":2,"69":2,"70":2,"71":2,"72":2,"73":2,"74":2,"75":1,"76":1,"77":1,"78":1,"79":1,"80":1,"81":1,"82":0,"83":1,"84":1,"85":0,"86":0,"87":0,"88":0,"89":0,"90":0,"91":0,"92":0,"93":0,"94":0,"95":0,"96":0,"97":0,"98":0,"99":0,"100":0,"101":0,"102":0,"103":0,"104":0,"105":0,"106":0,"107":0,"108":0,"109":0,"110":0,"111":0,"112":0,"113":0,"114":0,"115":0,"116":0,"117":1,"118":1,"119":1,"120":1,"121":1,"122":1,"123":1,"124":1,"125":1,"126":1,"127":1,"128":1,"129":1,"130":1,"131":1,"132":1,"133":1,"134":1,"135":1,"136":2,"137":2,"138":2,"139":2,"140":2,"141":2,"142":2,"143":2,"144":2,"145":2,"146":2,"147":2,"148":1,"149":1,"150":1,"151":0,"152":0,"153":0,"154":0,"155":1,"156":1,"157":1,"158":1,"159":0,"160":0,"161":0,"162":0,"163":0,"164":0,"165":0,"166":0,"167":0,"168":0,"169":0,"170":0,"171":0,"172":0,"173":0,"174":0,"175":0,"176":0,"177":0,"178":0,"179":0,"180":0,"181":0,"182":0,"183":0,"184":0,"185":0,"186":0,"187":0,"188":0,"189":0},"f":{"0":28,"1":17,"2":18},"b":{"0":[0,18],"1":[11,0,0,1,1,3,1,1,2,2,1,0,0,0,0,1,2,1,0,1,0,0,0,0,0],"2":[11,0],"3":[11,6],"4":[10,1],"5":[10,0],"6":[10,5],"7":[0,0],"8":[0,0],"9":[0,0],"10":[0,0],"11":[0,1],"12":[0,1],"13":[1,0],"14":[0,1],"15":[0,0],"16":[0,0],"17":[0,0],"18":[0,0],"19":[0,0],"20":[0,0],"21":[0,0],"22":[1,0],"23":[2,0],"24":[0,0],"25":[0,0],"26":[0,0],"27":[0,0],"28":[0,0]},"_coverageSchema":"1a1c01bbd47fc00a2c39e90264f33305004495a9","hash":"69f56d807edfa3796ccd430168457ff0a76820b3"}
,"C:\\Users\\Me\\source\\React-Dynamic-Json-Table\\src\\components\\react-dj-table\\utils\\utils.js": {"path":"C:\\Users\\Me\\source\\React-Dynamic-Json-Table\\src\\components\\react-dj-table\\utils\\utils.js","statementMap":{"0":{"start":{"line":3,"column":12},"end":{"line":11,"column":1}},"1":{"start":{"line":4,"column":17},"end":{"line":8,"column":86}},"2":{"start":{"line":5,"column":4},"end":{"line":8,"column":86}},"3":{"start":{"line":8,"column":29},"end":{"line":8,"column":79}},"4":{"start":{"line":9,"column":17},"end":{"line":9,"column":58}},"5":{"start":{"line":10,"column":2},"end":{"line":10,"column":72}},"6":{"start":{"line":15,"column":2},"end":{"line":18,"column":5}},"7":{"start":{"line":16,"column":16},"end":{"line":16,"column":36}},"8":{"start":{"line":17,"column":4},"end":{"line":17,"column":38}},"9":{"start":{"line":22,"column":13},"end":{"line":22,"column":18}},"10":{"start":{"line":23,"column":2},"end":{"line":44,"column":4}},"11":{"start":{"line":24,"column":22},"end":{"line":24,"column":67}},"12":{"start":{"line":24,"column":45},"end":{"line":24,"column":66}},"13":{"start":{"line":25,"column":4},"end":{"line":27,"column":5}},"14":{"start":{"line":26,"column":6},"end":{"line":26,"column":17}},"15":{"start":{"line":29,"column":4},"end":{"line":33,"column":5}},"16":{"start":{"line":31,"column":6},"end":{"line":31,"column":24}},"17":{"start":{"line":32,"column":6},"end":{"line":32,"column":17}},"18":{"start":{"line":35,"column":4},"end":{"line":38,"column":5}},"19":{"start":{"line":36,"column":6},"end":{"line":36,"column":20}},"20":{"start":{"line":37,"column":6},"end":{"line":37,"column":17}},"21":{"start":{"line":40,"column":4},"end":{"line":42,"column":5}},"22":{"start":{"line":41,"column":6},"end":{"line":41,"column":21}},"23":{"start":{"line":43,"column":4},"end":{"line":43,"column":16}},"24":{"start":{"line":45,"column":2},"end":{"line":45,"column":14}},"25":{"start":{"line":48,"column":17},"end":{"line":50,"column":4}},"26":{"start":{"line":51,"column":2},"end":{"line":51,"column":27}},"27":{"start":{"line":56,"column":2},"end":{"line":56,"column":25}},"28":{"start":{"line":60,"column":2},"end":{"line":75,"column":4}},"29":{"start":{"line":61,"column":4},"end":{"line":63,"column":5}},"30":{"start":{"line":62,"column":6},"end":{"line":62,"column":15}},"31":{"start":{"line":65,"column":17},"end":{"line":65,"column":75}},"32":{"start":{"line":66,"column":17},"end":{"line":66,"column":75}},"33":{"start":{"line":68,"column":21},"end":{"line":68,"column":22}},"34":{"start":{"line":69,"column":4},"end":{"line":73,"column":5}},"35":{"start":{"line":70,"column":6},"end":{"line":70,"column":21}},"36":{"start":{"line":71,"column":11},"end":{"line":73,"column":5}},"37":{"start":{"line":72,"column":6},"end":{"line":72,"column":22}},"38":{"start":{"line":74,"column":4},"end":{"line":74,"column":59}},"39":{"start":{"line":83,"column":2},"end":{"line":85,"column":3}},"40":{"start":{"line":84,"column":4},"end":{"line":84,"column":15}},"41":{"start":{"line":87,"column":16},"end":{"line":87,"column":38}},"42":{"start":{"line":88,"column":2},"end":{"line":90,"column":3}},"43":{"start":{"line":89,"column":4},"end":{"line":89,"column":15}},"44":{"start":{"line":93,"column":2},"end":{"line":96,"column":3}},"45":{"start":{"line":94,"column":23},"end":{"line":94,"column":59}}},"fnMap":{"0":{"name":"(anonymous_0)","decl":{"start":{"line":3,"column":12},"end":{"line":3,"column":13}},"loc":{"start":{"line":3,"column":53},"end":{"line":11,"column":1}},"line":3},"1":{"name":"(anonymous_1)","decl":{"start":{"line":4,"column":17},"end":{"line":4,"column":18}},"loc":{"start":{"line":5,"column":4},"end":{"line":8,"column":86}},"line":5},"2":{"name":"(anonymous_2)","decl":{"start":{"line":8,"column":14},"end":{"line":8,"column":15}},"loc":{"start":{"line":8,"column":29},"end":{"line":8,"column":79}},"line":8},"3":{"name":"templateLiteral","decl":{"start":{"line":14,"column":9},"end":{"line":14,"column":24}},"loc":{"start":{"line":14,"column":49},"end":{"line":19,"column":1}},"line":14},"4":{"name":"(anonymous_4)","decl":{"start":{"line":15,"column":48},"end":{"line":15,"column":49}},"loc":{"start":{"line":15,"column":63},"end":{"line":18,"column":3}},"line":15},"5":{"name":"createInsertRow","decl":{"start":{"line":21,"column":16},"end":{"line":21,"column":31}},"loc":{"start":{"line":21,"column":51},"end":{"line":46,"column":1}},"line":21},"6":{"name":"(anonymous_6)","decl":{"start":{"line":23,"column":29},"end":{"line":23,"column":30}},"loc":{"start":{"line":23,"column":36},"end":{"line":44,"column":3}},"line":23},"7":{"name":"(anonymous_7)","decl":{"start":{"line":24,"column":38},"end":{"line":24,"column":39}},"loc":{"start":{"line":24,"column":45},"end":{"line":24,"column":66}},"line":24},"8":{"name":"createMarkupLiteral","decl":{"start":{"line":47,"column":16},"end":{"line":47,"column":35}},"loc":{"start":{"line":47,"column":60},"end":{"line":52,"column":1}},"line":47},"9":{"name":"createMarkup","decl":{"start":{"line":55,"column":16},"end":{"line":55,"column":28}},"loc":{"start":{"line":55,"column":35},"end":{"line":57,"column":1}},"line":55},"10":{"name":"compareValues","decl":{"start":{"line":59,"column":16},"end":{"line":59,"column":29}},"loc":{"start":{"line":59,"column":50},"end":{"line":76,"column":1}},"line":59},"11":{"name":"innerSort","decl":{"start":{"line":60,"column":18},"end":{"line":60,"column":27}},"loc":{"start":{"line":60,"column":34},"end":{"line":75,"column":3}},"line":60},"12":{"name":"fuzzySearchMutipleWords","decl":{"start":{"line":78,"column":16},"end":{"line":78,"column":39}},"loc":{"start":{"line":82,"column":2},"end":{"line":97,"column":1}},"line":82},"13":{"name":"(anonymous_13)","decl":{"start":{"line":94,"column":4},"end":{"line":94,"column":5}},"loc":{"start":{"line":94,"column":23},"end":{"line":94,"column":59}},"line":94}},"branchMap":{"0":{"loc":{"start":{"line":3,"column":24},"end":{"line":3,"column":48}},"type":"default-arg","locations":[{"start":{"line":3,"column":39},"end":{"line":3,"column":48}}],"line":3},"1":{"loc":{"start":{"line":8,"column":29},"end":{"line":8,"column":79}},"type":"cond-expr","locations":[{"start":{"line":8,"column":65},"end":{"line":8,"column":73}},{"start":{"line":8,"column":76},"end":{"line":8,"column":79}}],"line":8},"2":{"loc":{"start":{"line":8,"column":29},"end":{"line":8,"column":62}},"type":"binary-expr","locations":[{"start":{"line":8,"column":29},"end":{"line":8,"column":41}},{"start":{"line":8,"column":45},"end":{"line":8,"column":62}}],"line":8},"3":{"loc":{"start":{"line":9,"column":17},"end":{"line":9,"column":58}},"type":"binary-expr","locations":[{"start":{"line":9,"column":17},"end":{"line":9,"column":35}},{"start":{"line":9,"column":39},"end":{"line":9,"column":58}}],"line":9},"4":{"loc":{"start":{"line":10,"column":9},"end":{"line":10,"column":71}},"type":"cond-expr","locations":[{"start":{"line":10,"column":50},"end":{"line":10,"column":62}},{"start":{"line":10,"column":65},"end":{"line":10,"column":71}}],"line":10},"5":{"loc":{"start":{"line":10,"column":9},"end":{"line":10,"column":47}},"type":"binary-expr","locations":[{"start":{"line":10,"column":9},"end":{"line":10,"column":29}},{"start":{"line":10,"column":33},"end":{"line":10,"column":47}}],"line":10},"6":{"loc":{"start":{"line":14,"column":35},"end":{"line":14,"column":47}},"type":"default-arg","locations":[{"start":{"line":14,"column":45},"end":{"line":14,"column":47}}],"line":14},"7":{"loc":{"start":{"line":17,"column":11},"end":{"line":17,"column":38}},"type":"cond-expr","locations":[{"start":{"line":17,"column":28},"end":{"line":17,"column":30}},{"start":{"line":17,"column":33},"end":{"line":17,"column":38}}],"line":17},"8":{"loc":{"start":{"line":25,"column":4},"end":{"line":27,"column":5}},"type":"if","locations":[{"start":{"line":25,"column":4},"end":{"line":27,"column":5}},{"start":{"line":25,"column":4},"end":{"line":27,"column":5}}],"line":25},"9":{"loc":{"start":{"line":29,"column":4},"end":{"line":33,"column":5}},"type":"if","locations":[{"start":{"line":29,"column":4},"end":{"line":33,"column":5}},{"start":{"line":29,"column":4},"end":{"line":33,"column":5}}],"line":29},"10":{"loc":{"start":{"line":35,"column":4},"end":{"line":38,"column":5}},"type":"if","locations":[{"start":{"line":35,"column":4},"end":{"line":38,"column":5}},{"start":{"line":35,"column":4},"end":{"line":38,"column":5}}],"line":35},"11":{"loc":{"start":{"line":40,"column":4},"end":{"line":42,"column":5}},"type":"if","locations":[{"start":{"line":40,"column":4},"end":{"line":42,"column":5}},{"start":{"line":40,"column":4},"end":{"line":42,"column":5}}],"line":40},"12":{"loc":{"start":{"line":59,"column":35},"end":{"line":59,"column":48}},"type":"default-arg","locations":[{"start":{"line":59,"column":43},"end":{"line":59,"column":48}}],"line":59},"13":{"loc":{"start":{"line":61,"column":4},"end":{"line":63,"column":5}},"type":"if","locations":[{"start":{"line":61,"column":4},"end":{"line":63,"column":5}},{"start":{"line":61,"column":4},"end":{"line":63,"column":5}}],"line":61},"14":{"loc":{"start":{"line":61,"column":8},"end":{"line":61,"column":56}},"type":"binary-expr","locations":[{"start":{"line":61,"column":8},"end":{"line":61,"column":30}},{"start":{"line":61,"column":34},"end":{"line":61,"column":56}}],"line":61},"15":{"loc":{"start":{"line":65,"column":17},"end":{"line":65,"column":75}},"type":"cond-expr","locations":[{"start":{"line":65,"column":46},"end":{"line":65,"column":66}},{"start":{"line":65,"column":69},"end":{"line":65,"column":75}}],"line":65},"16":{"loc":{"start":{"line":66,"column":17},"end":{"line":66,"column":75}},"type":"cond-expr","locations":[{"start":{"line":66,"column":46},"end":{"line":66,"column":66}},{"start":{"line":66,"column":69},"end":{"line":66,"column":75}}],"line":66},"17":{"loc":{"start":{"line":69,"column":4},"end":{"line":73,"column":5}},"type":"if","locations":[{"start":{"line":69,"column":4},"end":{"line":73,"column":5}},{"start":{"line":69,"column":4},"end":{"line":73,"column":5}}],"line":69},"18":{"loc":{"start":{"line":71,"column":11},"end":{"line":73,"column":5}},"type":"if","locations":[{"start":{"line":71,"column":11},"end":{"line":73,"column":5}},{"start":{"line":71,"column":11},"end":{"line":73,"column":5}}],"line":71},"19":{"loc":{"start":{"line":74,"column":11},"end":{"line":74,"column":58}},"type":"cond-expr","locations":[{"start":{"line":74,"column":30},"end":{"line":74,"column":45}},{"start":{"line":74,"column":48},"end":{"line":74,"column":58}}],"line":74},"20":{"loc":{"start":{"line":83,"column":2},"end":{"line":85,"column":3}},"type":"if","locations":[{"start":{"line":83,"column":2},"end":{"line":85,"column":3}},{"start":{"line":83,"column":2},"end":{"line":85,"column":3}}],"line":83},"21":{"loc":{"start":{"line":83,"column":6},"end":{"line":83,"column":41}},"type":"binary-expr","locations":[{"start":{"line":83,"column":6},"end":{"line":83,"column":18}},{"start":{"line":83,"column":22},"end":{"line":83,"column":41}}],"line":83},"22":{"loc":{"start":{"line":88,"column":2},"end":{"line":90,"column":3}},"type":"if","locations":[{"start":{"line":88,"column":2},"end":{"line":90,"column":3}},{"start":{"line":88,"column":2},"end":{"line":90,"column":3}}],"line":88}},"s":{"0":12,"1":0,"2":0,"3":0,"4":0,"5":0,"6":1,"7":0,"8":0,"9":2,"10":2,"11":16,"12":16,"13":16,"14":2,"15":16,"16":2,"17":2,"18":16,"19":4,"20":4,"21":16,"22":8,"23":16,"24":2,"25":1,"26":1,"27":145,"28":1,"29":1,"30":0,"31":1,"32":1,"33":1,"34":1,"35":1,"36":0,"37":0,"38":1,"39":0,"40":0,"41":0,"42":0,"43":0,"44":0,"45":0},"f":{"0":0,"1":0,"2":0,"3":1,"4":0,"5":2,"6":16,"7":16,"8":1,"9":145,"10":1,"11":1,"12":0,"13":0},"b":{"0":[0],"1":[0,0],"2":[0,0],"3":[0,0],"4":[0,0],"5":[0,0],"6":[0],"7":[0,0],"8":[2,14],"9":[2,14],"10":[4,12],"11":[8,8],"12":[0],"13":[0,1],"14":[1,1],"15":[1,0],"16":[1,0],"17":[1,0],"18":[0,0],"19":[0,1],"20":[0,0],"21":[0,0],"22":[0,0]},"_coverageSchema":"1a1c01bbd47fc00a2c39e90264f33305004495a9","hash":"c95fbc26174af542736f7ffa2a1acfc6432f247e"}
}
