{"C:\\Users\\Me\\source\\React-Dynamic-Json-Table\\src\\App.js": {"path":"C:\\Users\\Me\\source\\React-Dynamic-Json-Table\\src\\App.js","statementMap":{"0":{"start":{"line":11,"column":2},"end":{"line":25,"column":4}}},"fnMap":{"0":{"name":"App","decl":{"start":{"line":10,"column":9},"end":{"line":10,"column":12}},"loc":{"start":{"line":10,"column":15},"end":{"line":26,"column":1}},"line":10}},"branchMap":{},"s":{"0":0},"f":{"0":0},"b":{}}
,"C:\\Users\\Me\\source\\React-Dynamic-Json-Table\\src\\index.js": {"path":"C:\\Users\\Me\\source\\React-Dynamic-Json-Table\\src\\index.js","statementMap":{"0":{"start":{"line":8,"column":0},"end":{"line":13,"column":2}},"1":{"start":{"line":18,"column":0},"end":{"line":18,"column":18}}},"fnMap":{},"branchMap":{},"s":{"0":0,"1":0},"f":{},"b":{}}
,"C:\\Users\\Me\\source\\React-Dynamic-Json-Table\\src\\reportWebVitals.js": {"path":"C:\\Users\\Me\\source\\React-Dynamic-Json-Table\\src\\reportWebVitals.js","statementMap":{"0":{"start":{"line":1,"column":24},"end":{"line":11,"column":1}},"1":{"start":{"line":2,"column":2},"end":{"line":10,"column":3}},"2":{"start":{"line":3,"column":4},"end":{"line":9,"column":7}},"3":{"start":{"line":4,"column":6},"end":{"line":4,"column":26}},"4":{"start":{"line":5,"column":6},"end":{"line":5,"column":26}},"5":{"start":{"line":6,"column":6},"end":{"line":6,"column":26}},"6":{"start":{"line":7,"column":6},"end":{"line":7,"column":26}},"7":{"start":{"line":8,"column":6},"end":{"line":8,"column":27}}},"fnMap":{"0":{"name":"(anonymous_0)","decl":{"start":{"line":1,"column":24},"end":{"line":1,"column":25}},"loc":{"start":{"line":1,"column":39},"end":{"line":11,"column":1}},"line":1},"1":{"name":"(anonymous_1)","decl":{"start":{"line":3,"column":30},"end":{"line":3,"column":31}},"loc":{"start":{"line":3,"column":79},"end":{"line":9,"column":5}},"line":3}},"branchMap":{"0":{"loc":{"start":{"line":2,"column":2},"end":{"line":10,"column":3}},"type":"if","locations":[{"start":{"line":2,"column":2},"end":{"line":10,"column":3}},{"start":{"line":2,"column":2},"end":{"line":10,"column":3}}],"line":2},"1":{"loc":{"start":{"line":2,"column":6},"end":{"line":2,"column":52}},"type":"binary-expr","locations":[{"start":{"line":2,"column":6},"end":{"line":2,"column":17}},{"start":{"line":2,"column":21},"end":{"line":2,"column":52}}],"line":2}},"s":{"0":0,"1":0,"2":0,"3":0,"4":0,"5":0,"6":0,"7":0},"f":{"0":0,"1":0},"b":{"0":[0,0],"1":[0,0]}}
,"C:\\Users\\Me\\source\\React-Dynamic-Json-Table\\src\\wrapper.js": {"path":"C:\\Users\\Me\\source\\React-Dynamic-Json-Table\\src\\wrapper.js","statementMap":{"0":{"start":{"line":4,"column":18},"end":{"line":15,"column":1}},"1":{"start":{"line":5,"column":2},"end":{"line":14,"column":3}}},"fnMap":{"0":{"name":"(anonymous_0)","decl":{"start":{"line":4,"column":18},"end":{"line":4,"column":19}},"loc":{"start":{"line":4,"column":29},"end":{"line":15,"column":1}},"line":4}},"branchMap":{},"s":{"0":0,"1":0},"f":{"0":0},"b":{}}
,"C:\\Users\\Me\\source\\React-Dynamic-Json-Table\\src\\components\\dist\\index.js": {"path":"C:\\Users\\Me\\source\\React-Dynamic-Json-Table\\src\\components\\dist\\index.js","statementMap":{"0":{"start":{"line":3,"column":0},"end":{"line":5,"column":3}},"1":{"start":{"line":6,"column":0},"end":{"line":6,"column":25}},"2":{"start":{"line":8,"column":0},"end":{"line":8,"column":59}},"3":{"start":{"line":10,"column":13},"end":{"line":10,"column":54}},"4":{"start":{"line":12,"column":15},"end":{"line":12,"column":44}},"5":{"start":{"line":14,"column":12},"end":{"line":14,"column":62}},"6":{"start":{"line":16,"column":20},"end":{"line":16,"column":78}},"7":{"start":{"line":18,"column":13},"end":{"line":18,"column":64}},"8":{"start":{"line":20,"column":17},"end":{"line":20,"column":62}},"9":{"start":{"line":22,"column":12},"end":{"line":22,"column":62}},"10":{"start":{"line":24,"column":20},"end":{"line":24,"column":54}},"11":{"start":{"line":26,"column":13},"end":{"line":26,"column":64}},"12":{"start":{"line":28,"column":13},"end":{"line":28,"column":37}},"13":{"start":{"line":30,"column":39},"end":{"line":30,"column":93}},"14":{"start":{"line":32,"column":49},"end":{"line":32,"column":96}},"15":{"start":{"line":32,"column":84},"end":{"line":32,"column":96}},"16":{"start":{"line":32,"column":121},"end":{"line":32,"column":134}},"17":{"start":{"line":32,"column":159},"end":{"line":32,"column":172}},"18":{"start":{"line":32,"column":174},"end":{"line":32,"column":333}},"19":{"start":{"line":32,"column":258},"end":{"line":32,"column":316}},"20":{"start":{"line":34,"column":53},"end":{"line":34,"column":111}},"21":{"start":{"line":34,"column":98},"end":{"line":34,"column":109}},"22":{"start":{"line":34,"column":112},"end":{"line":34,"column":214}},"23":{"start":{"line":34,"column":188},"end":{"line":34,"column":212}},"24":{"start":{"line":34,"column":227},"end":{"line":34,"column":264}},"25":{"start":{"line":34,"column":266},"end":{"line":34,"column":321}},"26":{"start":{"line":34,"column":297},"end":{"line":34,"column":319}},"27":{"start":{"line":34,"column":335},"end":{"line":34,"column":337}},"28":{"start":{"line":34,"column":367},"end":{"line":34,"column":423}},"29":{"start":{"line":34,"column":425},"end":{"line":34,"column":726}},"30":{"start":{"line":34,"column":448},"end":{"line":34,"column":724}},"31":{"start":{"line":34,"column":534},"end":{"line":34,"column":606}},"32":{"start":{"line":34,"column":608},"end":{"line":34,"column":722}},"33":{"start":{"line":34,"column":646},"end":{"line":34,"column":687}},"34":{"start":{"line":34,"column":697},"end":{"line":34,"column":720}},"35":{"start":{"line":34,"column":727},"end":{"line":34,"column":748}},"36":{"start":{"line":34,"column":749},"end":{"line":34,"column":787}},"37":{"start":{"line":34,"column":762},"end":{"line":34,"column":785}},"38":{"start":{"line":34,"column":788},"end":{"line":34,"column":802}},"39":{"start":{"line":36,"column":14},"end":{"line":163,"column":1}},"40":{"start":{"line":38,"column":18},"end":{"line":38,"column":37}},"41":{"start":{"line":39,"column":13},"end":{"line":39,"column":29}},"42":{"start":{"line":40,"column":18},"end":{"line":40,"column":45}},"43":{"start":{"line":41,"column":25},"end":{"line":41,"column":53}},"44":{"start":{"line":42,"column":24},"end":{"line":42,"column":29}},"45":{"start":{"line":43,"column":25},"end":{"line":43,"column":53}},"46":{"start":{"line":44,"column":21},"end":{"line":44,"column":22}},"47":{"start":{"line":45,"column":17},"end":{"line":45,"column":18}},"48":{"start":{"line":46,"column":21},"end":{"line":51,"column":3}},"49":{"start":{"line":52,"column":19},"end":{"line":52,"column":41}},"50":{"start":{"line":53,"column":21},"end":{"line":53,"column":54}},"51":{"start":{"line":54,"column":19},"end":{"line":54,"column":44}},"52":{"start":{"line":55,"column":21},"end":{"line":55,"column":48}},"53":{"start":{"line":56,"column":19},"end":{"line":56,"column":44}},"54":{"start":{"line":57,"column":15},"end":{"line":57,"column":20}},"55":{"start":{"line":59,"column":2},"end":{"line":61,"column":3}},"56":{"start":{"line":60,"column":4},"end":{"line":60,"column":18}},"57":{"start":{"line":63,"column":21},"end":{"line":63,"column":41}},"58":{"start":{"line":64,"column":21},"end":{"line":64,"column":45}},"59":{"start":{"line":65,"column":26},"end":{"line":65,"column":43}},"60":{"start":{"line":67,"column":19},"end":{"line":69,"column":3}},"61":{"start":{"line":68,"column":4},"end":{"line":68,"column":81}},"62":{"start":{"line":71,"column":2},"end":{"line":73,"column":3}},"63":{"start":{"line":72,"column":4},"end":{"line":72,"column":45}},"64":{"start":{"line":75,"column":19},"end":{"line":81,"column":3}},"65":{"start":{"line":82,"column":23},"end":{"line":106,"column":3}},"66":{"start":{"line":107,"column":28},"end":{"line":107,"column":92}},"67":{"start":{"line":109,"column":2},"end":{"line":117,"column":14}},"68":{"start":{"line":110,"column":4},"end":{"line":110,"column":33}},"69":{"start":{"line":111,"column":4},"end":{"line":116,"column":7}},"70":{"start":{"line":119,"column":17},"end":{"line":119,"column":39}},"71":{"start":{"line":120,"column":21},"end":{"line":120,"column":39}},"72":{"start":{"line":121,"column":19},"end":{"line":121,"column":41}},"73":{"start":{"line":123,"column":19},"end":{"line":129,"column":3}},"74":{"start":{"line":124,"column":4},"end":{"line":128,"column":5}},"75":{"start":{"line":125,"column":6},"end":{"line":127,"column":7}},"76":{"start":{"line":126,"column":8},"end":{"line":126,"column":60}},"77":{"start":{"line":131,"column":2},"end":{"line":162,"column":6}},"78":{"start":{"line":165,"column":0},"end":{"line":175,"column":2}},"79":{"start":{"line":176,"column":0},"end":{"line":184,"column":2}},"80":{"start":{"line":185,"column":15},"end":{"line":185,"column":20}},"81":{"start":{"line":186,"column":0},"end":{"line":186,"column":27}}},"fnMap":{"0":{"name":"_interopRequireDefault","decl":{"start":{"line":30,"column":9},"end":{"line":30,"column":31}},"loc":{"start":{"line":30,"column":37},"end":{"line":30,"column":95}},"line":30},"1":{"name":"_getRequireWildcardCache","decl":{"start":{"line":32,"column":9},"end":{"line":32,"column":33}},"loc":{"start":{"line":32,"column":47},"end":{"line":32,"column":335}},"line":32},"2":{"name":"_getRequireWildcardCache","decl":{"start":{"line":32,"column":218},"end":{"line":32,"column":242}},"loc":{"start":{"line":32,"column":256},"end":{"line":32,"column":318}},"line":32},"3":{"name":"_interopRequireWildcard","decl":{"start":{"line":34,"column":9},"end":{"line":34,"column":32}},"loc":{"start":{"line":34,"column":51},"end":{"line":34,"column":804}},"line":34},"4":{"name":"(anonymous_4)","decl":{"start":{"line":36,"column":14},"end":{"line":36,"column":15}},"loc":{"start":{"line":36,"column":23},"end":{"line":163,"column":1}},"line":36},"5":{"name":"(anonymous_5)","decl":{"start":{"line":67,"column":19},"end":{"line":67,"column":20}},"loc":{"start":{"line":67,"column":55},"end":{"line":69,"column":3}},"line":67},"6":{"name":"(anonymous_6)","decl":{"start":{"line":109,"column":27},"end":{"line":109,"column":28}},"loc":{"start":{"line":109,"column":33},"end":{"line":117,"column":3}},"line":109},"7":{"name":"(anonymous_7)","decl":{"start":{"line":123,"column":19},"end":{"line":123,"column":20}},"loc":{"start":{"line":123,"column":50},"end":{"line":129,"column":3}},"line":123}},"branchMap":{"0":{"loc":{"start":{"line":30,"column":46},"end":{"line":30,"column":92}},"type":"cond-expr","locations":[{"start":{"line":30,"column":70},"end":{"line":30,"column":73}},{"start":{"line":30,"column":76},"end":{"line":30,"column":92}}],"line":30},"1":{"loc":{"start":{"line":30,"column":46},"end":{"line":30,"column":67}},"type":"binary-expr","locations":[{"start":{"line":30,"column":46},"end":{"line":30,"column":49}},{"start":{"line":30,"column":53},"end":{"line":30,"column":67}}],"line":30},"2":{"loc":{"start":{"line":32,"column":49},"end":{"line":32,"column":96}},"type":"if","locations":[{"start":{"line":32,"column":49},"end":{"line":32,"column":96}},{"start":{"line":32,"column":49},"end":{"line":32,"column":96}}],"line":32},"3":{"loc":{"start":{"line":32,"column":265},"end":{"line":32,"column":315}},"type":"cond-expr","locations":[{"start":{"line":32,"column":279},"end":{"line":32,"column":295}},{"start":{"line":32,"column":298},"end":{"line":32,"column":315}}],"line":32},"4":{"loc":{"start":{"line":34,"column":53},"end":{"line":34,"column":111}},"type":"if","locations":[{"start":{"line":34,"column":53},"end":{"line":34,"column":111}},{"start":{"line":34,"column":53},"end":{"line":34,"column":111}}],"line":34},"5":{"loc":{"start":{"line":34,"column":57},"end":{"line":34,"column":94}},"type":"binary-expr","locations":[{"start":{"line":34,"column":57},"end":{"line":34,"column":69}},{"start":{"line":34,"column":73},"end":{"line":34,"column":76}},{"start":{"line":34,"column":80},"end":{"line":34,"column":94}}],"line":34},"6":{"loc":{"start":{"line":34,"column":112},"end":{"line":34,"column":214}},"type":"if","locations":[{"start":{"line":34,"column":112},"end":{"line":34,"column":214}},{"start":{"line":34,"column":112},"end":{"line":34,"column":214}}],"line":34},"7":{"loc":{"start":{"line":34,"column":116},"end":{"line":34,"column":184}},"type":"binary-expr","locations":[{"start":{"line":34,"column":116},"end":{"line":34,"column":128}},{"start":{"line":34,"column":132},"end":{"line":34,"column":155}},{"start":{"line":34,"column":159},"end":{"line":34,"column":184}}],"line":34},"8":{"loc":{"start":{"line":34,"column":266},"end":{"line":34,"column":321}},"type":"if","locations":[{"start":{"line":34,"column":266},"end":{"line":34,"column":321}},{"start":{"line":34,"column":266},"end":{"line":34,"column":321}}],"line":34},"9":{"loc":{"start":{"line":34,"column":270},"end":{"line":34,"column":293}},"type":"binary-expr","locations":[{"start":{"line":34,"column":270},"end":{"line":34,"column":275}},{"start":{"line":34,"column":279},"end":{"line":34,"column":293}}],"line":34},"10":{"loc":{"start":{"line":34,"column":367},"end":{"line":34,"column":423}},"type":"binary-expr","locations":[{"start":{"line":34,"column":367},"end":{"line":34,"column":388}},{"start":{"line":34,"column":392},"end":{"line":34,"column":423}}],"line":34},"11":{"loc":{"start":{"line":34,"column":448},"end":{"line":34,"column":724}},"type":"if","locations":[{"start":{"line":34,"column":448},"end":{"line":34,"column":724}},{"start":{"line":34,"column":448},"end":{"line":34,"column":724}}],"line":34},"12":{"loc":{"start":{"line":34,"column":452},"end":{"line":34,"column":519}},"type":"binary-expr","locations":[{"start":{"line":34,"column":452},"end":{"line":34,"column":469}},{"start":{"line":34,"column":473},"end":{"line":34,"column":519}}],"line":34},"13":{"loc":{"start":{"line":34,"column":534},"end":{"line":34,"column":606}},"type":"cond-expr","locations":[{"start":{"line":34,"column":558},"end":{"line":34,"column":599}},{"start":{"line":34,"column":602},"end":{"line":34,"column":606}}],"line":34},"14":{"loc":{"start":{"line":34,"column":608},"end":{"line":34,"column":722}},"type":"if","locations":[{"start":{"line":34,"column":608},"end":{"line":34,"column":722}},{"start":{"line":34,"column":608},"end":{"line":34,"column":722}}],"line":34},"15":{"loc":{"start":{"line":34,"column":612},"end":{"line":34,"column":642}},"type":"binary-expr","locations":[{"start":{"line":34,"column":612},"end":{"line":34,"column":616}},{"start":{"line":34,"column":621},"end":{"line":34,"column":629}},{"start":{"line":34,"column":633},"end":{"line":34,"column":641}}],"line":34},"16":{"loc":{"start":{"line":34,"column":749},"end":{"line":34,"column":787}},"type":"if","locations":[{"start":{"line":34,"column":749},"end":{"line":34,"column":787}},{"start":{"line":34,"column":749},"end":{"line":34,"column":787}}],"line":34},"17":{"loc":{"start":{"line":38,"column":18},"end":{"line":38,"column":37}},"type":"binary-expr","locations":[{"start":{"line":38,"column":18},"end":{"line":38,"column":31}},{"start":{"line":38,"column":35},"end":{"line":38,"column":37}}],"line":38},"18":{"loc":{"start":{"line":39,"column":13},"end":{"line":39,"column":29}},"type":"binary-expr","locations":[{"start":{"line":39,"column":13},"end":{"line":39,"column":23}},{"start":{"line":39,"column":27},"end":{"line":39,"column":29}}],"line":39},"19":{"loc":{"start":{"line":41,"column":25},"end":{"line":41,"column":53}},"type":"binary-expr","locations":[{"start":{"line":41,"column":25},"end":{"line":41,"column":47}},{"start":{"line":41,"column":51},"end":{"line":41,"column":53}}],"line":41},"20":{"loc":{"start":{"line":43,"column":25},"end":{"line":43,"column":53}},"type":"binary-expr","locations":[{"start":{"line":43,"column":25},"end":{"line":43,"column":47}},{"start":{"line":43,"column":51},"end":{"line":43,"column":53}}],"line":43},"21":{"loc":{"start":{"line":46,"column":21},"end":{"line":51,"column":3}},"type":"binary-expr","locations":[{"start":{"line":46,"column":21},"end":{"line":46,"column":39}},{"start":{"line":46,"column":43},"end":{"line":51,"column":3}}],"line":46},"22":{"loc":{"start":{"line":52,"column":19},"end":{"line":52,"column":41}},"type":"binary-expr","locations":[{"start":{"line":52,"column":19},"end":{"line":52,"column":35}},{"start":{"line":52,"column":39},"end":{"line":52,"column":41}}],"line":52},"23":{"loc":{"start":{"line":54,"column":19},"end":{"line":54,"column":44}},"type":"binary-expr","locations":[{"start":{"line":54,"column":19},"end":{"line":54,"column":35}},{"start":{"line":54,"column":39},"end":{"line":54,"column":44}}],"line":54},"24":{"loc":{"start":{"line":55,"column":21},"end":{"line":55,"column":48}},"type":"binary-expr","locations":[{"start":{"line":55,"column":21},"end":{"line":55,"column":39}},{"start":{"line":55,"column":43},"end":{"line":55,"column":48}}],"line":55},"25":{"loc":{"start":{"line":56,"column":19},"end":{"line":56,"column":44}},"type":"binary-expr","locations":[{"start":{"line":56,"column":19},"end":{"line":56,"column":35}},{"start":{"line":56,"column":39},"end":{"line":56,"column":44}}],"line":56},"26":{"loc":{"start":{"line":59,"column":2},"end":{"line":61,"column":3}},"type":"if","locations":[{"start":{"line":59,"column":2},"end":{"line":61,"column":3}},{"start":{"line":59,"column":2},"end":{"line":61,"column":3}}],"line":59},"27":{"loc":{"start":{"line":63,"column":21},"end":{"line":63,"column":41}},"type":"binary-expr","locations":[{"start":{"line":63,"column":21},"end":{"line":63,"column":35}},{"start":{"line":63,"column":39},"end":{"line":63,"column":41}}],"line":63},"28":{"loc":{"start":{"line":64,"column":21},"end":{"line":64,"column":45}},"type":"binary-expr","locations":[{"start":{"line":64,"column":21},"end":{"line":64,"column":39}},{"start":{"line":64,"column":43},"end":{"line":64,"column":45}}],"line":64},"29":{"loc":{"start":{"line":71,"column":2},"end":{"line":73,"column":3}},"type":"if","locations":[{"start":{"line":71,"column":2},"end":{"line":73,"column":3}},{"start":{"line":71,"column":2},"end":{"line":73,"column":3}}],"line":71},"30":{"loc":{"start":{"line":72,"column":20},"end":{"line":72,"column":30}},"type":"binary-expr","locations":[{"start":{"line":72,"column":20},"end":{"line":72,"column":24}},{"start":{"line":72,"column":28},"end":{"line":72,"column":30}}],"line":72},"31":{"loc":{"start":{"line":119,"column":17},"end":{"line":119,"column":39}},"type":"binary-expr","locations":[{"start":{"line":119,"column":17},"end":{"line":119,"column":33}},{"start":{"line":119,"column":37},"end":{"line":119,"column":39}}],"line":119},"32":{"loc":{"start":{"line":121,"column":19},"end":{"line":121,"column":41}},"type":"binary-expr","locations":[{"start":{"line":121,"column":19},"end":{"line":121,"column":35}},{"start":{"line":121,"column":39},"end":{"line":121,"column":41}}],"line":121},"33":{"loc":{"start":{"line":124,"column":4},"end":{"line":128,"column":5}},"type":"if","locations":[{"start":{"line":124,"column":4},"end":{"line":128,"column":5}},{"start":{"line":124,"column":4},"end":{"line":128,"column":5}}],"line":124},"34":{"loc":{"start":{"line":125,"column":6},"end":{"line":127,"column":7}},"type":"if","locations":[{"start":{"line":125,"column":6},"end":{"line":127,"column":7}},{"start":{"line":125,"column":6},"end":{"line":127,"column":7}}],"line":125},"35":{"loc":{"start":{"line":133,"column":62},"end":{"line":139,"column":6}},"type":"binary-expr","locations":[{"start":{"line":133,"column":62},"end":{"line":133,"column":72}},{"start":{"line":133,"column":89},"end":{"line":139,"column":6}}],"line":133},"36":{"loc":{"start":{"line":148,"column":7},"end":{"line":151,"column":6}},"type":"binary-expr","locations":[{"start":{"line":148,"column":7},"end":{"line":148,"column":13}},{"start":{"line":148,"column":30},"end":{"line":151,"column":6}}],"line":148},"37":{"loc":{"start":{"line":151,"column":9},"end":{"line":158,"column":6}},"type":"binary-expr","locations":[{"start":{"line":151,"column":9},"end":{"line":151,"column":17}},{"start":{"line":151,"column":34},"end":{"line":158,"column":6}}],"line":151},"38":{"loc":{"start":{"line":158,"column":8},"end":{"line":162,"column":4}},"type":"binary-expr","locations":[{"start":{"line":158,"column":8},"end":{"line":158,"column":16}},{"start":{"line":158,"column":33},"end":{"line":162,"column":4}}],"line":158}},"s":{"0":0,"1":0,"2":0,"3":0,"4":0,"5":0,"6":0,"7":0,"8":0,"9":0,"10":0,"11":0,"12":0,"13":0,"14":0,"15":0,"16":0,"17":0,"18":0,"19":0,"20":0,"21":0,"22":0,"23":0,"24":0,"25":0,"26":0,"27":0,"28":0,"29":0,"30":0,"31":0,"32":0,"33":0,"34":0,"35":0,"36":0,"37":0,"38":0,"39":0,"40":0,"41":0,"42":0,"43":0,"44":0,"45":0,"46":0,"47":0,"48":0,"49":0,"50":0,"51":0,"52":0,"53":0,"54":0,"55":0,"56":0,"57":0,"58":0,"59":0,"60":0,"61":0,"62":0,"63":0,"64":0,"65":0,"66":0,"67":0,"68":0,"69":0,"70":0,"71":0,"72":0,"73":0,"74":0,"75":0,"76":0,"77":0,"78":0,"79":0,"80":0,"81":0},"f":{"0":0,"1":0,"2":0,"3":0,"4":0,"5":0,"6":0,"7":0},"b":{"0":[0,0],"1":[0,0],"2":[0,0],"3":[0,0],"4":[0,0],"5":[0,0,0],"6":[0,0],"7":[0,0,0],"8":[0,0],"9":[0,0],"10":[0,0],"11":[0,0],"12":[0,0],"13":[0,0],"14":[0,0],"15":[0,0,0],"16":[0,0],"17":[0,0],"18":[0,0],"19":[0,0],"20":[0,0],"21":[0,0],"22":[0,0],"23":[0,0],"24":[0,0],"25":[0,0],"26":[0,0],"27":[0,0],"28":[0,0],"29":[0,0],"30":[0,0],"31":[0,0],"32":[0,0],"33":[0,0],"34":[0,0],"35":[0,0],"36":[0,0],"37":[0,0],"38":[0,0]}}
,"C:\\Users\\Me\\source\\React-Dynamic-Json-Table\\src\\components\\dist\\children\\cells.js": {"path":"C:\\Users\\Me\\source\\React-Dynamic-Json-Table\\src\\components\\dist\\children\\cells.js","statementMap":{"0":{"start":{"line":3,"column":0},"end":{"line":5,"column":3}},"1":{"start":{"line":6,"column":0},"end":{"line":6,"column":25}},"2":{"start":{"line":8,"column":0},"end":{"line":8,"column":50}},"3":{"start":{"line":10,"column":15},"end":{"line":10,"column":45}},"4":{"start":{"line":12,"column":17},"end":{"line":12,"column":62}},"5":{"start":{"line":14,"column":13},"end":{"line":14,"column":53}},"6":{"start":{"line":16,"column":13},"end":{"line":16,"column":38}},"7":{"start":{"line":18,"column":39},"end":{"line":18,"column":93}},"8":{"start":{"line":33,"column":14},"end":{"line":207,"column":1}},"9":{"start":{"line":39,"column":6},"end":{"line":39,"column":10}},"10":{"start":{"line":40,"column":18},"end":{"line":40,"column":31}},"11":{"start":{"line":41,"column":17},"end":{"line":41,"column":38}},"12":{"start":{"line":42,"column":21},"end":{"line":42,"column":39}},"13":{"start":{"line":43,"column":23},"end":{"line":43,"column":47}},"14":{"start":{"line":44,"column":23},"end":{"line":44,"column":47}},"15":{"start":{"line":45,"column":21},"end":{"line":45,"column":43}},"16":{"start":{"line":46,"column":22},"end":{"line":46,"column":47}},"17":{"start":{"line":47,"column":19},"end":{"line":47,"column":41}},"18":{"start":{"line":48,"column":18},"end":{"line":48,"column":34}},"19":{"start":{"line":50,"column":19},"end":{"line":74,"column":3}},"20":{"start":{"line":51,"column":15},"end":{"line":51,"column":46}},"21":{"start":{"line":53,"column":4},"end":{"line":73,"column":5}},"22":{"start":{"line":56,"column":10},"end":{"line":56,"column":18}},"23":{"start":{"line":57,"column":6},"end":{"line":63,"column":9}},"24":{"start":{"line":65,"column":18},"end":{"line":65,"column":39}},"25":{"start":{"line":66,"column":6},"end":{"line":72,"column":9}},"26":{"start":{"line":76,"column":22},"end":{"line":204,"column":3}},"27":{"start":{"line":77,"column":4},"end":{"line":203,"column":7}},"28":{"start":{"line":78,"column":23},"end":{"line":78,"column":71}},"29":{"start":{"line":78,"column":46},"end":{"line":78,"column":55}},"30":{"start":{"line":79,"column":25},"end":{"line":79,"column":54}},"31":{"start":{"line":80,"column":23},"end":{"line":80,"column":68}},"32":{"start":{"line":80,"column":46},"end":{"line":80,"column":67}},"33":{"start":{"line":81,"column":21},"end":{"line":81,"column":64}},"34":{"start":{"line":81,"column":42},"end":{"line":81,"column":63}},"35":{"start":{"line":82,"column":21},"end":{"line":82,"column":50}},"36":{"start":{"line":84,"column":6},"end":{"line":151,"column":7}},"37":{"start":{"line":85,"column":31},"end":{"line":85,"column":62}},"38":{"start":{"line":86,"column":27},"end":{"line":86,"column":71}},"39":{"start":{"line":86,"column":46},"end":{"line":86,"column":55}},"40":{"start":{"line":88,"column":8},"end":{"line":90,"column":9}},"41":{"start":{"line":89,"column":10},"end":{"line":89,"column":22}},"42":{"start":{"line":92,"column":8},"end":{"line":103,"column":9}},"43":{"start":{"line":93,"column":10},"end":{"line":102,"column":19}},"44":{"start":{"line":105,"column":8},"end":{"line":116,"column":9}},"45":{"start":{"line":106,"column":10},"end":{"line":115,"column":14}},"46":{"start":{"line":118,"column":8},"end":{"line":128,"column":9}},"47":{"start":{"line":119,"column":10},"end":{"line":127,"column":20}},"48":{"start":{"line":130,"column":8},"end":{"line":140,"column":9}},"49":{"start":{"line":131,"column":10},"end":{"line":139,"column":19}},"50":{"start":{"line":142,"column":8},"end":{"line":150,"column":17}},"51":{"start":{"line":154,"column":6},"end":{"line":156,"column":7}},"52":{"start":{"line":155,"column":8},"end":{"line":155,"column":20}},"53":{"start":{"line":162,"column":6},"end":{"line":164,"column":7}},"54":{"start":{"line":163,"column":8},"end":{"line":163,"column":20}},"55":{"start":{"line":167,"column":6},"end":{"line":176,"column":7}},"56":{"start":{"line":168,"column":8},"end":{"line":175,"column":12}},"57":{"start":{"line":180,"column":6},"end":{"line":186,"column":7}},"58":{"start":{"line":181,"column":8},"end":{"line":185,"column":11}},"59":{"start":{"line":191,"column":6},"end":{"line":196,"column":7}},"60":{"start":{"line":192,"column":8},"end":{"line":195,"column":71}},"61":{"start":{"line":199,"column":6},"end":{"line":202,"column":30}},"62":{"start":{"line":206,"column":2},"end":{"line":206,"column":26}},"63":{"start":{"line":209,"column":0},"end":{"line":218,"column":2}},"64":{"start":{"line":219,"column":0},"end":{"line":221,"column":2}},"65":{"start":{"line":222,"column":15},"end":{"line":222,"column":20}},"66":{"start":{"line":223,"column":0},"end":{"line":223,"column":27}}},"fnMap":{"0":{"name":"_interopRequireDefault","decl":{"start":{"line":18,"column":9},"end":{"line":18,"column":31}},"loc":{"start":{"line":18,"column":37},"end":{"line":18,"column":95}},"line":18},"1":{"name":"(anonymous_1)","decl":{"start":{"line":33,"column":14},"end":{"line":33,"column":15}},"loc":{"start":{"line":33,"column":22},"end":{"line":207,"column":1}},"line":33},"2":{"name":"(anonymous_2)","decl":{"start":{"line":50,"column":19},"end":{"line":50,"column":20}},"loc":{"start":{"line":50,"column":24},"end":{"line":74,"column":3}},"line":50},"3":{"name":"(anonymous_3)","decl":{"start":{"line":76,"column":22},"end":{"line":76,"column":23}},"loc":{"start":{"line":76,"column":29},"end":{"line":204,"column":3}},"line":76},"4":{"name":"(anonymous_4)","decl":{"start":{"line":77,"column":23},"end":{"line":77,"column":24}},"loc":{"start":{"line":77,"column":30},"end":{"line":203,"column":5}},"line":77},"5":{"name":"(anonymous_5)","decl":{"start":{"line":78,"column":41},"end":{"line":78,"column":42}},"loc":{"start":{"line":78,"column":46},"end":{"line":78,"column":55}},"line":78},"6":{"name":"(anonymous_6)","decl":{"start":{"line":80,"column":41},"end":{"line":80,"column":42}},"loc":{"start":{"line":80,"column":46},"end":{"line":80,"column":67}},"line":80},"7":{"name":"(anonymous_7)","decl":{"start":{"line":81,"column":37},"end":{"line":81,"column":38}},"loc":{"start":{"line":81,"column":42},"end":{"line":81,"column":63}},"line":81},"8":{"name":"(anonymous_8)","decl":{"start":{"line":86,"column":41},"end":{"line":86,"column":42}},"loc":{"start":{"line":86,"column":46},"end":{"line":86,"column":55}},"line":86}},"branchMap":{"0":{"loc":{"start":{"line":18,"column":46},"end":{"line":18,"column":92}},"type":"cond-expr","locations":[{"start":{"line":18,"column":70},"end":{"line":18,"column":73}},{"start":{"line":18,"column":76},"end":{"line":18,"column":92}}],"line":18},"1":{"loc":{"start":{"line":18,"column":46},"end":{"line":18,"column":67}},"type":"binary-expr","locations":[{"start":{"line":18,"column":46},"end":{"line":18,"column":49}},{"start":{"line":18,"column":53},"end":{"line":18,"column":67}}],"line":18},"2":{"loc":{"start":{"line":41,"column":17},"end":{"line":41,"column":38}},"type":"binary-expr","locations":[{"start":{"line":41,"column":17},"end":{"line":41,"column":32}},{"start":{"line":41,"column":36},"end":{"line":41,"column":38}}],"line":41},"3":{"loc":{"start":{"line":43,"column":23},"end":{"line":43,"column":47}},"type":"binary-expr","locations":[{"start":{"line":43,"column":23},"end":{"line":43,"column":41}},{"start":{"line":43,"column":45},"end":{"line":43,"column":47}}],"line":43},"4":{"loc":{"start":{"line":44,"column":23},"end":{"line":44,"column":47}},"type":"binary-expr","locations":[{"start":{"line":44,"column":23},"end":{"line":44,"column":41}},{"start":{"line":44,"column":45},"end":{"line":44,"column":47}}],"line":44},"5":{"loc":{"start":{"line":45,"column":21},"end":{"line":45,"column":43}},"type":"binary-expr","locations":[{"start":{"line":45,"column":21},"end":{"line":45,"column":37}},{"start":{"line":45,"column":41},"end":{"line":45,"column":43}}],"line":45},"6":{"loc":{"start":{"line":46,"column":22},"end":{"line":46,"column":47}},"type":"binary-expr","locations":[{"start":{"line":46,"column":22},"end":{"line":46,"column":41}},{"start":{"line":46,"column":45},"end":{"line":46,"column":47}}],"line":46},"7":{"loc":{"start":{"line":47,"column":19},"end":{"line":47,"column":41}},"type":"binary-expr","locations":[{"start":{"line":47,"column":19},"end":{"line":47,"column":35}},{"start":{"line":47,"column":39},"end":{"line":47,"column":41}}],"line":47},"8":{"loc":{"start":{"line":53,"column":4},"end":{"line":73,"column":5}},"type":"if","locations":[{"start":{"line":53,"column":4},"end":{"line":73,"column":5}},{"start":{"line":53,"column":4},"end":{"line":73,"column":5}}],"line":53},"9":{"loc":{"start":{"line":78,"column":23},"end":{"line":78,"column":71}},"type":"cond-expr","locations":[{"start":{"line":78,"column":59},"end":{"line":78,"column":63}},{"start":{"line":78,"column":66},"end":{"line":78,"column":71}}],"line":78},"10":{"loc":{"start":{"line":82,"column":21},"end":{"line":82,"column":50}},"type":"cond-expr","locations":[{"start":{"line":82,"column":30},"end":{"line":82,"column":45}},{"start":{"line":82,"column":48},"end":{"line":82,"column":50}}],"line":82},"11":{"loc":{"start":{"line":84,"column":6},"end":{"line":151,"column":7}},"type":"if","locations":[{"start":{"line":84,"column":6},"end":{"line":151,"column":7}},{"start":{"line":84,"column":6},"end":{"line":151,"column":7}}],"line":84},"12":{"loc":{"start":{"line":86,"column":27},"end":{"line":86,"column":71}},"type":"cond-expr","locations":[{"start":{"line":86,"column":59},"end":{"line":86,"column":63}},{"start":{"line":86,"column":66},"end":{"line":86,"column":71}}],"line":86},"13":{"loc":{"start":{"line":88,"column":8},"end":{"line":90,"column":9}},"type":"if","locations":[{"start":{"line":88,"column":8},"end":{"line":90,"column":9}},{"start":{"line":88,"column":8},"end":{"line":90,"column":9}}],"line":88},"14":{"loc":{"start":{"line":92,"column":8},"end":{"line":103,"column":9}},"type":"if","locations":[{"start":{"line":92,"column":8},"end":{"line":103,"column":9}},{"start":{"line":92,"column":8},"end":{"line":103,"column":9}}],"line":92},"15":{"loc":{"start":{"line":105,"column":8},"end":{"line":116,"column":9}},"type":"if","locations":[{"start":{"line":105,"column":8},"end":{"line":116,"column":9}},{"start":{"line":105,"column":8},"end":{"line":116,"column":9}}],"line":105},"16":{"loc":{"start":{"line":105,"column":12},"end":{"line":105,"column":52}},"type":"binary-expr","locations":[{"start":{"line":105,"column":12},"end":{"line":105,"column":22}},{"start":{"line":105,"column":26},"end":{"line":105,"column":52}}],"line":105},"17":{"loc":{"start":{"line":118,"column":8},"end":{"line":128,"column":9}},"type":"if","locations":[{"start":{"line":118,"column":8},"end":{"line":128,"column":9}},{"start":{"line":118,"column":8},"end":{"line":128,"column":9}}],"line":118},"18":{"loc":{"start":{"line":130,"column":8},"end":{"line":140,"column":9}},"type":"if","locations":[{"start":{"line":130,"column":8},"end":{"line":140,"column":9}},{"start":{"line":130,"column":8},"end":{"line":140,"column":9}}],"line":130},"19":{"loc":{"start":{"line":154,"column":6},"end":{"line":156,"column":7}},"type":"if","locations":[{"start":{"line":154,"column":6},"end":{"line":156,"column":7}},{"start":{"line":154,"column":6},"end":{"line":156,"column":7}}],"line":154},"20":{"loc":{"start":{"line":162,"column":6},"end":{"line":164,"column":7}},"type":"if","locations":[{"start":{"line":162,"column":6},"end":{"line":164,"column":7}},{"start":{"line":162,"column":6},"end":{"line":164,"column":7}}],"line":162},"21":{"loc":{"start":{"line":167,"column":6},"end":{"line":176,"column":7}},"type":"if","locations":[{"start":{"line":167,"column":6},"end":{"line":176,"column":7}},{"start":{"line":167,"column":6},"end":{"line":176,"column":7}}],"line":167},"22":{"loc":{"start":{"line":167,"column":10},"end":{"line":167,"column":50}},"type":"binary-expr","locations":[{"start":{"line":167,"column":10},"end":{"line":167,"column":20}},{"start":{"line":167,"column":24},"end":{"line":167,"column":50}}],"line":167},"23":{"loc":{"start":{"line":180,"column":6},"end":{"line":186,"column":7}},"type":"if","locations":[{"start":{"line":180,"column":6},"end":{"line":186,"column":7}},{"start":{"line":180,"column":6},"end":{"line":186,"column":7}}],"line":180},"24":{"loc":{"start":{"line":191,"column":6},"end":{"line":196,"column":7}},"type":"if","locations":[{"start":{"line":191,"column":6},"end":{"line":196,"column":7}},{"start":{"line":191,"column":6},"end":{"line":196,"column":7}}],"line":191}},"s":{"0":0,"1":0,"2":0,"3":0,"4":0,"5":0,"6":0,"7":0,"8":0,"9":0,"10":0,"11":0,"12":0,"13":0,"14":0,"15":0,"16":0,"17":0,"18":0,"19":0,"20":0,"21":0,"22":0,"23":0,"24":0,"25":0,"26":0,"27":0,"28":0,"29":0,"30":0,"31":0,"32":0,"33":0,"34":0,"35":0,"36":0,"37":0,"38":0,"39":0,"40":0,"41":0,"42":0,"43":0,"44":0,"45":0,"46":0,"47":0,"48":0,"49":0,"50":0,"51":0,"52":0,"53":0,"54":0,"55":0,"56":0,"57":0,"58":0,"59":0,"60":0,"61":0,"62":0,"63":0,"64":0,"65":0,"66":0},"f":{"0":0,"1":0,"2":0,"3":0,"4":0,"5":0,"6":0,"7":0,"8":0},"b":{"0":[0,0],"1":[0,0],"2":[0,0],"3":[0,0],"4":[0,0],"5":[0,0],"6":[0,0],"7":[0,0],"8":[0,0],"9":[0,0],"10":[0,0],"11":[0,0],"12":[0,0],"13":[0,0],"14":[0,0],"15":[0,0],"16":[0,0],"17":[0,0],"18":[0,0],"19":[0,0],"20":[0,0],"21":[0,0],"22":[0,0],"23":[0,0],"24":[0,0]}}
,"C:\\Users\\Me\\source\\React-Dynamic-Json-Table\\src\\components\\dist\\children\\crud.js": {"path":"C:\\Users\\Me\\source\\React-Dynamic-Json-Table\\src\\components\\dist\\children\\crud.js","statementMap":{"0":{"start":{"line":3,"column":0},"end":{"line":5,"column":3}},"1":{"start":{"line":6,"column":0},"end":{"line":6,"column":25}},"2":{"start":{"line":8,"column":0},"end":{"line":8,"column":50}},"3":{"start":{"line":10,"column":15},"end":{"line":10,"column":45}},"4":{"start":{"line":12,"column":13},"end":{"line":12,"column":53}},"5":{"start":{"line":14,"column":39},"end":{"line":14,"column":93}},"6":{"start":{"line":21,"column":6},"end":{"line":21,"column":10}},"7":{"start":{"line":23,"column":28},"end":{"line":65,"column":3}},"8":{"start":{"line":24,"column":23},"end":{"line":24,"column":68}},"9":{"start":{"line":26,"column":4},"end":{"line":64,"column":5}},"10":{"start":{"line":28,"column":8},"end":{"line":30,"column":11}},"11":{"start":{"line":31,"column":8},"end":{"line":31,"column":81}},"12":{"start":{"line":32,"column":8},"end":{"line":32,"column":14}},"13":{"start":{"line":35,"column":8},"end":{"line":37,"column":11}},"14":{"start":{"line":38,"column":8},"end":{"line":38,"column":81}},"15":{"start":{"line":39,"column":8},"end":{"line":39,"column":14}},"16":{"start":{"line":42,"column":8},"end":{"line":44,"column":11}},"17":{"start":{"line":45,"column":8},"end":{"line":45,"column":81}},"18":{"start":{"line":46,"column":8},"end":{"line":46,"column":14}},"19":{"start":{"line":49,"column":8},"end":{"line":51,"column":11}},"20":{"start":{"line":52,"column":8},"end":{"line":52,"column":81}},"21":{"start":{"line":53,"column":8},"end":{"line":53,"column":14}},"22":{"start":{"line":56,"column":8},"end":{"line":58,"column":11}},"23":{"start":{"line":59,"column":8},"end":{"line":59,"column":64}},"24":{"start":{"line":60,"column":8},"end":{"line":60,"column":14}},"25":{"start":{"line":63,"column":8},"end":{"line":63,"column":14}},"26":{"start":{"line":67,"column":21},"end":{"line":91,"column":3}},"27":{"start":{"line":68,"column":4},"end":{"line":90,"column":18}},"28":{"start":{"line":93,"column":2},"end":{"line":93,"column":22}},"29":{"start":{"line":96,"column":15},"end":{"line":96,"column":19}},"30":{"start":{"line":97,"column":0},"end":{"line":97,"column":27}}},"fnMap":{"0":{"name":"_interopRequireDefault","decl":{"start":{"line":14,"column":9},"end":{"line":14,"column":31}},"loc":{"start":{"line":14,"column":37},"end":{"line":14,"column":95}},"line":14},"1":{"name":"Crud","decl":{"start":{"line":16,"column":9},"end":{"line":16,"column":13}},"loc":{"start":{"line":16,"column":20},"end":{"line":94,"column":1}},"line":16},"2":{"name":"(anonymous_2)","decl":{"start":{"line":23,"column":28},"end":{"line":23,"column":29}},"loc":{"start":{"line":23,"column":33},"end":{"line":65,"column":3}},"line":23},"3":{"name":"(anonymous_3)","decl":{"start":{"line":67,"column":21},"end":{"line":67,"column":22}},"loc":{"start":{"line":67,"column":27},"end":{"line":91,"column":3}},"line":67}},"branchMap":{"0":{"loc":{"start":{"line":14,"column":46},"end":{"line":14,"column":92}},"type":"cond-expr","locations":[{"start":{"line":14,"column":70},"end":{"line":14,"column":73}},{"start":{"line":14,"column":76},"end":{"line":14,"column":92}}],"line":14},"1":{"loc":{"start":{"line":14,"column":46},"end":{"line":14,"column":67}},"type":"binary-expr","locations":[{"start":{"line":14,"column":46},"end":{"line":14,"column":49}},{"start":{"line":14,"column":53},"end":{"line":14,"column":67}}],"line":14},"2":{"loc":{"start":{"line":26,"column":4},"end":{"line":64,"column":5}},"type":"switch","locations":[{"start":{"line":27,"column":6},"end":{"line":32,"column":14}},{"start":{"line":34,"column":6},"end":{"line":39,"column":14}},{"start":{"line":41,"column":6},"end":{"line":46,"column":14}},{"start":{"line":48,"column":6},"end":{"line":53,"column":14}},{"start":{"line":55,"column":6},"end":{"line":60,"column":14}},{"start":{"line":62,"column":6},"end":{"line":63,"column":14}}],"line":26},"3":{"loc":{"start":{"line":78,"column":18},"end":{"line":82,"column":16}},"type":"binary-expr","locations":[{"start":{"line":78,"column":18},"end":{"line":78,"column":31}},{"start":{"line":78,"column":48},"end":{"line":82,"column":16}}],"line":78},"4":{"loc":{"start":{"line":82,"column":18},"end":{"line":86,"column":16}},"type":"binary-expr","locations":[{"start":{"line":82,"column":18},"end":{"line":82,"column":33}},{"start":{"line":82,"column":50},"end":{"line":86,"column":16}}],"line":82}},"s":{"0":0,"1":0,"2":0,"3":0,"4":0,"5":0,"6":0,"7":0,"8":0,"9":0,"10":0,"11":0,"12":0,"13":0,"14":0,"15":0,"16":0,"17":0,"18":0,"19":0,"20":0,"21":0,"22":0,"23":0,"24":0,"25":0,"26":0,"27":0,"28":0,"29":0,"30":0},"f":{"0":0,"1":0,"2":0,"3":0},"b":{"0":[0,0],"1":[0,0],"2":[0,0,0,0,0,0],"3":[0,0],"4":[0,0]}}
,"C:\\Users\\Me\\source\\React-Dynamic-Json-Table\\src\\components\\dist\\children\\filterCols.js": {"path":"C:\\Users\\Me\\source\\React-Dynamic-Json-Table\\src\\components\\dist\\children\\filterCols.js","statementMap":{"0":{"start":{"line":3,"column":0},"end":{"line":5,"column":3}},"1":{"start":{"line":6,"column":0},"end":{"line":6,"column":25}},"2":{"start":{"line":8,"column":15},"end":{"line":8,"column":45}},"3":{"start":{"line":10,"column":13},"end":{"line":10,"column":53}},"4":{"start":{"line":12,"column":39},"end":{"line":12,"column":93}},"5":{"start":{"line":14,"column":19},"end":{"line":58,"column":1}},"6":{"start":{"line":18,"column":6},"end":{"line":18,"column":10}},"7":{"start":{"line":19,"column":18},"end":{"line":19,"column":31}},"8":{"start":{"line":20,"column":29},"end":{"line":20,"column":53}},"9":{"start":{"line":21,"column":18},"end":{"line":21,"column":48}},"10":{"start":{"line":23,"column":25},"end":{"line":33,"column":3}},"11":{"start":{"line":24,"column":4},"end":{"line":32,"column":7}},"12":{"start":{"line":35,"column":24},"end":{"line":55,"column":3}},"13":{"start":{"line":36,"column":4},"end":{"line":54,"column":7}},"14":{"start":{"line":37,"column":26},"end":{"line":37,"column":80}},"15":{"start":{"line":37,"column":55},"end":{"line":37,"column":64}},"16":{"start":{"line":39,"column":6},"end":{"line":49,"column":7}},"17":{"start":{"line":40,"column":8},"end":{"line":48,"column":12}},"18":{"start":{"line":51,"column":6},"end":{"line":53,"column":9}},"19":{"start":{"line":57,"column":2},"end":{"line":57,"column":25}},"20":{"start":{"line":60,"column":15},"end":{"line":60,"column":25}},"21":{"start":{"line":61,"column":0},"end":{"line":61,"column":27}}},"fnMap":{"0":{"name":"_interopRequireDefault","decl":{"start":{"line":12,"column":9},"end":{"line":12,"column":31}},"loc":{"start":{"line":12,"column":37},"end":{"line":12,"column":95}},"line":12},"1":{"name":"(anonymous_1)","decl":{"start":{"line":14,"column":19},"end":{"line":14,"column":20}},"loc":{"start":{"line":14,"column":27},"end":{"line":58,"column":1}},"line":14},"2":{"name":"(anonymous_2)","decl":{"start":{"line":23,"column":25},"end":{"line":23,"column":26}},"loc":{"start":{"line":23,"column":30},"end":{"line":33,"column":3}},"line":23},"3":{"name":"(anonymous_3)","decl":{"start":{"line":35,"column":24},"end":{"line":35,"column":25}},"loc":{"start":{"line":35,"column":30},"end":{"line":55,"column":3}},"line":35},"4":{"name":"(anonymous_4)","decl":{"start":{"line":36,"column":23},"end":{"line":36,"column":24}},"loc":{"start":{"line":36,"column":30},"end":{"line":54,"column":5}},"line":36},"5":{"name":"(anonymous_5)","decl":{"start":{"line":37,"column":50},"end":{"line":37,"column":51}},"loc":{"start":{"line":37,"column":55},"end":{"line":37,"column":64}},"line":37}},"branchMap":{"0":{"loc":{"start":{"line":12,"column":46},"end":{"line":12,"column":92}},"type":"cond-expr","locations":[{"start":{"line":12,"column":70},"end":{"line":12,"column":73}},{"start":{"line":12,"column":76},"end":{"line":12,"column":92}}],"line":12},"1":{"loc":{"start":{"line":12,"column":46},"end":{"line":12,"column":67}},"type":"binary-expr","locations":[{"start":{"line":12,"column":46},"end":{"line":12,"column":49}},{"start":{"line":12,"column":53},"end":{"line":12,"column":67}}],"line":12},"2":{"loc":{"start":{"line":20,"column":29},"end":{"line":20,"column":53}},"type":"binary-expr","locations":[{"start":{"line":20,"column":29},"end":{"line":20,"column":47}},{"start":{"line":20,"column":51},"end":{"line":20,"column":53}}],"line":20},"3":{"loc":{"start":{"line":37,"column":26},"end":{"line":37,"column":80}},"type":"cond-expr","locations":[{"start":{"line":37,"column":68},"end":{"line":37,"column":72}},{"start":{"line":37,"column":75},"end":{"line":37,"column":80}}],"line":37},"4":{"loc":{"start":{"line":39,"column":6},"end":{"line":49,"column":7}},"type":"if","locations":[{"start":{"line":39,"column":6},"end":{"line":49,"column":7}},{"start":{"line":39,"column":6},"end":{"line":49,"column":7}}],"line":39}},"s":{"0":0,"1":0,"2":0,"3":0,"4":0,"5":0,"6":0,"7":0,"8":0,"9":0,"10":0,"11":0,"12":0,"13":0,"14":0,"15":0,"16":0,"17":0,"18":0,"19":0,"20":0,"21":0},"f":{"0":0,"1":0,"2":0,"3":0,"4":0,"5":0},"b":{"0":[0,0],"1":[0,0],"2":[0,0],"3":[0,0],"4":[0,0]}}
,"C:\\Users\\Me\\source\\React-Dynamic-Json-Table\\src\\components\\dist\\children\\globalsearch.js": {"path":"C:\\Users\\Me\\source\\React-Dynamic-Json-Table\\src\\components\\dist\\children\\globalsearch.js","statementMap":{"0":{"start":{"line":3,"column":0},"end":{"line":5,"column":3}},"1":{"start":{"line":6,"column":0},"end":{"line":6,"column":25}},"2":{"start":{"line":8,"column":15},"end":{"line":8,"column":45}},"3":{"start":{"line":10,"column":13},"end":{"line":10,"column":53}},"4":{"start":{"line":12,"column":39},"end":{"line":12,"column":93}},"5":{"start":{"line":18,"column":6},"end":{"line":18,"column":10}},"6":{"start":{"line":19,"column":22},"end":{"line":19,"column":74}},"7":{"start":{"line":21,"column":29},"end":{"line":32,"column":3}},"8":{"start":{"line":22,"column":20},"end":{"line":22,"column":50}},"9":{"start":{"line":23,"column":4},"end":{"line":31,"column":7}},"10":{"start":{"line":34,"column":2},"end":{"line":39,"column":6}},"11":{"start":{"line":42,"column":15},"end":{"line":42,"column":27}},"12":{"start":{"line":43,"column":0},"end":{"line":43,"column":27}}},"fnMap":{"0":{"name":"_interopRequireDefault","decl":{"start":{"line":12,"column":9},"end":{"line":12,"column":31}},"loc":{"start":{"line":12,"column":37},"end":{"line":12,"column":95}},"line":12},"1":{"name":"GlobalSearch","decl":{"start":{"line":14,"column":9},"end":{"line":14,"column":21}},"loc":{"start":{"line":14,"column":28},"end":{"line":40,"column":1}},"line":14},"2":{"name":"(anonymous_2)","decl":{"start":{"line":21,"column":29},"end":{"line":21,"column":30}},"loc":{"start":{"line":21,"column":34},"end":{"line":32,"column":3}},"line":21}},"branchMap":{"0":{"loc":{"start":{"line":12,"column":46},"end":{"line":12,"column":92}},"type":"cond-expr","locations":[{"start":{"line":12,"column":70},"end":{"line":12,"column":73}},{"start":{"line":12,"column":76},"end":{"line":12,"column":92}}],"line":12},"1":{"loc":{"start":{"line":12,"column":46},"end":{"line":12,"column":67}},"type":"binary-expr","locations":[{"start":{"line":12,"column":46},"end":{"line":12,"column":49}},{"start":{"line":12,"column":53},"end":{"line":12,"column":67}}],"line":12}},"s":{"0":0,"1":0,"2":0,"3":0,"4":0,"5":0,"6":0,"7":0,"8":0,"9":0,"10":0,"11":0,"12":0},"f":{"0":0,"1":0,"2":0},"b":{"0":[0,0],"1":[0,0]}}
,"C:\\Users\\Me\\source\\React-Dynamic-Json-Table\\src\\components\\dist\\children\\pager.js": {"path":"C:\\Users\\Me\\source\\React-Dynamic-Json-Table\\src\\components\\dist\\children\\pager.js","statementMap":{"0":{"start":{"line":3,"column":0},"end":{"line":5,"column":3}},"1":{"start":{"line":6,"column":0},"end":{"line":6,"column":25}},"2":{"start":{"line":8,"column":0},"end":{"line":8,"column":50}},"3":{"start":{"line":10,"column":15},"end":{"line":10,"column":45}},"4":{"start":{"line":12,"column":13},"end":{"line":12,"column":53}},"5":{"start":{"line":14,"column":13},"end":{"line":14,"column":38}},"6":{"start":{"line":16,"column":39},"end":{"line":16,"column":93}},"7":{"start":{"line":22,"column":6},"end":{"line":22,"column":10}},"8":{"start":{"line":24,"column":22},"end":{"line":24,"column":44}},"9":{"start":{"line":24,"column":27},"end":{"line":24,"column":44}},"10":{"start":{"line":27,"column":23},"end":{"line":27,"column":66}},"11":{"start":{"line":28,"column":4},"end":{"line":30,"column":7}},"12":{"start":{"line":33,"column":28},"end":{"line":48,"column":3}},"13":{"start":{"line":34,"column":4},"end":{"line":34,"column":23}},"14":{"start":{"line":35,"column":15},"end":{"line":35,"column":30}},"15":{"start":{"line":36,"column":28},"end":{"line":36,"column":46}},"16":{"start":{"line":38,"column":4},"end":{"line":45,"column":5}},"17":{"start":{"line":39,"column":6},"end":{"line":44,"column":9}},"18":{"start":{"line":47,"column":4},"end":{"line":47,"column":22}},"19":{"start":{"line":50,"column":34},"end":{"line":62,"column":3}},"20":{"start":{"line":51,"column":15},"end":{"line":51,"column":30}},"21":{"start":{"line":52,"column":25},"end":{"line":52,"column":43}},"22":{"start":{"line":54,"column":4},"end":{"line":61,"column":5}},"23":{"start":{"line":55,"column":6},"end":{"line":60,"column":9}},"24":{"start":{"line":64,"column":28},"end":{"line":113,"column":3}},"25":{"start":{"line":65,"column":24},"end":{"line":65,"column":26}},"26":{"start":{"line":67,"column":4},"end":{"line":75,"column":5}},"27":{"start":{"line":69,"column":17},"end":{"line":69,"column":21}},"28":{"start":{"line":70,"column":6},"end":{"line":70,"column":101}},"29":{"start":{"line":71,"column":6},"end":{"line":74,"column":25}},"30":{"start":{"line":77,"column":4},"end":{"line":82,"column":5}},"31":{"start":{"line":78,"column":6},"end":{"line":81,"column":23}},"32":{"start":{"line":84,"column":4},"end":{"line":89,"column":5}},"33":{"start":{"line":85,"column":6},"end":{"line":88,"column":23}},"34":{"start":{"line":91,"column":4},"end":{"line":96,"column":5}},"35":{"start":{"line":92,"column":6},"end":{"line":95,"column":23}},"36":{"start":{"line":98,"column":4},"end":{"line":103,"column":5}},"37":{"start":{"line":99,"column":6},"end":{"line":102,"column":23}},"38":{"start":{"line":105,"column":4},"end":{"line":110,"column":5}},"39":{"start":{"line":106,"column":6},"end":{"line":109,"column":24}},"40":{"start":{"line":112,"column":4},"end":{"line":112,"column":23}},"41":{"start":{"line":115,"column":22},"end":{"line":200,"column":3}},"42":{"start":{"line":116,"column":16},"end":{"line":116,"column":45}},"43":{"start":{"line":118,"column":4},"end":{"line":199,"column":7}},"44":{"start":{"line":119,"column":19},"end":{"line":119,"column":40}},"45":{"start":{"line":120,"column":21},"end":{"line":120,"column":26}},"46":{"start":{"line":122,"column":6},"end":{"line":134,"column":7}},"47":{"start":{"line":123,"column":8},"end":{"line":123,"column":51}},"48":{"start":{"line":124,"column":8},"end":{"line":133,"column":12}},"49":{"start":{"line":136,"column":6},"end":{"line":146,"column":7}},"50":{"start":{"line":137,"column":8},"end":{"line":137,"column":51}},"51":{"start":{"line":138,"column":8},"end":{"line":145,"column":11}},"52":{"start":{"line":148,"column":6},"end":{"line":159,"column":7}},"53":{"start":{"line":149,"column":8},"end":{"line":149,"column":68}},"54":{"start":{"line":150,"column":8},"end":{"line":158,"column":12}},"55":{"start":{"line":161,"column":6},"end":{"line":191,"column":7}},"56":{"start":{"line":162,"column":8},"end":{"line":162,"column":68}},"57":{"start":{"line":163,"column":8},"end":{"line":190,"column":34}},"58":{"start":{"line":193,"column":6},"end":{"line":198,"column":9}},"59":{"start":{"line":202,"column":2},"end":{"line":202,"column":23}},"60":{"start":{"line":205,"column":15},"end":{"line":205,"column":20}},"61":{"start":{"line":206,"column":0},"end":{"line":206,"column":27}}},"fnMap":{"0":{"name":"_interopRequireDefault","decl":{"start":{"line":16,"column":9},"end":{"line":16,"column":31}},"loc":{"start":{"line":16,"column":37},"end":{"line":16,"column":95}},"line":16},"1":{"name":"Pager","decl":{"start":{"line":18,"column":9},"end":{"line":18,"column":14}},"loc":{"start":{"line":18,"column":21},"end":{"line":203,"column":1}},"line":18},"2":{"name":"(anonymous_2)","decl":{"start":{"line":24,"column":22},"end":{"line":24,"column":23}},"loc":{"start":{"line":24,"column":27},"end":{"line":24,"column":44}},"line":24},"3":{"name":"handlePagingClick","decl":{"start":{"line":26,"column":11},"end":{"line":26,"column":28}},"loc":{"start":{"line":26,"column":32},"end":{"line":31,"column":3}},"line":26},"4":{"name":"(anonymous_4)","decl":{"start":{"line":33,"column":28},"end":{"line":33,"column":29}},"loc":{"start":{"line":33,"column":33},"end":{"line":48,"column":3}},"line":33},"5":{"name":"(anonymous_5)","decl":{"start":{"line":50,"column":34},"end":{"line":50,"column":35}},"loc":{"start":{"line":50,"column":39},"end":{"line":62,"column":3}},"line":50},"6":{"name":"(anonymous_6)","decl":{"start":{"line":64,"column":28},"end":{"line":64,"column":29}},"loc":{"start":{"line":64,"column":34},"end":{"line":113,"column":3}},"line":64},"7":{"name":"(anonymous_7)","decl":{"start":{"line":115,"column":22},"end":{"line":115,"column":23}},"loc":{"start":{"line":115,"column":28},"end":{"line":200,"column":3}},"line":115},"8":{"name":"(anonymous_8)","decl":{"start":{"line":118,"column":19},"end":{"line":118,"column":20}},"loc":{"start":{"line":118,"column":35},"end":{"line":199,"column":5}},"line":118}},"branchMap":{"0":{"loc":{"start":{"line":16,"column":46},"end":{"line":16,"column":92}},"type":"cond-expr","locations":[{"start":{"line":16,"column":70},"end":{"line":16,"column":73}},{"start":{"line":16,"column":76},"end":{"line":16,"column":92}}],"line":16},"1":{"loc":{"start":{"line":16,"column":46},"end":{"line":16,"column":67}},"type":"binary-expr","locations":[{"start":{"line":16,"column":46},"end":{"line":16,"column":49}},{"start":{"line":16,"column":53},"end":{"line":16,"column":67}}],"line":16},"2":{"loc":{"start":{"line":38,"column":4},"end":{"line":45,"column":5}},"type":"if","locations":[{"start":{"line":38,"column":4},"end":{"line":45,"column":5}},{"start":{"line":38,"column":4},"end":{"line":45,"column":5}}],"line":38},"3":{"loc":{"start":{"line":38,"column":8},"end":{"line":38,"column":69}},"type":"binary-expr","locations":[{"start":{"line":38,"column":8},"end":{"line":38,"column":46}},{"start":{"line":38,"column":50},"end":{"line":38,"column":69}}],"line":38},"4":{"loc":{"start":{"line":54,"column":4},"end":{"line":61,"column":5}},"type":"if","locations":[{"start":{"line":54,"column":4},"end":{"line":61,"column":5}},{"start":{"line":54,"column":4},"end":{"line":61,"column":5}}],"line":54},"5":{"loc":{"start":{"line":54,"column":8},"end":{"line":54,"column":68}},"type":"binary-expr","locations":[{"start":{"line":54,"column":8},"end":{"line":54,"column":24}},{"start":{"line":54,"column":28},"end":{"line":54,"column":68}}],"line":54},"6":{"loc":{"start":{"line":67,"column":4},"end":{"line":75,"column":5}},"type":"if","locations":[{"start":{"line":67,"column":4},"end":{"line":75,"column":5}},{"start":{"line":67,"column":4},"end":{"line":75,"column":5}}],"line":67},"7":{"loc":{"start":{"line":67,"column":8},"end":{"line":67,"column":61}},"type":"binary-expr","locations":[{"start":{"line":67,"column":8},"end":{"line":67,"column":31}},{"start":{"line":67,"column":35},"end":{"line":67,"column":61}}],"line":67},"8":{"loc":{"start":{"line":70,"column":13},"end":{"line":70,"column":100}},"type":"cond-expr","locations":[{"start":{"line":70,"column":58},"end":{"line":70,"column":76}},{"start":{"line":70,"column":79},"end":{"line":70,"column":100}}],"line":70},"9":{"loc":{"start":{"line":77,"column":4},"end":{"line":82,"column":5}},"type":"if","locations":[{"start":{"line":77,"column":4},"end":{"line":82,"column":5}},{"start":{"line":77,"column":4},"end":{"line":82,"column":5}}],"line":77},"10":{"loc":{"start":{"line":84,"column":4},"end":{"line":89,"column":5}},"type":"if","locations":[{"start":{"line":84,"column":4},"end":{"line":89,"column":5}},{"start":{"line":84,"column":4},"end":{"line":89,"column":5}}],"line":84},"11":{"loc":{"start":{"line":91,"column":4},"end":{"line":96,"column":5}},"type":"if","locations":[{"start":{"line":91,"column":4},"end":{"line":96,"column":5}},{"start":{"line":91,"column":4},"end":{"line":96,"column":5}}],"line":91},"12":{"loc":{"start":{"line":98,"column":4},"end":{"line":103,"column":5}},"type":"if","locations":[{"start":{"line":98,"column":4},"end":{"line":103,"column":5}},{"start":{"line":98,"column":4},"end":{"line":103,"column":5}}],"line":98},"13":{"loc":{"start":{"line":105,"column":4},"end":{"line":110,"column":5}},"type":"if","locations":[{"start":{"line":105,"column":4},"end":{"line":110,"column":5}},{"start":{"line":105,"column":4},"end":{"line":110,"column":5}}],"line":105},"14":{"loc":{"start":{"line":122,"column":6},"end":{"line":134,"column":7}},"type":"if","locations":[{"start":{"line":122,"column":6},"end":{"line":134,"column":7}},{"start":{"line":122,"column":6},"end":{"line":134,"column":7}}],"line":122},"15":{"loc":{"start":{"line":123,"column":19},"end":{"line":123,"column":50}},"type":"cond-expr","locations":[{"start":{"line":123,"column":38},"end":{"line":123,"column":42}},{"start":{"line":123,"column":45},"end":{"line":123,"column":50}}],"line":123},"16":{"loc":{"start":{"line":136,"column":6},"end":{"line":146,"column":7}},"type":"if","locations":[{"start":{"line":136,"column":6},"end":{"line":146,"column":7}},{"start":{"line":136,"column":6},"end":{"line":146,"column":7}}],"line":136},"17":{"loc":{"start":{"line":137,"column":19},"end":{"line":137,"column":50}},"type":"cond-expr","locations":[{"start":{"line":137,"column":38},"end":{"line":137,"column":42}},{"start":{"line":137,"column":45},"end":{"line":137,"column":50}}],"line":137},"18":{"loc":{"start":{"line":148,"column":6},"end":{"line":159,"column":7}},"type":"if","locations":[{"start":{"line":148,"column":6},"end":{"line":159,"column":7}},{"start":{"line":148,"column":6},"end":{"line":159,"column":7}}],"line":148},"19":{"loc":{"start":{"line":149,"column":19},"end":{"line":149,"column":67}},"type":"cond-expr","locations":[{"start":{"line":149,"column":55},"end":{"line":149,"column":59}},{"start":{"line":149,"column":62},"end":{"line":149,"column":67}}],"line":149},"20":{"loc":{"start":{"line":161,"column":6},"end":{"line":191,"column":7}},"type":"if","locations":[{"start":{"line":161,"column":6},"end":{"line":191,"column":7}},{"start":{"line":161,"column":6},"end":{"line":191,"column":7}}],"line":161},"21":{"loc":{"start":{"line":162,"column":19},"end":{"line":162,"column":67}},"type":"cond-expr","locations":[{"start":{"line":162,"column":55},"end":{"line":162,"column":59}},{"start":{"line":162,"column":62},"end":{"line":162,"column":67}}],"line":162}},"s":{"0":0,"1":0,"2":0,"3":0,"4":0,"5":0,"6":0,"7":0,"8":0,"9":0,"10":0,"11":0,"12":0,"13":0,"14":0,"15":0,"16":0,"17":0,"18":0,"19":0,"20":0,"21":0,"22":0,"23":0,"24":0,"25":0,"26":0,"27":0,"28":0,"29":0,"30":0,"31":0,"32":0,"33":0,"34":0,"35":0,"36":0,"37":0,"38":0,"39":0,"40":0,"41":0,"42":0,"43":0,"44":0,"45":0,"46":0,"47":0,"48":0,"49":0,"50":0,"51":0,"52":0,"53":0,"54":0,"55":0,"56":0,"57":0,"58":0,"59":0,"60":0,"61":0},"f":{"0":0,"1":0,"2":0,"3":0,"4":0,"5":0,"6":0,"7":0,"8":0},"b":{"0":[0,0],"1":[0,0],"2":[0,0],"3":[0,0],"4":[0,0],"5":[0,0],"6":[0,0],"7":[0,0],"8":[0,0],"9":[0,0],"10":[0,0],"11":[0,0],"12":[0,0],"13":[0,0],"14":[0,0],"15":[0,0],"16":[0,0],"17":[0,0],"18":[0,0],"19":[0,0],"20":[0,0],"21":[0,0]}}
,"C:\\Users\\Me\\source\\React-Dynamic-Json-Table\\src\\components\\dist\\children\\rows.js": {"path":"C:\\Users\\Me\\source\\React-Dynamic-Json-Table\\src\\components\\dist\\children\\rows.js","statementMap":{"0":{"start":{"line":3,"column":0},"end":{"line":5,"column":3}},"1":{"start":{"line":6,"column":0},"end":{"line":6,"column":25}},"2":{"start":{"line":8,"column":0},"end":{"line":8,"column":50}},"3":{"start":{"line":10,"column":15},"end":{"line":10,"column":45}},"4":{"start":{"line":12,"column":13},"end":{"line":12,"column":55}},"5":{"start":{"line":14,"column":13},"end":{"line":14,"column":53}},"6":{"start":{"line":16,"column":39},"end":{"line":16,"column":93}},"7":{"start":{"line":18,"column":13},"end":{"line":121,"column":1}},"8":{"start":{"line":23,"column":6},"end":{"line":23,"column":10}},"9":{"start":{"line":24,"column":18},"end":{"line":24,"column":37}},"10":{"start":{"line":25,"column":17},"end":{"line":25,"column":37}},"11":{"start":{"line":26,"column":25},"end":{"line":26,"column":53}},"12":{"start":{"line":27,"column":21},"end":{"line":27,"column":75}},"13":{"start":{"line":28,"column":19},"end":{"line":28,"column":88}},"14":{"start":{"line":29,"column":21},"end":{"line":29,"column":46}},"15":{"start":{"line":32,"column":22},"end":{"line":32,"column":24}},"16":{"start":{"line":33,"column":4},"end":{"line":39,"column":7}},"17":{"start":{"line":34,"column":20},"end":{"line":34,"column":51}},"18":{"start":{"line":36,"column":6},"end":{"line":38,"column":7}},"19":{"start":{"line":37,"column":8},"end":{"line":37,"column":26}},"20":{"start":{"line":40,"column":26},"end":{"line":40,"column":72}},"21":{"start":{"line":42,"column":4},"end":{"line":85,"column":5}},"22":{"start":{"line":49,"column":6},"end":{"line":84,"column":7}},"23":{"start":{"line":50,"column":8},"end":{"line":55,"column":11}},"24":{"start":{"line":56,"column":8},"end":{"line":56,"column":46}},"25":{"start":{"line":57,"column":8},"end":{"line":62,"column":11}},"26":{"start":{"line":63,"column":8},"end":{"line":63,"column":15}},"27":{"start":{"line":65,"column":8},"end":{"line":83,"column":9}},"28":{"start":{"line":68,"column":10},"end":{"line":68,"column":67}},"29":{"start":{"line":70,"column":10},"end":{"line":75,"column":13}},"30":{"start":{"line":76,"column":10},"end":{"line":76,"column":48}},"31":{"start":{"line":77,"column":10},"end":{"line":82,"column":13}},"32":{"start":{"line":88,"column":21},"end":{"line":118,"column":3}},"33":{"start":{"line":89,"column":4},"end":{"line":117,"column":7}},"34":{"start":{"line":90,"column":20},"end":{"line":90,"column":51}},"35":{"start":{"line":92,"column":6},"end":{"line":116,"column":7}},"36":{"start":{"line":93,"column":8},"end":{"line":103,"column":12}},"37":{"start":{"line":105,"column":8},"end":{"line":115,"column":12}},"38":{"start":{"line":120,"column":2},"end":{"line":120,"column":22}},"39":{"start":{"line":123,"column":15},"end":{"line":123,"column":19}},"40":{"start":{"line":124,"column":0},"end":{"line":124,"column":27}}},"fnMap":{"0":{"name":"_interopRequireDefault","decl":{"start":{"line":16,"column":9},"end":{"line":16,"column":31}},"loc":{"start":{"line":16,"column":37},"end":{"line":16,"column":95}},"line":16},"1":{"name":"(anonymous_1)","decl":{"start":{"line":18,"column":13},"end":{"line":18,"column":14}},"loc":{"start":{"line":18,"column":21},"end":{"line":121,"column":1}},"line":18},"2":{"name":"handleRowClick","decl":{"start":{"line":31,"column":11},"end":{"line":31,"column":25}},"loc":{"start":{"line":31,"column":29},"end":{"line":86,"column":3}},"line":31},"3":{"name":"(anonymous_3)","decl":{"start":{"line":33,"column":23},"end":{"line":33,"column":24}},"loc":{"start":{"line":33,"column":30},"end":{"line":39,"column":5}},"line":33},"4":{"name":"(anonymous_4)","decl":{"start":{"line":88,"column":21},"end":{"line":88,"column":22}},"loc":{"start":{"line":88,"column":28},"end":{"line":118,"column":3}},"line":88},"5":{"name":"(anonymous_5)","decl":{"start":{"line":89,"column":26},"end":{"line":89,"column":27}},"loc":{"start":{"line":89,"column":42},"end":{"line":117,"column":5}},"line":89}},"branchMap":{"0":{"loc":{"start":{"line":16,"column":46},"end":{"line":16,"column":92}},"type":"cond-expr","locations":[{"start":{"line":16,"column":70},"end":{"line":16,"column":73}},{"start":{"line":16,"column":76},"end":{"line":16,"column":92}}],"line":16},"1":{"loc":{"start":{"line":16,"column":46},"end":{"line":16,"column":67}},"type":"binary-expr","locations":[{"start":{"line":16,"column":46},"end":{"line":16,"column":49}},{"start":{"line":16,"column":53},"end":{"line":16,"column":67}}],"line":16},"2":{"loc":{"start":{"line":24,"column":18},"end":{"line":24,"column":37}},"type":"binary-expr","locations":[{"start":{"line":24,"column":18},"end":{"line":24,"column":31}},{"start":{"line":24,"column":35},"end":{"line":24,"column":37}}],"line":24},"3":{"loc":{"start":{"line":25,"column":17},"end":{"line":25,"column":37}},"type":"binary-expr","locations":[{"start":{"line":25,"column":17},"end":{"line":25,"column":31}},{"start":{"line":25,"column":35},"end":{"line":25,"column":37}}],"line":25},"4":{"loc":{"start":{"line":26,"column":25},"end":{"line":26,"column":53}},"type":"binary-expr","locations":[{"start":{"line":26,"column":25},"end":{"line":26,"column":47}},{"start":{"line":26,"column":51},"end":{"line":26,"column":53}}],"line":26},"5":{"loc":{"start":{"line":28,"column":19},"end":{"line":28,"column":88}},"type":"cond-expr","locations":[{"start":{"line":28,"column":35},"end":{"line":28,"column":84}},{"start":{"line":28,"column":87},"end":{"line":28,"column":88}}],"line":28},"6":{"loc":{"start":{"line":29,"column":21},"end":{"line":29,"column":46}},"type":"binary-expr","locations":[{"start":{"line":29,"column":21},"end":{"line":29,"column":37}},{"start":{"line":29,"column":41},"end":{"line":29,"column":46}}],"line":29},"7":{"loc":{"start":{"line":36,"column":6},"end":{"line":38,"column":7}},"type":"if","locations":[{"start":{"line":36,"column":6},"end":{"line":38,"column":7}},{"start":{"line":36,"column":6},"end":{"line":38,"column":7}}],"line":36},"8":{"loc":{"start":{"line":42,"column":4},"end":{"line":85,"column":5}},"type":"if","locations":[{"start":{"line":42,"column":4},"end":{"line":85,"column":5}},{"start":{"line":42,"column":4},"end":{"line":85,"column":5}}],"line":42},"9":{"loc":{"start":{"line":49,"column":6},"end":{"line":84,"column":7}},"type":"if","locations":[{"start":{"line":49,"column":6},"end":{"line":84,"column":7}},{"start":{"line":49,"column":6},"end":{"line":84,"column":7}}],"line":49},"10":{"loc":{"start":{"line":65,"column":8},"end":{"line":83,"column":9}},"type":"if","locations":[{"start":{"line":65,"column":8},"end":{"line":83,"column":9}},{"start":{"line":65,"column":8},"end":{"line":83,"column":9}}],"line":65},"11":{"loc":{"start":{"line":65,"column":51},"end":{"line":65,"column":120}},"type":"binary-expr","locations":[{"start":{"line":65,"column":51},"end":{"line":65,"column":88}},{"start":{"line":65,"column":92},"end":{"line":65,"column":120}}],"line":65},"12":{"loc":{"start":{"line":92,"column":6},"end":{"line":116,"column":7}},"type":"if","locations":[{"start":{"line":92,"column":6},"end":{"line":116,"column":7}},{"start":{"line":92,"column":6},"end":{"line":116,"column":7}}],"line":92},"13":{"loc":{"start":{"line":92,"column":10},"end":{"line":92,"column":58}},"type":"binary-expr","locations":[{"start":{"line":92,"column":10},"end":{"line":92,"column":35}},{"start":{"line":92,"column":39},"end":{"line":92,"column":58}}],"line":92},"14":{"loc":{"start":{"line":95,"column":21},"end":{"line":95,"column":75}},"type":"cond-expr","locations":[{"start":{"line":95,"column":49},"end":{"line":95,"column":70}},{"start":{"line":95,"column":73},"end":{"line":95,"column":75}}],"line":95},"15":{"loc":{"start":{"line":107,"column":21},"end":{"line":107,"column":75}},"type":"cond-expr","locations":[{"start":{"line":107,"column":49},"end":{"line":107,"column":70}},{"start":{"line":107,"column":73},"end":{"line":107,"column":75}}],"line":107}},"s":{"0":0,"1":0,"2":0,"3":0,"4":0,"5":0,"6":0,"7":0,"8":0,"9":0,"10":0,"11":0,"12":0,"13":0,"14":0,"15":0,"16":0,"17":0,"18":0,"19":0,"20":0,"21":0,"22":0,"23":0,"24":0,"25":0,"26":0,"27":0,"28":0,"29":0,"30":0,"31":0,"32":0,"33":0,"34":0,"35":0,"36":0,"37":0,"38":0,"39":0,"40":0},"f":{"0":0,"1":0,"2":0,"3":0,"4":0,"5":0},"b":{"0":[0,0],"1":[0,0],"2":[0,0],"3":[0,0],"4":[0,0],"5":[0,0],"6":[0,0],"7":[0,0],"8":[0,0],"9":[0,0],"10":[0,0],"11":[0,0],"12":[0,0],"13":[0,0],"14":[0,0],"15":[0,0]}}
,"C:\\Users\\Me\\source\\React-Dynamic-Json-Table\\src\\components\\dist\\children\\thead.js": {"path":"C:\\Users\\Me\\source\\React-Dynamic-Json-Table\\src\\components\\dist\\children\\thead.js","statementMap":{"0":{"start":{"line":3,"column":0},"end":{"line":5,"column":3}},"1":{"start":{"line":6,"column":0},"end":{"line":6,"column":25}},"2":{"start":{"line":8,"column":13},"end":{"line":8,"column":38}},"3":{"start":{"line":10,"column":15},"end":{"line":10,"column":45}},"4":{"start":{"line":12,"column":13},"end":{"line":12,"column":53}},"5":{"start":{"line":14,"column":39},"end":{"line":14,"column":93}},"6":{"start":{"line":16,"column":14},"end":{"line":86,"column":1}},"7":{"start":{"line":20,"column":6},"end":{"line":20,"column":10}},"8":{"start":{"line":21,"column":18},"end":{"line":21,"column":31}},"9":{"start":{"line":22,"column":23},"end":{"line":22,"column":47}},"10":{"start":{"line":23,"column":18},"end":{"line":23,"column":54}},"11":{"start":{"line":24,"column":23},"end":{"line":24,"column":46}},"12":{"start":{"line":25,"column":22},"end":{"line":25,"column":44}},"13":{"start":{"line":26,"column":17},"end":{"line":26,"column":39}},"14":{"start":{"line":27,"column":21},"end":{"line":27,"column":39}},"15":{"start":{"line":29,"column":23},"end":{"line":83,"column":3}},"16":{"start":{"line":30,"column":4},"end":{"line":82,"column":7}},"17":{"start":{"line":33,"column":23},"end":{"line":33,"column":71}},"18":{"start":{"line":33,"column":46},"end":{"line":33,"column":55}},"19":{"start":{"line":34,"column":22},"end":{"line":34,"column":67}},"20":{"start":{"line":34,"column":45},"end":{"line":34,"column":66}},"21":{"start":{"line":35,"column":21},"end":{"line":35,"column":65}},"22":{"start":{"line":35,"column":43},"end":{"line":35,"column":64}},"23":{"start":{"line":37,"column":6},"end":{"line":39,"column":7}},"24":{"start":{"line":38,"column":8},"end":{"line":38,"column":20}},"25":{"start":{"line":41,"column":6},"end":{"line":54,"column":7}},"26":{"start":{"line":42,"column":8},"end":{"line":53,"column":11}},"27":{"start":{"line":46,"column":24},"end":{"line":51,"column":12}},"28":{"start":{"line":56,"column":6},"end":{"line":69,"column":7}},"29":{"start":{"line":57,"column":8},"end":{"line":68,"column":11}},"30":{"start":{"line":61,"column":24},"end":{"line":66,"column":12}},"31":{"start":{"line":71,"column":6},"end":{"line":81,"column":14}},"32":{"start":{"line":75,"column":22},"end":{"line":80,"column":10}},"33":{"start":{"line":85,"column":2},"end":{"line":85,"column":24}},"34":{"start":{"line":88,"column":15},"end":{"line":88,"column":20}},"35":{"start":{"line":89,"column":0},"end":{"line":89,"column":27}}},"fnMap":{"0":{"name":"_interopRequireDefault","decl":{"start":{"line":14,"column":9},"end":{"line":14,"column":31}},"loc":{"start":{"line":14,"column":37},"end":{"line":14,"column":95}},"line":14},"1":{"name":"(anonymous_1)","decl":{"start":{"line":16,"column":14},"end":{"line":16,"column":15}},"loc":{"start":{"line":16,"column":22},"end":{"line":86,"column":1}},"line":16},"2":{"name":"(anonymous_2)","decl":{"start":{"line":29,"column":23},"end":{"line":29,"column":24}},"loc":{"start":{"line":29,"column":29},"end":{"line":83,"column":3}},"line":29},"3":{"name":"(anonymous_3)","decl":{"start":{"line":30,"column":23},"end":{"line":30,"column":24}},"loc":{"start":{"line":30,"column":30},"end":{"line":82,"column":5}},"line":30},"4":{"name":"(anonymous_4)","decl":{"start":{"line":33,"column":41},"end":{"line":33,"column":42}},"loc":{"start":{"line":33,"column":46},"end":{"line":33,"column":55}},"line":33},"5":{"name":"(anonymous_5)","decl":{"start":{"line":34,"column":40},"end":{"line":34,"column":41}},"loc":{"start":{"line":34,"column":45},"end":{"line":34,"column":66}},"line":34},"6":{"name":"(anonymous_6)","decl":{"start":{"line":35,"column":38},"end":{"line":35,"column":39}},"loc":{"start":{"line":35,"column":43},"end":{"line":35,"column":64}},"line":35},"7":{"name":"(anonymous_7)","decl":{"start":{"line":46,"column":19},"end":{"line":46,"column":20}},"loc":{"start":{"line":46,"column":24},"end":{"line":51,"column":12}},"line":46},"8":{"name":"(anonymous_8)","decl":{"start":{"line":61,"column":19},"end":{"line":61,"column":20}},"loc":{"start":{"line":61,"column":24},"end":{"line":66,"column":12}},"line":61},"9":{"name":"(anonymous_9)","decl":{"start":{"line":75,"column":17},"end":{"line":75,"column":18}},"loc":{"start":{"line":75,"column":22},"end":{"line":80,"column":10}},"line":75}},"branchMap":{"0":{"loc":{"start":{"line":14,"column":46},"end":{"line":14,"column":92}},"type":"cond-expr","locations":[{"start":{"line":14,"column":70},"end":{"line":14,"column":73}},{"start":{"line":14,"column":76},"end":{"line":14,"column":92}}],"line":14},"1":{"loc":{"start":{"line":14,"column":46},"end":{"line":14,"column":67}},"type":"binary-expr","locations":[{"start":{"line":14,"column":46},"end":{"line":14,"column":49}},{"start":{"line":14,"column":53},"end":{"line":14,"column":67}}],"line":14},"2":{"loc":{"start":{"line":22,"column":23},"end":{"line":22,"column":47}},"type":"binary-expr","locations":[{"start":{"line":22,"column":23},"end":{"line":22,"column":41}},{"start":{"line":22,"column":45},"end":{"line":22,"column":47}}],"line":22},"3":{"loc":{"start":{"line":23,"column":18},"end":{"line":23,"column":54}},"type":"binary-expr","locations":[{"start":{"line":23,"column":18},"end":{"line":23,"column":48}},{"start":{"line":23,"column":52},"end":{"line":23,"column":54}}],"line":23},"4":{"loc":{"start":{"line":24,"column":23},"end":{"line":24,"column":46}},"type":"binary-expr","locations":[{"start":{"line":24,"column":23},"end":{"line":24,"column":40}},{"start":{"line":24,"column":44},"end":{"line":24,"column":46}}],"line":24},"5":{"loc":{"start":{"line":25,"column":22},"end":{"line":25,"column":44}},"type":"binary-expr","locations":[{"start":{"line":25,"column":22},"end":{"line":25,"column":38}},{"start":{"line":25,"column":42},"end":{"line":25,"column":44}}],"line":25},"6":{"loc":{"start":{"line":26,"column":17},"end":{"line":26,"column":39}},"type":"binary-expr","locations":[{"start":{"line":26,"column":17},"end":{"line":26,"column":33}},{"start":{"line":26,"column":37},"end":{"line":26,"column":39}}],"line":26},"7":{"loc":{"start":{"line":33,"column":23},"end":{"line":33,"column":71}},"type":"cond-expr","locations":[{"start":{"line":33,"column":59},"end":{"line":33,"column":63}},{"start":{"line":33,"column":66},"end":{"line":33,"column":71}}],"line":33},"8":{"loc":{"start":{"line":37,"column":6},"end":{"line":39,"column":7}},"type":"if","locations":[{"start":{"line":37,"column":6},"end":{"line":39,"column":7}},{"start":{"line":37,"column":6},"end":{"line":39,"column":7}}],"line":37},"9":{"loc":{"start":{"line":41,"column":6},"end":{"line":54,"column":7}},"type":"if","locations":[{"start":{"line":41,"column":6},"end":{"line":54,"column":7}},{"start":{"line":41,"column":6},"end":{"line":54,"column":7}}],"line":41},"10":{"loc":{"start":{"line":56,"column":6},"end":{"line":69,"column":7}},"type":"if","locations":[{"start":{"line":56,"column":6},"end":{"line":69,"column":7}},{"start":{"line":56,"column":6},"end":{"line":69,"column":7}}],"line":56}},"s":{"0":0,"1":0,"2":0,"3":0,"4":0,"5":0,"6":0,"7":0,"8":0,"9":0,"10":0,"11":0,"12":0,"13":0,"14":0,"15":0,"16":0,"17":0,"18":0,"19":0,"20":0,"21":0,"22":0,"23":0,"24":0,"25":0,"26":0,"27":0,"28":0,"29":0,"30":0,"31":0,"32":0,"33":0,"34":0,"35":0},"f":{"0":0,"1":0,"2":0,"3":0,"4":0,"5":0,"6":0,"7":0,"8":0,"9":0},"b":{"0":[0,0],"1":[0,0],"2":[0,0],"3":[0,0],"4":[0,0],"5":[0,0],"6":[0,0],"7":[0,0],"8":[0,0],"9":[0,0],"10":[0,0]}}
,"C:\\Users\\Me\\source\\React-Dynamic-Json-Table\\src\\components\\dist\\reducers\\actions.js": {"path":"C:\\Users\\Me\\source\\React-Dynamic-Json-Table\\src\\components\\dist\\reducers\\actions.js","statementMap":{"0":{"start":{"line":3,"column":0},"end":{"line":5,"column":3}},"1":{"start":{"line":6,"column":0},"end":{"line":6,"column":25}},"2":{"start":{"line":7,"column":16},"end":{"line":36,"column":1}},"3":{"start":{"line":37,"column":0},"end":{"line":37,"column":26}}},"fnMap":{},"branchMap":{},"s":{"0":0,"1":0,"2":0,"3":0},"f":{},"b":{}}
,"C:\\Users\\Me\\source\\React-Dynamic-Json-Table\\src\\components\\dist\\reducers\\tableReducer.js": {"path":"C:\\Users\\Me\\source\\React-Dynamic-Json-Table\\src\\components\\dist\\reducers\\tableReducer.js","statementMap":{"0":{"start":{"line":3,"column":0},"end":{"line":5,"column":3}},"1":{"start":{"line":6,"column":0},"end":{"line":6,"column":30}},"2":{"start":{"line":8,"column":0},"end":{"line":8,"column":47}},"3":{"start":{"line":10,"column":0},"end":{"line":10,"column":59}},"4":{"start":{"line":12,"column":0},"end":{"line":12,"column":45}},"5":{"start":{"line":14,"column":0},"end":{"line":14,"column":47}},"6":{"start":{"line":16,"column":0},"end":{"line":16,"column":44}},"7":{"start":{"line":18,"column":0},"end":{"line":18,"column":49}},"8":{"start":{"line":20,"column":13},"end":{"line":20,"column":38}},"9":{"start":{"line":22,"column":15},"end":{"line":22,"column":35}},"10":{"start":{"line":24,"column":54},"end":{"line":24,"column":73}},"11":{"start":{"line":24,"column":75},"end":{"line":24,"column":330}},"12":{"start":{"line":24,"column":125},"end":{"line":24,"column":161}},"13":{"start":{"line":24,"column":163},"end":{"line":24,"column":296}},"14":{"start":{"line":24,"column":185},"end":{"line":24,"column":294}},"15":{"start":{"line":24,"column":227},"end":{"line":24,"column":290}},"16":{"start":{"line":24,"column":297},"end":{"line":24,"column":328}},"17":{"start":{"line":24,"column":331},"end":{"line":24,"column":343}},"18":{"start":{"line":26,"column":33},"end":{"line":26,"column":517}},"19":{"start":{"line":26,"column":46},"end":{"line":26,"column":47}},"20":{"start":{"line":26,"column":91},"end":{"line":26,"column":131}},"21":{"start":{"line":26,"column":133},"end":{"line":26,"column":515}},"22":{"start":{"line":26,"column":146},"end":{"line":26,"column":247}},"23":{"start":{"line":26,"column":201},"end":{"line":26,"column":243}},"24":{"start":{"line":26,"column":255},"end":{"line":26,"column":515}},"25":{"start":{"line":26,"column":295},"end":{"line":26,"column":369}},"26":{"start":{"line":26,"column":379},"end":{"line":26,"column":513}},"27":{"start":{"line":26,"column":428},"end":{"line":26,"column":509}},"28":{"start":{"line":26,"column":518},"end":{"line":26,"column":532}},"29":{"start":{"line":28,"column":44},"end":{"line":28,"column":195}},"30":{"start":{"line":28,"column":62},"end":{"line":28,"column":166}},"31":{"start":{"line":28,"column":176},"end":{"line":28,"column":193}},"32":{"start":{"line":28,"column":196},"end":{"line":28,"column":207}},"33":{"start":{"line":30,"column":21},"end":{"line":349,"column":1}},"34":{"start":{"line":32,"column":19},"end":{"line":34,"column":3}},"35":{"start":{"line":33,"column":4},"end":{"line":33,"column":75}},"36":{"start":{"line":36,"column":20},"end":{"line":56,"column":3}},"37":{"start":{"line":37,"column":4},"end":{"line":44,"column":5}},"38":{"start":{"line":38,"column":6},"end":{"line":38,"column":37}},"39":{"start":{"line":39,"column":6},"end":{"line":39,"column":43}},"40":{"start":{"line":40,"column":6},"end":{"line":40,"column":41}},"41":{"start":{"line":41,"column":6},"end":{"line":41,"column":47}},"42":{"start":{"line":42,"column":6},"end":{"line":42,"column":41}},"43":{"start":{"line":43,"column":6},"end":{"line":43,"column":37}},"44":{"start":{"line":46,"column":12},"end":{"line":46,"column":54}},"45":{"start":{"line":47,"column":4},"end":{"line":47,"column":44}},"46":{"start":{"line":48,"column":4},"end":{"line":48,"column":27}},"47":{"start":{"line":49,"column":4},"end":{"line":49,"column":31}},"48":{"start":{"line":50,"column":4},"end":{"line":50,"column":27}},"49":{"start":{"line":51,"column":4},"end":{"line":51,"column":25}},"50":{"start":{"line":52,"column":4},"end":{"line":52,"column":28}},"51":{"start":{"line":53,"column":4},"end":{"line":53,"column":36}},"52":{"start":{"line":54,"column":4},"end":{"line":54,"column":36}},"53":{"start":{"line":55,"column":4},"end":{"line":55,"column":37}},"54":{"start":{"line":58,"column":2},"end":{"line":348,"column":3}},"55":{"start":{"line":60,"column":6},"end":{"line":60,"column":18}},"56":{"start":{"line":61,"column":6},"end":{"line":61,"column":52}},"57":{"start":{"line":62,"column":6},"end":{"line":62,"column":56}},"58":{"start":{"line":64,"column":6},"end":{"line":68,"column":7}},"59":{"start":{"line":65,"column":8},"end":{"line":65,"column":81}},"60":{"start":{"line":67,"column":8},"end":{"line":67,"column":87}},"61":{"start":{"line":70,"column":6},"end":{"line":70,"column":38}},"62":{"start":{"line":73,"column":6},"end":{"line":73,"column":18}},"63":{"start":{"line":74,"column":6},"end":{"line":74,"column":51}},"64":{"start":{"line":75,"column":6},"end":{"line":75,"column":75}},"65":{"start":{"line":76,"column":6},"end":{"line":76,"column":23}},"66":{"start":{"line":78,"column":6},"end":{"line":82,"column":7}},"67":{"start":{"line":79,"column":8},"end":{"line":79,"column":71}},"68":{"start":{"line":81,"column":8},"end":
[...]
,"C:\\Users\\Me\\source\\React-Dynamic-Json-Table\\src\\components\\react-dj-table\\utils\\utils.js": {"path":"C:\\Users\\Me\\source\\React-Dynamic-Json-Table\\src\\components\\react-dj-table\\utils\\utils.js","statementMap":{"0":{"start":{"line":3,"column":12},"end":{"line":11,"column":3}},"1":{"start":{"line":4,"column":19},"end":{"line":8,"column":88}},"2":{"start":{"line":5,"column":6},"end":{"line":8,"column":88}},"3":{"start":{"line":8,"column":31},"end":{"line":8,"column":81}},"4":{"start":{"line":9,"column":19},"end":{"line":9,"column":60}},"5":{"start":{"line":10,"column":4},"end":{"line":10,"column":74}},"6":{"start":{"line":15,"column":2},"end":{"line":18,"column":5}},"7":{"start":{"line":16,"column":16},"end":{"line":16,"column":36}},"8":{"start":{"line":17,"column":6},"end":{"line":17,"column":40}},"9":{"start":{"line":22,"column":17},"end":{"line":24,"column":4}},"10":{"start":{"line":25,"column":2},"end":{"line":25,"column":27}},"11":{"start":{"line":30,"column":2},"end":{"line":30,"column":25}},"12":{"start":{"line":34,"column":4},"end":{"line":49,"column":6}},"13":{"start":{"line":35,"column":6},"end":{"line":37,"column":7}},"14":{"start":{"line":36,"column":8},"end":{"line":36,"column":17}},"15":{"start":{"line":39,"column":19},"end":{"line":39,"column":77}},"16":{"start":{"line":40,"column":19},"end":{"line":40,"column":77}},"17":{"start":{"line":42,"column":23},"end":{"line":42,"column":24}},"18":{"start":{"line":43,"column":6},"end":{"line":47,"column":7}},"19":{"start":{"line":44,"column":8},"end":{"line":44,"column":23}},"20":{"start":{"line":45,"column":13},"end":{"line":47,"column":7}},"21":{"start":{"line":46,"column":8},"end":{"line":46,"column":24}},"22":{"start":{"line":48,"column":6},"end":{"line":48,"column":61}},"23":{"start":{"line":57,"column":2},"end":{"line":59,"column":3}},"24":{"start":{"line":58,"column":6},"end":{"line":58,"column":17}},"25":{"start":{"line":61,"column":16},"end":{"line":61,"column":38}},"26":{"start":{"line":62,"column":2},"end":{"line":64,"column":3}},"27":{"start":{"line":63,"column":6},"end":{"line":63,"column":17}},"28":{"start":{"line":67,"column":2},"end":{"line":70,"column":3}},"29":{"start":{"line":68,"column":25},"end":{"line":68,"column":61}}},"fnMap":{"0":{"name":"(anonymous_0)","decl":{"start":{"line":3,"column":12},"end":{"line":3,"column":13}},"loc":{"start":{"line":3,"column":53},"end":{"line":11,"column":3}},"line":3},"1":{"name":"(anonymous_1)","decl":{"start":{"line":4,"column":19},"end":{"line":4,"column":20}},"loc":{"start":{"line":5,"column":6},"end":{"line":8,"column":88}},"line":5},"2":{"name":"(anonymous_2)","decl":{"start":{"line":8,"column":16},"end":{"line":8,"column":17}},"loc":{"start":{"line":8,"column":31},"end":{"line":8,"column":81}},"line":8},"3":{"name":"templateLiteral","decl":{"start":{"line":14,"column":9},"end":{"line":14,"column":24}},"loc":{"start":{"line":14,"column":49},"end":{"line":19,"column":1}},"line":14},"4":{"name":"(anonymous_4)","decl":{"start":{"line":15,"column":48},"end":{"line":15,"column":49}},"loc":{"start":{"line":15,"column":63},"end":{"line":18,"column":3}},"line":15},"5":{"name":"createMarkupLiteral","decl":{"start":{"line":21,"column":16},"end":{"line":21,"column":35}},"loc":{"start":{"line":21,"column":60},"end":{"line":26,"column":1}},"line":21},"6":{"name":"createMarkup","decl":{"start":{"line":29,"column":16},"end":{"line":29,"column":28}},"loc":{"start":{"line":29,"column":35},"end":{"line":31,"column":1}},"line":29},"7":{"name":"compareValues","decl":{"start":{"line":33,"column":17},"end":{"line":33,"column":30}},"loc":{"start":{"line":33,"column":51},"end":{"line":50,"column":1}},"line":33},"8":{"name":"innerSort","decl":{"start":{"line":34,"column":20},"end":{"line":34,"column":29}},"loc":{"start":{"line":34,"column":36},"end":{"line":49,"column":5}},"line":34},"9":{"name":"fuzzySearchMutipleWords","decl":{"start":{"line":52,"column":16},"end":{"line":52,"column":39}},"loc":{"start":{"line":56,"column":2},"end":{"line":71,"column":1}},"line":56},"10":{"name":"(anonymous_10)","decl":{"start":{"line":68,"column":6},"end":{"line":68,"column":7}},"loc":{"start":{"line":68,"column":25},"end":{"line":68,"column":61}},"line":68}},"branchMap":{"0":{"loc":{"start":{"line":3,"column":24},"end":{"line":3,"column":48}},"type":"default-arg","locations":[{"start":{"line":3,"column":39},"end":{"line":3,"column":48}}],"line":3},"1":{"loc":{"start":{"line":8,"column":31},"end":{"line":8,"column":81}},"type":"cond-expr","locations":[{"start":{"line":8,"column":67},"end":{"line":8,"column":75}},{"start":{"line":8,"column":78},"end":{"line":8,"column":81}}],"line":8},"2":{"loc":{"start":{"line":8,"column":31},"end":{"line":8,"column":64}},"type":"binary-expr","locations":[{"start":{"line":8,"column":31},"end":{"line":8,"column":43}},{"start":{"line":8,"column":47},"end":{"line":8,"column":64}}],"line":8},"3":{"loc":{"start":{"line":9,"column":19},"end":{"line":9,"column":60}},"type":"binary-expr","locations":[{"start":{"line":9,"column":19},"end":{"line":9,"column":37}},{"start":{"line":9,"column":41},"end":{"line":9,"column":60}}],"line":9},"4":{"loc":{"start":{"line":10,"column":11},"end":{"line":10,"column":73}},"type":"cond-expr","locations":[{"start":{"line":10,"column":52},"end":{"line":10,"column":64}},{"start":{"line":10,"column":67},"end":{"line":10,"column":73}}],"line":10},"5":{"loc":{"start":{"line":10,"column":11},"end":{"line":10,"column":49}},"type":"binary-expr","locations":[{"start":{"line":10,"column":11},"end":{"line":10,"column":31}},{"start":{"line":10,"column":35},"end":{"line":10,"column":49}}],"line":10},"6":{"loc":{"start":{"line":14,"column":35},"end":{"line":14,"column":47}},"type":"default-arg","locations":[{"start":{"line":14,"column":45},"end":{"line":14,"column":47}}],"line":14},"7":{"loc":{"start":{"line":17,"column":13},"end":{"line":17,"column":40}},"type":"cond-expr","locations":[{"start":{"line":17,"column":30},"end":{"line":17,"column":32}},{"start":{"line":17,"column":35},"end":{"line":17,"column":40}}],"line":17},"8":{"loc":{"start":{"line":33,"column":36},"end":{"line":33,"column":49}},"type":"default-arg","locations":[{"start":{"line":33,"column":44},"end":{"line":33,"column":49}}],"line":33},"9":{"loc":{"start":{"line":35,"column":6},"end":{"line":37,"column":7}},"type":"if","locations":[{"start":{"line":35,"column":6},"end":{"line":37,"column":7}},{"start":{"line":35,"column":6},"end":{"line":37,"column":7}}],"line":35},"10":{"loc":{"start":{"line":35,"column":10},"end":{"line":35,"column":58}},"type":"binary-expr","locations":[{"start":{"line":35,"column":10},"end":{"line":35,"column":32}},{"start":{"line":35,"column":36},"end":{"line":35,"column":58}}],"line":35},"11":{"loc":{"start":{"line":39,"column":19},"end":{"line":39,"column":77}},"type":"cond-expr","locations":[{"start":{"line":39,"column":48},"end":{"line":39,"column":68}},{"start":{"line":39,"column":71},"end":{"line":39,"column":77}}],"line":39},"12":{"loc":{"start":{"line":40,"column":19},"end":{"line":40,"column":77}},"type":"cond-expr","locations":[{"start":{"line":40,"column":48},"end":{"line":40,"column":68}},{"start":{"line":40,"column":71},"end":{"line":40,"column":77}}],"line":40},"13":{"loc":{"start":{"line":43,"column":6},"end":{"line":47,"column":7}},"type":"if","locations":[{"start":{"line":43,"column":6},"end":{"line":47,"column":7}},{"start":{"line":43,"column":6},"end":{"line":47,"column":7}}],"line":43},"14":{"loc":{"start":{"line":45,"column":13},"end":{"line":47,"column":7}},"type":"if","locations":[{"start":{"line":45,"column":13},"end":{"line":47,"column":7}},{"start":{"line":45,"column":13},"end":{"line":47,"column":7}}],"line":45},"15":{"loc":{"start":{"line":48,"column":13},"end":{"line":48,"column":60}},"type":"cond-expr","locations":[{"start":{"line":48,"column":32},"end":{"line":48,"column":47}},{"start":{"line":48,"column":50},"end":{"line":48,"column":60}}],"line":48},"16":{"loc":{"start":{"line":57,"column":2},"end":{"line":59,"column":3}},"type":"if","locations":[{"start":{"line":57,"column":2},"end":{"line":59,"column":3}},{"start":{"line":57,"column":2},"end":{"line":59,"column":3}}],"line":57},"17":{"loc":{"start":{"line":57,"column":6},"end":{"line":57,"column":41}},"type":"binary-expr","locations":[{"start":{"line":57,"column":6},"end":{"line":57,"column":18}},{"start":{"line":57,"column":22},"end":{"line":57,"column":41}}],"line":57},"18":{"loc":{"start":{"line":62,"column":2},"end":{"line":64,"column":3}},"type":"if","locations":[{"start":{"line":62,"column":2},"end":{"line":64,"column":3}},{"start":{"line":62,"column":2},"end":{"line":64,"column":3}}],"line":62}},"s":{"0":5,"1":0,"2":0,"3":0,"4":0,"5":0,"6":0,"7":0,"8":0,"9":0,"10":0,"11":4,"12":0,"13":0,"14":0,"15":0,"16":0,"17":0,"18":0,"19":0,"20":0,"21":0,"22":0,"23":0,"24":0,"25":0,"26":0,"27":0,"28":0,"29":0},"f":{"0":0,"1":0,"2":0,"3":0,"4":0,"5":0,"6":4,"7":0,"8":0,"9":0,"10":0},"b":{"0":[0],"1":[0,0],"2":[0,0],"3":[0,0],"4":[0,0],"5":[0,0],"6":[0],"7":[0,0],"8":[0],"9":[0,0],"10":[0,0],"11":[0,0],"12":[0,0],"13":[0,0],"14":[0,0],"15":[0,0],"16":[0,0],"17":[0,0],"18":[0,0]},"_coverageSchema":"1a1c01bbd47fc00a2c39e90264f33305004495a9","hash":"4bd8ec56e2ef083a2d8eefd6045b51fa5dcd8228"}
,"C:\\Users\\Me\\source\\React-Dynamic-Json-Table\\src\\helpers\\api.js": {"path":"C:\\Users\\Me\\source\\React-Dynamic-Json-Table\\src\\helpers\\api.js","statementMap":{"0":{"start":{"line":3,"column":12},"end":{"line":6,"column":4}},"1":{"start":{"line":9,"column":23},"end":{"line":9,"column":51}},"2":{"start":{"line":10,"column":22},"end":{"line":10,"column":45}}},"fnMap":{"0":{"name":"(anonymous_0)","decl":{"start":{"line":9,"column":13},"end":{"line":9,"column":14}},"loc":{"start":{"line":9,"column":23},"end":{"line":9,"column":51}},"line":9},"1":{"name":"(anonymous_1)","decl":{"start":{"line":10,"column":14},"end":{"line":10,"column":15}},"loc":{"start":{"line":10,"column":22},"end":{"line":10,"column":45}},"line":10}},"branchMap":{},"s":{"0":0,"1":0,"2":0},"f":{"0":0,"1":0},"b":{}}
,"C:\\Users\\Me\\source\\React-Dynamic-Json-Table\\src\\pages\\advanced.js": {"path":"C:\\Users\\Me\\source\\React-Dynamic-Json-Table\\src\\pages\\advanced.js","statementMap":{"0":{"start":{"line":7,"column":17},"end":{"line":7,"column":21}},"1":{"start":{"line":8,"column":21},"end":{"line":8,"column":32}},"2":{"start":{"line":11,"column":20},"end":{"line":33,"column":5}},"3":{"start":{"line":35,"column":28},"end":{"line":35,"column":53}},"4":{"start":{"line":38,"column":42},"end":{"line":38,"column":60}},"5":{"start":{"line":41,"column":44},"end":{"line":41,"column":68}},"6":{"start":{"line":43,"column":27},"end":{"line":91,"column":5}},"7":{"start":{"line":44,"column":8},"end":{"line":44,"column":29}},"8":{"start":{"line":46,"column":8},"end":{"line":51,"column":9}},"9":{"start":{"line":47,"column":12},"end":{"line":47,"column":36}},"10":{"start":{"line":52,"column":8},"end":{"line":61,"column":9}},"11":{"start":{"line":53,"column":12},"end":{"line":53,"column":35}},"12":{"start":{"line":58,"column":12},"end":{"line":58,"column":165}},"13":{"start":{"line":59,"column":12},"end":{"line":59,"column":56}},"14":{"start":{"line":62,"column":8},"end":{"line":68,"column":9}},"15":{"start":{"line":63,"column":12},"end":{"line":63,"column":48}},"16":{"start":{"line":65,"column":12},"end":{"line":65,"column":53}},"17":{"start":{"line":70,"column":8},"end":{"line":77,"column":9}},"18":{"start":{"line":73,"column":12},"end":{"line":73,"column":31}},"19":{"start":{"line":78,"column":8},"end":{"line":83,"column":9}},"20":{"start":{"line":79,"column":12},"end":{"line":79,"column":31}},"21":{"start":{"line":82,"column":12},"end":{"line":82,"column":53}},"22":{"start":{"line":84,"column":8},"end":{"line":90,"column":9}},"23":{"start":{"line":85,"column":12},"end":{"line":85,"column":36}},"24":{"start":{"line":89,"column":12},"end":{"line":89,"column":74}},"25":{"start":{"line":93,"column":28},"end":{"line":116,"column":5}},"26":{"start":{"line":94,"column":24},"end":{"line":94,"column":44}},"27":{"start":{"line":95,"column":8},"end":{"line":98,"column":9}},"28":{"start":{"line":97,"column":12},"end":{"line":97,"column":37}},"29":{"start":{"line":99,"column":8},"end":{"line":104,"column":9}},"30":{"start":{"line":100,"column":12},"end":{"line":100,"column":46}},"31":{"start":{"line":101,"column":12},"end":{"line":101,"column":35}},"32":{"start":{"line":102,"column":12},"end":{"line":102,"column":37}},"33":{"start":{"line":103,"column":12},"end":{"line":103,"column":55}},"34":{"start":{"line":105,"column":8},"end":{"line":114,"column":9}},"35":{"start":{"line":106,"column":12},"end":{"line":106,"column":38}},"36":{"start":{"line":107,"column":12},"end":{"line":113,"column":13}},"37":{"start":{"line":108,"column":16},"end":{"line":108,"column":44}},"38":{"start":{"line":109,"column":16},"end":{"line":109,"column":34}},"39":{"start":{"line":111,"column":16},"end":{"line":111,"column":39}},"40":{"start":{"line":112,"column":16},"end":{"line":112,"column":29}},"41":{"start":{"line":117,"column":4},"end":{"line":135,"column":5}}},"fnMap":{"0":{"name":"Advanced","decl":{"start":{"line":10,"column":24},"end":{"line":10,"column":32}},"loc":{"start":{"line":10,"column":35},"end":{"line":136,"column":1}},"line":10},"1":{"name":"(anonymous_1)","decl":{"start":{"line":43,"column":27},"end":{"line":43,"column":28}},"loc":{"start":{"line":43,"column":66},"end":{"line":91,"column":5}},"line":43},"2":{"name":"(anonymous_2)","decl":{"start":{"line":93,"column":28},"end":{"line":93,"column":29}},"loc":{"start":{"line":93,"column":35},"end":{"line":116,"column":5}},"line":93}},"branchMap":{"0":{"loc":{"start":{"line":46,"column":8},"end":{"line":51,"column":9}},"type":"if","locations":[{"start":{"line":46,"column":8},"end":{"line":51,"column":9}},{"start":{"line":46,"column":8},"end":{"line":51,"column":9}}],"line":46},"1":{"loc":{"start":{"line":52,"column":8},"end":{"line":61,"column":9}},"type":"if","locations":[{"start":{"line":52,"column":8},"end":{"line":61,"column":9}},{"start":{"line":52,"column":8},"end":{"line":61,"column":9}}],"line":52},"2":{"loc":{"start":{"line":62,"column":8},"end":{"line":68,"column":9}},"type":"if","locations":[{"start":{"line":62,"column":8},"end":{"line":68,"column":9}},{"start":{"line":62,"column":8},"end":{"line":68,"column":9}}],"line":62},"3":{"loc":{"start":{"line":70,"column":8},"end":{"line":77,"column":9}},"type":"if","locations":[{"start":{"line":70,"column":8},"end":{"line":77,"column":9}},{"start":{"line":70,"column":8},"end":{"line":77,"column":9}}],"line":70},"4":{"loc":{"start":{"line":78,"column":8},"end":{"line":83,"column":9}},"type":"if","locations":[{"start":{"line":78,"column":8},"end":{"line":83,"column":9}},{"start":{"line":78,"column":8},"end":{"line":83,"column":9}}],"line":78},"5":{"loc":{"start":{"line":84,"column":8},"end":{"line":90,"column":9}},"type":"if","locations":[{"start":{"line":84,"column":8},"end":{"line":90,"column":9}},{"start":{"line":84,"column":8},"end":{"line":90,"column":9}}],"line":84},"6":{"loc":{"start":{"line":95,"column":8},"end":{"line":98,"column":9}},"type":"if","locations":[{"start":{"line":95,"column":8},"end":{"line":98,"column":9}},{"start":{"line":95,"column":8},"end":{"line":98,"column":9}}],"line":95},"7":{"loc":{"start":{"line":99,"column":8},"end":{"line":104,"column":9}},"type":"if","locations":[{"start":{"line":99,"column":8},"end":{"line":104,"column":9}},{"start":{"line":99,"column":8},"end":{"line":104,"column":9}}],"line":99},"8":{"loc":{"start":{"line":105,"column":8},"end":{"line":114,"column":9}},"type":"if","locations":[{"start":{"line":105,"column":8},"end":{"line":114,"column":9}},{"start":{"line":105,"column":8},"end":{"line":114,"column":9}}],"line":105},"9":{"loc":{"start":{"line":107,"column":12},"end":{"line":113,"column":13}},"type":"if","locations":[{"start":{"line":107,"column":12},"end":{"line":113,"column":13}},{"start":{"line":107,"column":12},"end":{"line":113,"column":13}}],"line":107}},"s":{"0":0,"1":0,"2":0,"3":0,"4":0,"5":0,"6":0,"7":0,"8":0,"9":0,"10":0,"11":0,"12":0,"13":0,"14":0,"15":0,"16":0,"17":0,"18":0,"19":0,"20":0,"21":0,"22":0,"23":0,"24":0,"25":0,"26":0,"27":0,"28":0,"29":0,"30":0,"31":0,"32":0,"33":0,"34":0,"35":0,"36":0,"37":0,"38":0,"39":0,"40":0,"41":0},"f":{"0":0,"1":0,"2":0},"b":{"0":[0,0],"1":[0,0],"2":[0,0],"3":[0,0],"4":[0,0],"5":[0,0],"6":[0,0],"7":[0,0],"8":[0,0],"9":[0,0]}}
,"C:\\Users\\Me\\source\\React-Dynamic-Json-Table\\src\\pages\\home.js": {"path":"C:\\Users\\Me\\source\\React-Dynamic-Json-Table\\src\\pages\\home.js","statementMap":{"0":{"start":{"line":7,"column":13},"end":{"line":60,"column":1}},"1":{"start":{"line":8,"column":15},"end":{"line":21,"column":3}},"2":{"start":{"line":24,"column":18},"end":{"line":40,"column":3}},"3":{"start":{"line":43,"column":15},"end":{"line":43,"column":27}},"4":{"start":{"line":45,"column":19},"end":{"line":48,"column":3}},"5":{"start":{"line":46,"column":4},"end":{"line":46,"column":20}},"6":{"start":{"line":51,"column":2},"end":{"line":53,"column":3}},"7":{"start":{"line":52,"column":4},"end":{"line":52,"column":80}},"8":{"start":{"line":54,"column":2},"end":{"line":59,"column":3}}},"fnMap":{"0":{"name":"(anonymous_0)","decl":{"start":{"line":7,"column":13},"end":{"line":7,"column":14}},"loc":{"start":{"line":7,"column":22},"end":{"line":60,"column":1}},"line":7},"1":{"name":"(anonymous_1)","decl":{"start":{"line":45,"column":19},"end":{"line":45,"column":20}},"loc":{"start":{"line":45,"column":28},"end":{"line":48,"column":3}},"line":45}},"branchMap":{"0":{"loc":{"start":{"line":51,"column":2},"end":{"line":53,"column":3}},"type":"if","locations":[{"start":{"line":51,"column":2},"end":{"line":53,"column":3}},{"start":{"line":51,"column":2},"end":{"line":53,"column":3}}],"line":51}},"s":{"0":0,"1":0,"2":0,"3":0,"4":0,"5":0,"6":0,"7":0,"8":0},"f":{"0":0,"1":0},"b":{"0":[0,0]}}
,"C:\\Users\\Me\\source\\React-Dynamic-Json-Table\\src\\pages\\components\\banner.js": {"path":"C:\\Users\\Me\\source\\React-Dynamic-Json-Table\\src\\pages\\components\\banner.js","statementMap":{"0":{"start":{"line":4,"column":15},"end":{"line":39,"column":1}},"1":{"start":{"line":5,"column":4},"end":{"line":38,"column":5}}},"fnMap":{"0":{"name":"(anonymous_0)","decl":{"start":{"line":4,"column":15},"end":{"line":4,"column":16}},"loc":{"start":{"line":4,"column":24},"end":{"line":39,"column":1}},"line":4}},"branchMap":{},"s":{"0":0,"1":0},"f":{"0":0},"b":{}}
,"C:\\Users\\Me\\source\\React-Dynamic-Json-Table\\src\\pages\\menu\\topMenu.js": {"path":"C:\\Users\\Me\\source\\React-Dynamic-Json-Table\\src\\pages\\menu\\topMenu.js","statementMap":{"0":{"start":{"line":6,"column":16},"end":{"line":24,"column":1}},"1":{"start":{"line":8,"column":4},"end":{"line":23,"column":5}}},"fnMap":{"0":{"name":"(anonymous_0)","decl":{"start":{"line":6,"column":16},"end":{"line":6,"column":17}},"loc":{"start":{"line":6,"column":25},"end":{"line":24,"column":1}},"line":6}},"branchMap":{},"s":{"0":0,"1":0},"f":{"0":0},"b":{}}
}
