TN:
SF:src\components\react-dj-table\index.js
FN:13,(anonymous_0)
FN:37,(anonymous_1)
FN:53,(anonymous_2)
FN:62,(anonymous_3)
FNF:4
FNH:4
FNDA:37,(anonymous_0)
FNDA:35,(anonymous_1)
FNDA:11,(anonymous_2)
FNDA:8,(anonymous_3)
DA:13,7
DA:15,37
DA:16,37
DA:17,37
DA:18,37
DA:19,37
DA:20,37
DA:21,37
DA:22,37
DA:23,37
DA:24,37
DA:25,37
DA:26,37
DA:27,37
DA:28,37
DA:29,37
DA:30,37
DA:31,0
DA:33,37
DA:34,37
DA:35,37
DA:37,37
DA:38,35
DA:41,37
DA:42,35
DA:44,37
DA:46,37
DA:51,37
DA:53,37
DA:54,11
DA:55,11
DA:59,37
DA:60,37
DA:61,37
DA:62,37
DA:64,8
DA:65,8
DA:66,0
DA:71,37
DA:111,7
DA:122,7
LF:41
LH:39
BRDA:15,0,0,37
BRDA:15,0,1,0
BRDA:16,1,0,37
BRDA:16,1,1,0
BRDA:18,2,0,37
BRDA:18,2,1,37
BRDA:20,3,0,37
BRDA:20,3,1,37
BRDA:23,4,0,37
BRDA:23,4,1,37
BRDA:24,5,0,37
BRDA:24,5,1,20
BRDA:26,6,0,37
BRDA:26,6,1,2
BRDA:27,7,0,37
BRDA:27,7,1,37
BRDA:28,8,0,37
BRDA:28,8,1,2
BRDA:30,9,0,0
BRDA:30,9,1,37
BRDA:33,10,0,37
BRDA:33,10,1,37
BRDA:34,11,0,37
BRDA:34,11,1,37
BRDA:41,12,0,35
BRDA:41,12,1,2
BRDA:42,13,0,35
BRDA:42,13,1,0
BRDA:59,14,0,37
BRDA:59,14,1,37
BRDA:61,15,0,37
BRDA:61,15,1,37
BRDA:64,16,0,8
BRDA:64,16,1,0
BRDA:65,17,0,0
BRDA:65,17,1,8
BRDA:76,18,0,37
BRDA:76,18,1,0
BRDA:89,19,0,37
BRDA:89,19,1,0
BRDA:98,20,0,37
BRDA:98,20,1,35
BRDA:105,21,0,37
BRDA:105,21,1,35
BRF:44
BRH:36
end_of_record
TN:
SF:src\components\react-dj-table\children\cells.js
FN:19,(anonymous_0)
FN:29,(anonymous_1)
FN:42,(anonymous_2)
FN:43,(anonymous_3)
FN:45,(anonymous_4)
FN:49,(anonymous_5)
FN:51,(anonymous_6)
FN:58,(anonymous_7)
FNF:8
FNH:5
FNDA:289,(anonymous_0)
FNDA:1,(anonymous_1)
FNDA:289,(anonymous_2)
FNDA:2308,(anonymous_3)
FNDA:0,(anonymous_4)
FNDA:0,(anonymous_5)
FNDA:2040,(anonymous_6)
FNDA:0,(anonymous_7)
DA:19,9
DA:20,289
DA:21,289
DA:22,289
DA:23,289
DA:24,289
DA:25,289
DA:26,289
DA:27,289
DA:28,289
DA:29,289
DA:31,1
DA:32,1
DA:33,0
DA:34,0
DA:37,1
DA:38,1
DA:42,289
DA:43,289
DA:45,2308
DA:47,2308
DA:49,2308
DA:51,2308
DA:53,2308
DA:56,2308
DA:57,56
DA:58,56
DA:60,56
DA:61,0
DA:64,56
DA:65,0
DA:68,56
DA:69,7
DA:72,49
DA:73,0
DA:76,49
DA:77,7
DA:80,42
DA:85,2252
DA:86,0
DA:92,2252
DA:93,0
DA:97,2252
DA:98,283
DA:105,1969
DA:106,0
DA:113,1969
DA:114,248
DA:119,1721
DA:123,289
DA:125,9
DA:135,9
LF:52
LH:44
BRDA:21,0,0,289
BRDA:21,0,1,289
BRDA:23,1,0,289
BRDA:23,1,1,289
BRDA:24,2,0,289
BRDA:24,2,1,289
BRDA:25,3,0,289
BRDA:25,3,1,34
BRDA:26,4,0,289
BRDA:26,4,1,289
BRDA:27,5,0,289
BRDA:27,5,1,289
BRDA:32,6,0,0
BRDA:32,6,1,1
BRDA:45,7,0,0
BRDA:45,7,1,2308
BRDA:53,8,0,255
BRDA:53,8,1,2053
BRDA:56,9,0,56
BRDA:56,9,1,2252
BRDA:58,10,0,0
BRDA:58,10,1,56
BRDA:60,11,0,0
BRDA:60,11,1,56
BRDA:64,12,0,0
BRDA:64,12,1,56
BRDA:68,13,0,7
BRDA:68,13,1,49
BRDA:68,14,0,56
BRDA:68,14,1,7
BRDA:72,15,0,0
BRDA:72,15,1,49
BRDA:76,16,0,7
BRDA:76,16,1,42
BRDA:85,17,0,0
BRDA:85,17,1,2252
BRDA:92,18,0,0
BRDA:92,18,1,2252
BRDA:97,19,0,283
BRDA:97,19,1,1969
BRDA:97,20,0,2252
BRDA:97,20,1,283
BRDA:105,21,0,0
BRDA:105,21,1,1969
BRDA:113,22,0,248
BRDA:113,22,1,1721
BRF:46
BRH:37
end_of_record
TN:
SF:src\components\react-dj-table\children\crud.js
FN:4,Crud
FN:6,(anonymous_1)
FN:33,(anonymous_2)
FNF:3
FNH:3
FNDA:35,Crud
FNDA:5,(anonymous_1)
FNDA:35,(anonymous_2)
DA:6,35
DA:7,5
DA:8,5
DA:10,1
DA:11,1
DA:12,1
DA:14,1
DA:15,1
DA:16,1
DA:18,2
DA:19,2
DA:20,2
DA:22,1
DA:23,1
DA:24,1
DA:26,0
DA:27,0
DA:28,0
DA:30,0
DA:33,35
DA:34,35
DA:47,35
LF:22
LH:18
BRDA:8,0,0,1
BRDA:8,0,1,1
BRDA:8,0,2,2
BRDA:8,0,3,1
BRDA:8,0,4,0
BRDA:8,0,5,0
BRDA:37,1,0,35
BRDA:37,1,1,33
BRDA:40,2,0,35
BRDA:40,2,1,2
BRF:10
BRH:8
end_of_record
TN:
SF:src\components\react-dj-table\children\filterCols.js
FN:4,(anonymous_0)
FN:9,(anonymous_1)
FN:14,(anonymous_2)
FN:16,(anonymous_3)
FN:17,(anonymous_4)
FNF:5
FNH:3
FNDA:1,(anonymous_0)
FNDA:0,(anonymous_1)
FNDA:1,(anonymous_2)
FNDA:8,(anonymous_3)
FNDA:0,(anonymous_4)
DA:4,1
DA:5,1
DA:6,1
DA:7,1
DA:9,1
DA:10,0
DA:14,1
DA:16,1
DA:17,8
DA:19,8
DA:20,0
DA:25,8
DA:29,1
LF:13
LH:11
BRDA:6,0,0,1
BRDA:6,0,1,1
BRDA:17,1,0,0
BRDA:17,1,1,8
BRDA:19,2,0,0
BRDA:19,2,1,8
BRF:6
BRH:4
end_of_record
TN:
SF:src\components\react-dj-table\children\globalsearch.js
FN:4,GlobalSearch
FN:8,(anonymous_1)
FNF:2
FNH:1
FNDA:1,GlobalSearch
FNDA:0,(anonymous_1)
DA:6,1
DA:8,1
DA:9,0
DA:10,0
DA:12,1
LF:5
LH:3
BRF:0
BRH:0
end_of_record
TN:
SF:src\components\react-dj-table\children\pager.js
FN:5,Pager
FN:6,(anonymous_1)
FN:8,handlePagingClick
FN:12,(anonymous_3)
FN:22,(anonymous_4)
FN:30,(anonymous_5)
FN:61,(anonymous_6)
FN:66,(anonymous_7)
FNF:8
FNH:6
FNDA:36,Pager
FNDA:0,(anonymous_1)
FNDA:6,handlePagingClick
FNDA:1,(anonymous_3)
FNDA:0,(anonymous_4)
FNDA:36,(anonymous_5)
FNDA:36,(anonymous_6)
FNDA:144,(anonymous_7)
DA:6,36
DA:9,6
DA:10,6
DA:12,36
DA:13,1
DA:14,1
DA:15,1
DA:16,1
DA:17,1
DA:20,1
DA:22,36
DA:23,0
DA:24,0
DA:25,0
DA:26,0
DA:30,36
DA:31,36
DA:32,36
DA:34,17
DA:35,17
DA:36,17
DA:39,36
DA:40,36
DA:43,36
DA:44,0
DA:47,36
DA:48,0
DA:51,36
DA:52,0
DA:55,36
DA:56,0
DA:58,36
DA:61,36
DA:62,36
DA:66,36
DA:67,144
DA:68,144
DA:70,144
DA:71,36
DA:72,36
DA:78,108
DA:79,36
DA:80,36
DA:84,72
DA:85,36
DA:86,36
DA:91,36
DA:92,36
DA:93,36
DA:108,0
DA:112,36
LF:51
LH:42
BRDA:16,0,0,1
BRDA:16,0,1,0
BRDA:16,1,0,1
BRDA:16,1,1,1
BRDA:25,2,0,0
BRDA:25,2,1,0
BRDA:25,3,0,0
BRDA:25,3,1,0
BRDA:32,4,0,17
BRDA:32,4,1,19
BRDA:32,5,0,36
BRDA:32,5,1,19
BRDA:35,6,0,17
BRDA:35,6,1,0
BRDA:39,7,0,36
BRDA:39,7,1,0
BRDA:43,8,0,0
BRDA:43,8,1,36
BRDA:47,9,0,0
BRDA:47,9,1,36
BRDA:51,10,0,0
BRDA:51,10,1,36
BRDA:55,11,0,0
BRDA:55,11,1,36
BRDA:70,12,0,36
BRDA:70,12,1,108
BRDA:71,13,0,29
BRDA:71,13,1,7
BRDA:78,14,0,36
BRDA:78,14,1,72
BRDA:79,15,0,29
BRDA:79,15,1,7
BRDA:84,16,0,36
BRDA:84,16,1,36
BRDA:85,17,0,4
BRDA:85,17,1,32
BRDA:91,18,0,36
BRDA:91,18,1,0
BRDA:92,19,0,4
BRDA:92,19,1,32
BRF:40
BRH:28
end_of_record
TN:
SF:src\components\react-dj-table\children\rows.js
FN:5,(anonymous_0)
FN:13,handleRowClick
FN:15,(anonymous_2)
FN:54,(anonymous_3)
FN:55,(anonymous_4)
FNF:5
FNH:5
FNDA:38,(anonymous_0)
FNDA:3,handleRowClick
FNDA:31,(anonymous_2)
FNDA:38,(anonymous_3)
FNDA:288,(anonymous_4)
DA:5,8
DA:6,38
DA:7,38
DA:8,38
DA:9,38
DA:10,38
DA:11,38
DA:14,3
DA:15,3
DA:16,31
DA:17,31
DA:18,3
DA:22,3
DA:24,3
DA:31,3
DA:32,0
DA:33,0
DA:34,0
DA:35,0
DA:37,3
DA:40,1
DA:43,2
DA:44,2
DA:45,2
DA:54,38
DA:55,38
DA:56,288
DA:57,288
DA:58,7
DA:62,281
DA:70,38
LF:31
LH:27
BRDA:6,0,0,38
BRDA:6,0,1,0
BRDA:7,1,0,38
BRDA:7,1,1,38
BRDA:8,2,0,38
BRDA:8,2,1,38
BRDA:10,3,0,0
BRDA:10,3,1,38
BRDA:11,4,0,38
BRDA:11,4,1,3
BRDA:17,5,0,3
BRDA:17,5,1,28
BRDA:24,6,0,3
BRDA:24,6,1,0
BRDA:31,7,0,0
BRDA:31,7,1,3
BRDA:37,8,0,1
BRDA:37,8,1,2
BRDA:37,9,0,3
BRDA:37,9,1,0
BRDA:57,10,0,7
BRDA:57,10,1,281
BRDA:57,11,0,288
BRDA:57,11,1,7
BRDA:58,12,0,7
BRDA:58,12,1,0
BRDA:62,13,0,0
BRDA:62,13,1,281
BRF:28
BRH:21
end_of_record
TN:
SF:src\components\react-dj-table\children\thead.js
FN:6,(anonymous_0)
FN:14,(anonymous_1)
FN:15,(anonymous_2)
FN:19,(anonymous_3)
FN:20,(anonymous_4)
FN:21,(anonymous_5)
FN:29,(anonymous_6)
FN:32,(anonymous_7)
FN:35,(anonymous_8)
FNF:9
FNH:3
FNDA:38,(anonymous_0)
FNDA:38,(anonymous_1)
FNDA:304,(anonymous_2)
FNDA:0,(anonymous_3)
FNDA:0,(anonymous_4)
FNDA:0,(anonymous_5)
FNDA:0,(anonymous_6)
FNDA:0,(anonymous_7)
FNDA:0,(anonymous_8)
DA:6,8
DA:7,38
DA:8,38
DA:9,38
DA:10,38
DA:11,38
DA:12,38
DA:13,38
DA:14,38
DA:15,38
DA:19,304
DA:20,304
DA:21,304
DA:25,304
DA:26,0
DA:28,304
DA:29,0
DA:31,304
DA:32,0
DA:35,304
DA:39,38
LF:21
LH:18
BRDA:8,0,0,38
BRDA:8,0,1,38
BRDA:9,1,0,38
BRDA:9,1,1,0
BRDA:10,2,0,38
BRDA:10,2,1,38
BRDA:11,3,0,38
BRDA:11,3,1,38
BRDA:12,4,0,38
BRDA:12,4,1,38
BRDA:19,5,0,0
BRDA:19,5,1,304
BRDA:25,6,0,0
BRDA:25,6,1,304
BRDA:28,7,0,0
BRDA:28,7,1,304
BRDA:31,8,0,0
BRDA:31,8,1,304
BRF:18
BRH:13
end_of_record
TN:
SF:src\components\react-dj-table\reducers\actions.js
FNF:0
FNH:0
DA:1,13
LF:1
LH:1
BRF:0
BRH:0
end_of_record
TN:
SF:src\components\react-dj-table\reducers\tableReducer.js
FN:5,(anonymous_0)
FN:8,(anonymous_1)
FN:12,(anonymous_2)
FNF:3
FNH:3
FNDA:28,(anonymous_0)
FNDA:17,(anonymous_1)
FNDA:18,(anonymous_2)
DA:5,7
DA:8,28
DA:9,17
DA:12,28
DA:13,18
DA:14,0
DA:15,0
DA:17,18
DA:18,18
DA:19,18
DA:20,18
DA:21,18
DA:22,18
DA:23,18
DA:24,18
DA:25,18
DA:26,18
DA:29,28
DA:32,11
DA:33,11
DA:34,11
DA:35,11
DA:36,11
DA:37,11
DA:38,10
DA:40,11
DA:42,0
DA:43,0
DA:44,0
DA:45,0
DA:46,0
DA:47,0
DA:49,0
DA:51,0
DA:53,0
DA:54,0
DA:55,0
DA:56,0
DA:59,0
DA:61,0
DA:63,0
DA:64,0
DA:65,0
DA:66,0
DA:69,0
DA:70,0
DA:72,0
DA:74,1
DA:75,1
DA:76,1
DA:77,1
DA:78,1
DA:81,1
DA:82,1
DA:83,1
DA:84,1
DA:87,3
DA:88,3
DA:89,3
DA:90,3
DA:93,1
DA:94,1
DA:95,1
DA:96,1
DA:99,1
DA:100,1
DA:101,1
DA:102,1
DA:105,2
DA:106,2
DA:109,2
DA:110,2
DA:111,2
DA:112,2
DA:113,2
DA:116,1
DA:117,1
DA:118,1
DA:119,1
DA:120,1
DA:121,1
DA:123,1
DA:124,0
DA:126,1
DA:127,1
DA:130,0
DA:131,0
DA:132,0
DA:133,0
DA:134,0
DA:135,0
DA:136,0
DA:137,0
DA:139,0
DA:140,0
DA:142,0
DA:143,0
DA:144,0
DA:145,0
DA:146,0
DA:147,0
DA:149,0
DA:150,0
DA:152,0
DA:153,0
DA:155,0
DA:156,0
DA:158,0
DA:159,0
DA:161,0
DA:162,0
DA:163,0
DA:164,0
DA:165,0
DA:167,0
DA:169,0
DA:170,0
DA:174,1
DA:175,1
DA:176,1
DA:177,1
DA:178,1
DA:180,1
DA:181,1
DA:183,1
DA:184,1
DA:185,1
DA:186,1
DA:187,1
DA:188,1
DA:189,1
DA:190,1
DA:191,1
DA:192,1
DA:194,1
DA:195,1
DA:197,2
DA:198,2
DA:199,2
DA:200,2
DA:201,2
DA:202,2
DA:203,2
DA:204,2
DA:205,2
DA:206,2
DA:207,2
DA:209,2
DA:211,1
DA:212,1
DA:213,1
DA:215,0
DA:216,0
DA:217,0
DA:218,0
DA:220,1
DA:221,1
DA:222,1
DA:223,1
DA:225,0
DA:226,0
DA:227,0
DA:228,0
DA:229,0
DA:230,0
DA:231,0
DA:232,0
DA:233,0
DA:235,0
DA:236,0
DA:237,0
DA:238,0
DA:239,0
DA:240,0
DA:241,0
DA:242,0
DA:243,0
DA:245,0
DA:246,0
DA:247,0
DA:248,0
DA:249,0
DA:252,0
DA:253,0
DA:254,0
DA:255,0
DA:256,0
DA:257,0
DA:259,0
DA:261,0
LF:190
LH:99
BRDA:13,0,0,0
BRDA:13,0,1,18
BRDA:29,1,0,11
BRDA:29,1,1,0
BRDA:29,1,2,0
BRDA:29,1,3,1
BRDA:29,1,4,1
BRDA:29,1,5,3
BRDA:29,1,6,1
BRDA:29,1,7,1
BRDA:29,1,8,2
BRDA:29,1,9,2
BRDA:29,1,10,1
BRDA:29,1,11,0
BRDA:29,1,12,0
BRDA:29,1,13,0
BRDA:29,1,14,0
BRDA:29,1,15,1
BRDA:29,1,16,2
BRDA:29,1,17,1
BRDA:29,1,18,0
BRDA:29,1,19,1
BRDA:29,1,20,0
BRDA:29,1,21,0
BRDA:29,1,22,0
BRDA:29,1,23,0
BRDA:29,1,24,0
BRDA:35,2,0,11
BRDA:35,2,1,0
BRDA:36,3,0,11
BRDA:36,3,1,6
BRDA:37,4,0,10
BRDA:37,4,1,1
BRDA:38,5,0,10
BRDA:38,5,1,0
BRDA:38,6,0,10
BRDA:38,6,1,5
BRDA:46,7,0,0
BRDA:46,7,1,0
BRDA:47,8,0,0
BRDA:47,8,1,0
BRDA:55,9,0,0
BRDA:55,9,1,0
BRDA:63,10,0,0
BRDA:63,10,1,0
BRDA:94,11,0,0
BRDA:94,11,1,1
BRDA:100,12,0,0
BRDA:100,12,1,1
BRDA:120,13,0,1
BRDA:120,13,1,0
BRDA:123,14,0,0
BRDA:123,14,1,1
BRDA:146,15,0,0
BRDA:146,15,1,0
BRDA:149,16,0,0
BRDA:149,16,1,0
BRDA:156,17,0,0
BRDA:156,17,1,0
BRDA:158,18,0,0
BRDA:158,18,1,0
BRDA:163,19,0,0
BRDA:163,19,1,0
BRDA:165,20,0,0
BRDA:165,20,1,0
BRDA:169,21,0,0
BRDA:169,21,1,0
BRDA:178,22,0,1
BRDA:178,22,1,0
BRDA:202,23,0,2
BRDA:202,23,1,0
BRDA:235,24,0,0
BRDA:235,24,1,0
BRDA:245,25,0,0
BRDA:245,25,1,0
BRDA:247,26,0,0
BRDA:247,26,1,0
BRDA:247,27,0,0
BRDA:247,27,1,0
BRDA:248,28,0,0
BRDA:248,28,1,0
BRF:81
BRH:28
end_of_record
TN:
SF:src\components\react-dj-table\utils\utils.js
FN:3,(anonymous_0)
FN:4,(anonymous_1)
FN:8,(anonymous_2)
FN:14,templateLiteral
FN:15,(anonymous_4)
FN:21,createInsertRow
FN:23,(anonymous_6)
FN:24,(anonymous_7)
FN:47,createMarkupLiteral
FN:55,createMarkup
FN:59,compareValues
FN:60,innerSort
FN:78,fuzzySearchMutipleWords
FN:94,(anonymous_13)
FNF:14
FNH:8
FNDA:0,(anonymous_0)
FNDA:0,(anonymous_1)
FNDA:0,(anonymous_2)
FNDA:1,templateLiteral
FNDA:0,(anonymous_4)
FNDA:2,createInsertRow
FNDA:16,(anonymous_6)
FNDA:16,(anonymous_7)
FNDA:1,createMarkupLiteral
FNDA:145,createMarkup
FNDA:1,compareValues
FNDA:1,innerSort
FNDA:0,fuzzySearchMutipleWords
FNDA:0,(anonymous_13)
DA:3,12
DA:4,0
DA:5,0
DA:8,0
DA:9,0
DA:10,0
DA:15,1
DA:16,0
DA:17,0
DA:22,2
DA:23,2
DA:24,16
DA:25,16
DA:26,2
DA:29,16
DA:31,2
DA:32,2
DA:35,16
DA:36,4
DA:37,4
DA:40,16
DA:41,8
DA:43,16
DA:45,2
DA:48,1
DA:51,1
DA:56,145
DA:60,1
DA:61,1
DA:62,0
DA:65,1
DA:66,1
DA:68,1
DA:69,1
DA:70,1
DA:71,0
DA:72,0
DA:74,1
DA:83,0
DA:84,0
DA:87,0
DA:88,0
DA:89,0
DA:93,0
DA:94,0
LF:45
LH:28
BRDA:3,0,0,0
BRDA:8,1,0,0
BRDA:8,1,1,0
BRDA:8,2,0,0
BRDA:8,2,1,0
BRDA:9,3,0,0
BRDA:9,3,1,0
BRDA:10,4,0,0
BRDA:10,4,1,0
BRDA:10,5,0,0
BRDA:10,5,1,0
BRDA:14,6,0,0
BRDA:17,7,0,0
BRDA:17,7,1,0
BRDA:25,8,0,2
BRDA:25,8,1,14
BRDA:29,9,0,2
BRDA:29,9,1,14
BRDA:35,10,0,4
BRDA:35,10,1,12
BRDA:40,11,0,8
BRDA:40,11,1,8
BRDA:59,12,0,0
BRDA:61,13,0,0
BRDA:61,13,1,1
BRDA:61,14,0,1
BRDA:61,14,1,1
BRDA:65,15,0,1
BRDA:65,15,1,0
BRDA:66,16,0,1
BRDA:66,16,1,0
BRDA:69,17,0,1
BRDA:69,17,1,0
BRDA:71,18,0,0
BRDA:71,18,1,0
BRDA:74,19,0,0
BRDA:74,19,1,1
BRDA:83,20,0,0
BRDA:83,20,1,0
BRDA:83,21,0,0
BRDA:83,21,1,0
BRDA:88,22,0,0
BRDA:88,22,1,0
BRF:43
BRH:15
end_of_record
